#
# There is insufficient memory for the Java Runtime Environment to continue.
# Native memory allocation (mmap) failed to map 130023424 bytes for G1 virtual space
# Possible reasons:
#   The system is out of physical RAM or swap space
#   The process is running with CompressedOops enabled, and the Java Heap may be blocking the growth of the native heap
# Possible solutions:
#   Reduce memory load on the system
#   Increase physical memory or swap space
#   Check if swap backing store is full
#   Decrease Java heap size (-Xmx/-Xms)
#   Decrease number of Java threads
#   Decrease Java thread stack sizes (-Xss)
#   Set larger code cache with -XX:ReservedCodeCacheSize=
#   JVM is running with Unscaled Compressed Oops mode in which the Java heap is
#     placed in the first 4GB address space. The Java Heap base address is the
#     maximum limit for the native heap growth. Please use -XX:HeapBaseMinAddress
#     to set the Java Heap base and to place the Java Heap above 4GB virtual address.
# This output file may be truncated or incomplete.
#
#  Out of Memory Error (os_windows.cpp:3760), pid=4796, tid=8048
#
# JRE version:  (17.0.5+1) (build )
# Java VM: OpenJDK 64-Bit Server VM (17.0.5+1-b653.25, mixed mode, sharing, tiered, compressed oops, compressed class ptrs, g1 gc, windows-amd64)
# No core dump will be written. Minidumps are not enabled by default on client versions of Windows
#

---------------  S U M M A R Y ------------

Command Line: git4idea.http.GitAskPassApp Username for 'https://github.com': 

Host: 11th Gen Intel(R) Core(TM) i7-1165G7 @ 2.80GHz, 8 cores, 7G,  Windows 10 , 64 bit Build 19041 (10.0.19041.1202)
Time: Sat Jun 17 17:53:11 2023  Windows 10 , 64 bit Build 19041 (10.0.19041.1202) elapsed time: 0.015099 seconds (0d 0h 0m 0s)

---------------  T H R E A D  ---------------

Current thread (0x00000290e68a9a00):  JavaThread "Unknown thread" [_thread_in_vm, id=8048, stack(0x000000e935f00000,0x000000e936000000)]

Stack: [0x000000e935f00000,0x000000e936000000]
Native frames: (J=compiled Java code, j=interpreted, Vv=VM code, C=native code)
V  [jvm.dll+0x6830ca]
V  [jvm.dll+0x83f4c4]
V  [jvm.dll+0x840c6e]
V  [jvm.dll+0x8412d3]
V  [jvm.dll+0x2490b5]
V  [jvm.dll+0x67ff99]
V  [jvm.dll+0x6744aa]
V  [jvm.dll+0x308f2b]
V  [jvm.dll+0x3103e6]
V  [jvm.dll+0x36013e]
V  [jvm.dll+0x36036f]
V  [jvm.dll+0x2df018]
V  [jvm.dll+0x2dff84]
V  [jvm.dll+0x810d91]
V  [jvm.dll+0x36df31]
V  [jvm.dll+0x7f028c]
V  [jvm.dll+0x3f0cbf]
V  [jvm.dll+0x3f2801]
C  [jli.dll+0x526b]
C  [ucrtbase.dll+0x21bb2]
C  [KERNEL32.DLL+0x17034]
C  [ntdll.dll+0x52651]


---------------  P R O C E S S  ---------------

Threads class SMR info:
_java_thread_list=0x00007ffef3f68f98, length=0, elements={
}

Java Threads: ( => current thread )

Other Threads:
  0x00000290e6904c70 GCTaskThread "GC Thread#0" [stack: 0x000000e936000000,0x000000e936100000] [id=3840]
  0x00000290e6915230 ConcurrentGCThread "G1 Main Marker" [stack: 0x000000e936100000,0x000000e936200000] [id=2412]
  0x00000290e69163e0 ConcurrentGCThread "G1 Conc#0" [stack: 0x000000e936200000,0x000000e936300000] [id=7024]

[error occurred during error reporting (printing all threads), id 0xc0000005, EXCEPTION_ACCESS_VIOLATION (0xc0000005) at pc=0x00007ffef371fbd7]

VM state: not at safepoint (not fully initialized)

VM Mutex/Monitor currently owned by a thread:  ([mutex/lock_event])
[0x00000290e68a5860] Heap_lock - owner thread: 0x00000290e68a9a00

Heap address: 0x0000000084c00000, size: 1972 MB, Compressed Oops mode: 32-bit

CDS archive(s) mapped at: [0x0000000000000000-0x0000000000000000-0x0000000000000000), size 0, SharedBaseAddress: 0x0000000800000000, ArchiveRelocationMode: 0.
Narrow klass base: 0x0000000000000000, Narrow klass shift: 0, Narrow klass range: 0x0

GC Precious Log:
<Empty>

Heap:
 garbage-first heap   total 0K, used 0K [0x0000000084c00000, 0x0000000100000000)
  region size 1024K, 0 young (0K), 0 survivors (0K)

[error occurred during error reporting (printing heap information), id 0xc0000005, EXCEPTION_ACCESS_VIOLATION (0xc0000005) at pc=0x00007ffef3b0cd59]

GC Heap History (0 events):
No events

Dll operation events (1 events):
Event: 0.008 Loaded shared library C:\Users\Жанарбай\AppData\Local\JetBrains\IntelliJ IDEA Community Edition 2022.3.2\jbr\bin\java.dll

Deoptimization events (0 events):
No events

Classes unloaded (0 events):
No events

Classes redefined (0 events):
No events

Internal exceptions (0 events):
No events

VM Operations (0 events):
No events

Events (0 events):
No events


Dynamic libraries:
0x00007ff7dc5e0000 - 0x00007ff7dc5ea000 	C:\Users\Жанарбай\AppData\Local\JetBrains\IntelliJ IDEA Community Edition 2022.3.2\jbr\bin\java.exe
0x00007fff43990000 - 0x00007fff43b85000 	C:\Windows\SYSTEM32\ntdll.dll
0x00007fff41b00000 - 0x00007fff41bbe000 	C:\Windows\System32\KERNEL32.DLL
0x00007fff41210000 - 0x00007fff414d9000 	C:\Windows\System32\KERNELBASE.dll
0x00007fff41850000 - 0x00007fff41950000 	C:\Windows\System32\ucrtbase.dll
0x00007fff2bdc0000 - 0x00007fff2bdd7000 	C:\Users\Жанарбай\AppData\Local\JetBrains\IntelliJ IDEA Community Edition 2022.3.2\jbr\bin\jli.dll
0x00007fff20960000 - 0x00007fff2097b000 	C:\Users\Жанарбай\AppData\Local\JetBrains\IntelliJ IDEA Community Edition 2022.3.2\jbr\bin\VCRUNTIME140.dll
0x00007fff437a0000 - 0x00007fff43941000 	C:\Windows\System32\USER32.dll
0x00007fff416e0000 - 0x00007fff41702000 	C:\Windows\System32\win32u.dll
0x00007fff42390000 - 0x00007fff423bb000 	C:\Windows\System32\GDI32.dll
0x00007fff2b530000 - 0x00007fff2b7ca000 	C:\Windows\WinSxS\amd64_microsoft.windows.common-controls_6595b64144ccf1df_6.0.19041.1110_none_60b5254171f9507e\COMCTL32.dll
0x00007fff41100000 - 0x00007fff4120b000 	C:\Windows\System32\gdi32full.dll
0x00007fff41bf0000 - 0x00007fff41c8e000 	C:\Windows\System32\msvcrt.dll
0x00007fff41640000 - 0x00007fff416dd000 	C:\Windows\System32\msvcp_win.dll
0x00007fff41bc0000 - 0x00007fff41bf0000 	C:\Windows\System32\IMM32.DLL
0x00007fff36440000 - 0x00007fff3644c000 	C:\Users\Жанарбай\AppData\Local\JetBrains\IntelliJ IDEA Community Edition 2022.3.2\jbr\bin\vcruntime140_1.dll
0x00007ffef6150000 - 0x00007ffef61dd000 	C:\Users\Жанарбай\AppData\Local\JetBrains\IntelliJ IDEA Community Edition 2022.3.2\jbr\bin\msvcp140.dll
0x00007ffef3430000 - 0x00007ffef409b000 	C:\Users\Жанарбай\AppData\Local\JetBrains\IntelliJ IDEA Community Edition 2022.3.2\jbr\bin\server\jvm.dll
0x00007fff43420000 - 0x00007fff434cc000 	C:\Windows\System32\ADVAPI32.dll
0x00007fff42f00000 - 0x00007fff42f9b000 	C:\Windows\System32\sechost.dll
0x00007fff43670000 - 0x00007fff4379a000 	C:\Windows\System32\RPCRT4.dll
0x00007fff3a480000 - 0x00007fff3a48a000 	C:\Windows\SYSTEM32\VERSION.dll
0x00007fff24140000 - 0x00007fff24167000 	C:\Windows\SYSTEM32\WINMM.dll
0x00007fff24a30000 - 0x00007fff24a39000 	C:\Windows\SYSTEM32\WSOCK32.dll
0x00007fff42e10000 - 0x00007fff42e7b000 	C:\Windows\System32\WS2_32.dll
0x00007fff3f960000 - 0x00007fff3f972000 	C:\Windows\SYSTEM32\kernel.appcore.dll
0x00007fff3b550000 - 0x00007fff3b55a000 	C:\Users\Жанарбай\AppData\Local\JetBrains\IntelliJ IDEA Community Edition 2022.3.2\jbr\bin\jimage.dll
0x00007fff3eea0000 - 0x00007fff3f084000 	C:\Windows\SYSTEM32\DBGHELP.DLL
0x00007fff27950000 - 0x00007fff2797c000 	C:\Windows\SYSTEM32\dbgcore.DLL
0x00007fff417c0000 - 0x00007fff41843000 	C:\Windows\System32\bcryptPrimitives.dll
0x00007fff396d0000 - 0x00007fff396f5000 	C:\Users\Жанарбай\AppData\Local\JetBrains\IntelliJ IDEA Community Edition 2022.3.2\jbr\bin\java.dll

dbghelp: loaded successfully - version: 4.0.5 - missing functions: none
symbol engine: initialized successfully - sym options: 0x614 - pdb path: .;C:\Users\Жанарбай\AppData\Local\JetBrains\IntelliJ IDEA Community Edition 2022.3.2\jbr\bin;C:\Windows\SYSTEM32;C:\Windows\WinSxS\amd64_microsoft.windows.common-controls_6595b64144ccf1df_6.0.19041.1110_none_60b5254171f9507e;C:\Users\Жанарбай\AppData\Local\JetBrains\IntelliJ IDEA Community Edition 2022.3.2\jbr\bin\server

VM Arguments:
java_command: git4idea.http.GitAskPassApp Username for 'https://github.com': 
java_class_path (initial): C:/Users/Жанарбай/AppData/Local/JetBrains/IntelliJ IDEA Community Edition 2022.3.2/plugins/vcs-git/lib/git4idea-rt.jar;C:/Users/Жанарбай/AppData/Local/JetBrains/IntelliJ IDEA Community Edition 2022.3.2/lib/externalProcess-rt.jar;C:/Users/Жанарбай/AppData/Local/JetBrains/IntelliJ IDEA Community Edition 2022.3.2/lib/app.jar;C:/Users/Жанарбай/AppData/Local/JetBrains/IntelliJ IDEA Community Edition 2022.3.2/lib/3rd-party-rt.jar
Launcher Type: SUN_STANDARD

[Global flags]
     intx CICompilerCount                          = 4                                         {product} {ergonomic}
     uint ConcGCThreads                            = 2                                         {product} {ergonomic}
     uint G1ConcRefinementThreads                  = 8                                         {product} {ergonomic}
   size_t G1HeapRegionSize                         = 1048576                                   {product} {ergonomic}
    uintx GCDrainStackTargetSize                   = 64                                        {product} {ergonomic}
   size_t InitialHeapSize                          = 130023424                                 {product} {ergonomic}
   size_t MarkStackSize                            = 4194304                                   {product} {ergonomic}
   size_t MaxHeapSize                              = 2067791872                                {product} {ergonomic}
   size_t MinHeapDeltaBytes                        = 1048576                                   {product} {ergonomic}
   size_t MinHeapSize                              = 8388608                                   {product} {ergonomic}
    uintx NonNMethodCodeHeapSize                   = 5839372                                {pd product} {ergonomic}
    uintx NonProfiledCodeHeapSize                  = 122909434                              {pd product} {ergonomic}
    uintx ProfiledCodeHeapSize                     = 122909434                              {pd product} {ergonomic}
    uintx ReservedCodeCacheSize                    = 251658240                              {pd product} {ergonomic}
     bool SegmentedCodeCache                       = true                                      {product} {ergonomic}
   size_t SoftMaxHeapSize                          = 2067791872                             {manageable} {ergonomic}
     bool UseCompressedClassPointers               = true                           {product lp64_product} {ergonomic}
     bool UseCompressedOops                        = true                           {product lp64_product} {ergonomic}
     bool UseG1GC                                  = true                                      {product} {ergonomic}
     bool UseLargePagesIndividualAllocation        = false                                  {pd product} {ergonomic}

Logging:
Log output configuration:
 #0: stdout all=warning uptime,level,tags
 #1: stderr all=off uptime,level,tags

Environment Variables:
JAVA_HOME=C:\Program Files\Java\jdk-19
PATH=C:\Program Files\Git\mingw64\libexec\git-core;C:\Program Files\Git\mingw64\libexec\git-core;C:\Program Files\Git\mingw64\bin;C:\Program Files\Git\usr\bin;C:\Users\Жанарбай\bin;C:\Program Files\Common Files\Oracle\Java\javapath;C:\Windows\system32;C:\Windows;C:\Windows\System32\Wbem;C:\Windows\System32\WindowsPowerShell\v1.0;C:\Program Files\Git\cmd;C:\Program Files\Java\jdk-19\bin;C:\Program Files\nodejs;C:\Program Files\MySQL\MySQL Shell 8.0\bin;C:\Users\Жанарбай\AppData\Local\Microsoft\WindowsApps;C:\Users\Жанарбай\AppData\Local\Programs\Microsoft VS Code\bin;C:\Program Files\JetBrains\PyCharm Community Edition 2022.2.3\bin;C:\Users\Жанарбай\AppData\Local\GitHubDesktop\bin;C:\Users\Жанарбай\AppData\Roaming\npm;C:\Program Files\JetBrains\IntelliJ IDEA 2023.1.1\bin
USERNAME=Жанарбай
DISPLAY=:0.0
LC_ALL=en_US.UTF-8
TERM=xterm-256color
TMPDIR=C:\Users\46FB~1\AppData\Local\Temp
OS=Windows_NT
PROCESSOR_IDENTIFIER=Intel64 Family 6 Model 140 Stepping 1, GenuineIntel
TMP=C:\Users\46FB~1\AppData\Local\Temp
TEMP=C:\Users\46FB~1\AppData\Local\Temp



---------------  S Y S T E M  ---------------

OS:
 Windows 10 , 64 bit Build 19041 (10.0.19041.1202)
OS uptime: 0 days 4:16 hours

CPU: total 8 (initial active 8) (4 cores per cpu, 2 threads per core) family 6 model 140 stepping 1 microcode 0xa4, cx8, cmov, fxsr, ht, mmx, 3dnowpref, sse, sse2, sse3, ssse3, sse4.1, sse4.2, popcnt, lzcnt, tsc, tscinvbit, avx, avx2, aes, erms, clmul, bmi1, bmi2, adx, avx512f, avx512dq, avx512cd, avx512bw, avx512vl, sha, fma, vzeroupper, avx512_vpopcntdq, avx512_vpclmulqdq, avx512_vaes, avx512_vnni, clflush, clflushopt, clwb, avx512_vbmi2, avx512_vbmi

Memory: 4k page, system-wide physical 7883M (421M free)
TotalPageFile size 7883M (AvailPageFile size 110M)
current process WorkingSet (physical memory assigned to process): 10M, peak: 10M
current process commit charge ("private bytes"): 60M, peak: 184M

vm_info: OpenJDK 64-Bit Server VM (17.0.5+1-b653.25) for windows-amd64 JRE (17.0.5+1-b653.25), built on 2023-01-04 by "builduser" with MS VC++ 16.10 / 16.11 (VS2019)

END.
