#
# There is insufficient memory for the Java Runtime Environment to continue.
# Native memory allocation (malloc) failed to allocate 413296 bytes for Chunk::new
# Possible reasons:
#   The system is out of physical RAM or swap space
#   The process is running with CompressedOops enabled, and the Java Heap may be blocking the growth of the native heap
# Possible solutions:
#   Reduce memory load on the system
#   Increase physical memory or swap space
#   Check if swap backing store is full
#   Decrease Java heap size (-Xmx/-Xms)
#   Decrease number of Java threads
#   Decrease Java thread stack sizes (-Xss)
#   Set larger code cache with -XX:ReservedCodeCacheSize=
#   JVM is running with Unscaled Compressed Oops mode in which the Java heap is
#     placed in the first 4GB address space. The Java Heap base address is the
#     maximum limit for the native heap growth. Please use -XX:HeapBaseMinAddress
#     to set the Java Heap base and to place the Java Heap above 4GB virtual address.
# This output file may be truncated or incomplete.
#
#  Out of Memory Error (arena.cpp:184), pid=10764, tid=3476
#
# JRE version: Java(TM) SE Runtime Environment (19.0.2+7) (build 19.0.2+7-44)
# Java VM: Java HotSpot(TM) 64-Bit Server VM (19.0.2+7-44, mixed mode, sharing, tiered, compressed oops, compressed class ptrs, g1 gc, windows-amd64)
# No core dump will be written. Minidumps are not enabled by default on client versions of Windows
#

---------------  S U M M A R Y ------------

Command Line: -javaagent:C:\Users\Жанарбай\AppData\Local\JetBrains\IntelliJ IDEA Community Edition 2022.3.2\lib\idea_rt.jar=51922:C:\Users\Жанарбай\AppData\Local\JetBrains\IntelliJ IDEA Community Edition 2022.3.2\bin -Dfile.encoding=UTF-8 -Dsun.stdout.encoding=UTF-8 -Dsun.stderr.encoding=UTF-8 com.example.denSooluk.DenSoolukApplication

Host: 11th Gen Intel(R) Core(TM) i7-1165G7 @ 2.80GHz, 8 cores, 7G,  Windows 10 , 64 bit Build 19041 (10.0.19041.1202)
Time: Fri Jun 16 15:55:04 2023  Windows 10 , 64 bit Build 19041 (10.0.19041.1202) elapsed time: 5.959254 seconds (0d 0h 0m 5s)

---------------  T H R E A D  ---------------

Current thread (0x000002c022b89600):  JavaThread "C2 CompilerThread0" daemon [_thread_in_native, id=3476, stack(0x000000f464d00000,0x000000f464e00000)]


Current CompileTask:
C2:   5959 6771 % !   4       sun.net.www.ParseUtil::decode @ 70 (317 bytes)

Stack: [0x000000f464d00000,0x000000f464e00000]
Native frames: (J=compiled Java code, j=interpreted, Vv=VM code, C=native code)
V  [jvm.dll+0x6ee21a]
V  [jvm.dll+0x85765e]
V  [jvm.dll+0x85904e]
V  [jvm.dll+0x859703]
V  [jvm.dll+0x28298f]
V  [jvm.dll+0xc9adf]
V  [jvm.dll+0xc9e65]
V  [jvm.dll+0x3bca12]
V  [jvm.dll+0x3860e1]
V  [jvm.dll+0x38555a]
V  [jvm.dll+0x24c3d9]
V  [jvm.dll+0x24b781]
V  [jvm.dll+0x1d6ce1]
V  [jvm.dll+0x25b25a]
V  [jvm.dll+0x2596e8]
V  [jvm.dll+0x807588]
V  [jvm.dll+0x80125a]
V  [jvm.dll+0x6ecf0b]
C  [ucrtbase.dll+0x21bb2]
C  [KERNEL32.DLL+0x17034]
C  [ntdll.dll+0x52651]


---------------  P R O C E S S  ---------------

Threads class SMR info:
_java_thread_list=0x000002c027a90640, length=33, elements={
0x000002c022b82930, 0x000002c022b83610, 0x000002c022b86a50, 0x000002c022b87470,
0x000002c022b87e90, 0x000002c022b888b0, 0x000002c022b89600, 0x000002c022b931e0,
0x000002c022b9cdf0, 0x000002c026dd3ef0, 0x000002c0270d1210, 0x000002c0270d1750,
0x000002c0289ac3f0, 0x000002c0289ac940, 0x000002c0289ace90, 0x000002c0289a9ec0,
0x000002c0289aa410, 0x000002c0289aaeb0, 0x000002c02a3e8060, 0x000002c02a3ea040,
0x000002c02a3e95a0, 0x000002c02a3ee550, 0x000002c02a3ebad0, 0x000002c02a3e85b0,
0x000002c02a3ed010, 0x000002c02a3ec020, 0x000002c02a3eeaa0, 0x000002c02a3ed560,
0x000002c02a3ec570, 0x000002c02a3ee000, 0x000002c02a3ea590, 0x000002c02a3eeff0,
0x000002c02a3eb580
}

Java Threads: ( => current thread )
  0x000002c022b82930 JavaThread "Reference Handler" daemon [_thread_blocked, id=1528, stack(0x000000f464700000,0x000000f464800000)]
  0x000002c022b83610 JavaThread "Finalizer" daemon [_thread_blocked, id=2544, stack(0x000000f464800000,0x000000f464900000)]
  0x000002c022b86a50 JavaThread "Signal Dispatcher" daemon [_thread_blocked, id=260, stack(0x000000f464900000,0x000000f464a00000)]
  0x000002c022b87470 JavaThread "Attach Listener" daemon [_thread_blocked, id=3320, stack(0x000000f464a00000,0x000000f464b00000)]
  0x000002c022b87e90 JavaThread "Service Thread" daemon [_thread_blocked, id=8548, stack(0x000000f464b00000,0x000000f464c00000)]
  0x000002c022b888b0 JavaThread "Monitor Deflation Thread" daemon [_thread_blocked, id=4060, stack(0x000000f464c00000,0x000000f464d00000)]
=>0x000002c022b89600 JavaThread "C2 CompilerThread0" daemon [_thread_in_native, id=3476, stack(0x000000f464d00000,0x000000f464e00000)]
  0x000002c022b931e0 JavaThread "C1 CompilerThread0" daemon [_thread_in_native, id=7092, stack(0x000000f464e00000,0x000000f464f00000)]
  0x000002c022b9cdf0 JavaThread "Sweeper thread" daemon [_thread_blocked, id=4904, stack(0x000000f464f00000,0x000000f465000000)]
  0x000002c026dd3ef0 JavaThread "Common-Cleaner" daemon [_thread_blocked, id=9716, stack(0x000000f465000000,0x000000f465100000)]
  0x000002c0270d1210 JavaThread "Monitor Ctrl-Break" daemon [_thread_in_native, id=2852, stack(0x000000f465200000,0x000000f465300000)]
  0x000002c0270d1750 JavaThread "Notification Thread" daemon [_thread_blocked, id=10068, stack(0x000000f465300000,0x000000f465400000)]
  0x000002c0289ac3f0 JavaThread "Catalina-utility-1" [_thread_blocked, id=7988, stack(0x000000f465f00000,0x000000f466000000)]
  0x000002c0289ac940 JavaThread "Catalina-utility-2" [_thread_blocked, id=11232, stack(0x000000f466000000,0x000000f466100000)]
  0x000002c0289ace90 JavaThread "container-0" [_thread_blocked, id=3252, stack(0x000000f466100000,0x000000f466200000)]
  0x000002c0289a9ec0 JavaThread "PostgreSQL-JDBC-Cleaner" daemon [_thread_blocked, id=8996, stack(0x000000f466300000,0x000000f466400000)]
  0x000002c0289aa410 JavaThread "HikariPool-1 housekeeper" daemon [_thread_blocked, id=392, stack(0x000000f466400000,0x000000f466500000)]
  0x000002c0289aaeb0 JavaThread "HikariPool-1 connection adder" daemon [_thread_blocked, id=6148, stack(0x000000f466500000,0x000000f466600000)]
  0x000002c02a3e8060 JavaThread "File Watcher" daemon [_thread_blocked, id=11120, stack(0x000000f466600000,0x000000f466700000)]
  0x000002c02a3ea040 JavaThread "Live Reload Server" daemon [_thread_in_native, id=6924, stack(0x000000f466800000,0x000000f466900000)]
  0x000002c02a3e95a0 JavaThread "http-nio-808-exec-1" daemon [_thread_in_native, id=9324, stack(0x000000f466700000,0x000000f466800000)]
  0x000002c02a3ee550 JavaThread "http-nio-808-exec-2" daemon [_thread_blocked, id=10748, stack(0x000000f466900000,0x000000f466a00000)]
  0x000002c02a3ebad0 JavaThread "http-nio-808-exec-3" daemon [_thread_blocked, id=5556, stack(0x000000f466a00000,0x000000f466b00000)]
  0x000002c02a3e85b0 JavaThread "http-nio-808-exec-4" daemon [_thread_blocked, id=6928, stack(0x000000f466b00000,0x000000f466c00000)]
  0x000002c02a3ed010 JavaThread "http-nio-808-exec-5" daemon [_thread_blocked, id=10584, stack(0x000000f466c00000,0x000000f466d00000)]
  0x000002c02a3ec020 JavaThread "http-nio-808-exec-6" daemon [_thread_blocked, id=8896, stack(0x000000f466d00000,0x000000f466e00000)]
  0x000002c02a3eeaa0 JavaThread "http-nio-808-exec-7" daemon [_thread_blocked, id=3740, stack(0x000000f466e00000,0x000000f466f00000)]
  0x000002c02a3ed560 JavaThread "http-nio-808-exec-8" daemon [_thread_blocked, id=3632, stack(0x000000f466f00000,0x000000f467000000)]
  0x000002c02a3ec570 JavaThread "http-nio-808-exec-9" daemon [_thread_blocked, id=10224, stack(0x000000f467000000,0x000000f467100000)]
  0x000002c02a3ee000 JavaThread "http-nio-808-exec-10" daemon [_thread_blocked, id=9772, stack(0x000000f467100000,0x000000f467200000)]
  0x000002c02a3ea590 JavaThread "http-nio-808-Poller" daemon [_thread_in_native, id=3936, stack(0x000000f467200000,0x000000f467300000)]
  0x000002c02a3eeff0 JavaThread "http-nio-808-Acceptor" daemon [_thread_in_native, id=3992, stack(0x000000f467300000,0x000000f467400000)]
  0x000002c02a3eb580 JavaThread "DestroyJavaVM" [_thread_blocked, id=2076, stack(0x000000f464000000,0x000000f464100000)]

Other Threads:
  0x000002c022b66990 VMThread "VM Thread" [stack: 0x000000f464600000,0x000000f464700000] [id=2356]
  0x000002c0270d1ff0 WatcherThread "VM Periodic Task Thread" [stack: 0x000000f465400000,0x000000f465500000] [id=10604]
  0x000002c0045e7ac0 WorkerThread "GC Thread#0" [stack: 0x000000f464100000,0x000000f464200000] [id=5316]
  0x000002c027bf5570 WorkerThread "GC Thread#1" [stack: 0x000000f465700000,0x000000f465800000] [id=2572]
  0x000002c027be3380 WorkerThread "GC Thread#2" [stack: 0x000000f465800000,0x000000f465900000] [id=1568]
  0x000002c0277349d0 WorkerThread "GC Thread#3" [stack: 0x000000f465900000,0x000000f465a00000] [id=7272]
  0x000002c027734ca0 WorkerThread "GC Thread#4" [stack: 0x000000f465a00000,0x000000f465b00000] [id=9208]
  0x000002c027733bc0 WorkerThread "GC Thread#5" [stack: 0x000000f465b00000,0x000000f465c00000] [id=1320]
  0x000002c027733080 WorkerThread "GC Thread#6" [stack: 0x000000f465d00000,0x000000f465e00000] [id=6872]
  0x000002c027733620 WorkerThread "GC Thread#7" [stack: 0x000000f465e00000,0x000000f465f00000] [id=7432]
  0x000002c0045f7f40 ConcurrentGCThread "G1 Main Marker" [stack: 0x000000f464200000,0x000000f464300000] [id=10520]
  0x000002c0045f9a30 WorkerThread "G1 Conc#0" [stack: 0x000000f464300000,0x000000f464400000] [id=2868]
  0x000002c027734700 WorkerThread "G1 Conc#1" [stack: 0x000000f465c00000,0x000000f465d00000] [id=5364]
  0x000002c00464e670 ConcurrentGCThread "G1 Refine#0" [stack: 0x000000f464400000,0x000000f464500000] [id=5036]
  0x000002c022a203a0 ConcurrentGCThread "G1 Service" [stack: 0x000000f464500000,0x000000f464600000] [id=9228]

Threads with active compile tasks:
C2 CompilerThread0     5978 6771 % !   4       sun.net.www.ParseUtil::decode @ 70 (317 bytes)

VM state: not at safepoint (normal execution)

VM Mutex/Monitor currently owned by a thread:  ([mutex/lock_event])
[0x000002c004588940] CompiledIC_lock - owner thread: 0x0000000000000000

Heap address: 0x0000000084c00000, size: 1972 MB, Compressed Oops mode: 32-bit

CDS archive(s) mapped at: [0x0000000800000000-0x0000000800c40000-0x0000000800c40000), size 12845056, SharedBaseAddress: 0x0000000800000000, ArchiveRelocationMode: 0.
Compressed class space mapped at: 0x0000000801000000-0x0000000841000000, reserved size: 1073741824
Narrow klass base: 0x0000000800000000, Narrow klass shift: 0, Narrow klass range: 0x100000000

GC Precious Log:
 CardTable entry size: 512
 Card Set container configuration: InlinePtr #cards 5 size 8 Array Of Cards #cards 12 size 40 Howl #buckets 4 coarsen threshold 1843 Howl Bitmap #cards 512 size 80 coarsen threshold 460 Card regions per heap region 1 cards per card region 2048
 CPUs: 8 total, 8 available
 Memory: 7883M
 Large Page Support: Disabled
 NUMA Support: Disabled
 Compressed Oops: Enabled (32-bit)
 Heap Region Size: 1M
 Heap Min Capacity: 8M
 Heap Initial Capacity: 124M
 Heap Max Capacity: 1972M
 Pre-touch: Disabled
 Parallel Workers: 8
 Concurrent Workers: 2
 Concurrent Refinement Workers: 8
 Periodic GC: Disabled

Heap:
 garbage-first heap   total 96256K, used 64068K [0x0000000084c00000, 0x0000000100000000)
  region size 1024K, 37 young (37888K), 1 survivors (1024K)
 Metaspace       used 66491K, committed 67200K, reserved 1114112K
  class space    used 8859K, committed 9216K, reserved 1048576K

Heap Regions: E=young(eden), S=young(survivor), O=old, HS=humongous(starts), HC=humongous(continues), CS=collection set, F=free, OA=open archive, CA=closed archive, TAMS=top-at-mark-start (previous, next)
|   0|0x0000000084c00000, 0x0000000084d00000, 0x0000000084d00000|100%|HS|  |TAMS 0x0000000084d00000, 0x0000000084c00000| Complete 
|   1|0x0000000084d00000, 0x0000000084e00000, 0x0000000084e00000|100%| O|  |TAMS 0x0000000084e00000, 0x0000000084d00000| Untracked 
|   2|0x0000000084e00000, 0x0000000084f00000, 0x0000000084f00000|100%| O|  |TAMS 0x0000000084f00000, 0x0000000084e00000| Untracked 
|   3|0x0000000084f00000, 0x0000000085000000, 0x0000000085000000|100%| O|  |TAMS 0x0000000085000000, 0x0000000084f00000| Untracked 
|   4|0x0000000085000000, 0x0000000085100000, 0x0000000085100000|100%| O|  |TAMS 0x0000000085100000, 0x0000000085000000| Untracked 
|   5|0x0000000085100000, 0x0000000085200000, 0x0000000085200000|100%| O|  |TAMS 0x0000000085200000, 0x0000000085100000| Untracked 
|   6|0x0000000085200000, 0x0000000085300000, 0x0000000085300000|100%| O|  |TAMS 0x0000000085300000, 0x0000000085200000| Untracked 
|   7|0x0000000085300000, 0x0000000085400000, 0x0000000085400000|100%| O|  |TAMS 0x0000000085400000, 0x0000000085300000| Untracked 
|   8|0x0000000085400000, 0x0000000085500000, 0x0000000085500000|100%| O|  |TAMS 0x0000000085500000, 0x0000000085400000| Untracked 
|   9|0x0000000085500000, 0x0000000085600000, 0x0000000085600000|100%| O|  |TAMS 0x0000000085600000, 0x0000000085500000| Untracked 
|  10|0x0000000085600000, 0x0000000085700000, 0x0000000085700000|100%| O|  |TAMS 0x0000000085700000, 0x0000000085600000| Untracked 
|  11|0x0000000085700000, 0x0000000085800000, 0x0000000085800000|100%| O|  |TAMS 0x0000000085800000, 0x0000000085700000| Untracked 
|  12|0x0000000085800000, 0x0000000085900000, 0x0000000085900000|100%| O|  |TAMS 0x0000000085900000, 0x0000000085800000| Untracked 
|  13|0x0000000085900000, 0x0000000085a00000, 0x0000000085a00000|100%| O|  |TAMS 0x0000000085a00000, 0x0000000085900000| Untracked 
|  14|0x0000000085a00000, 0x0000000085b00000, 0x0000000085b00000|100%| O|  |TAMS 0x0000000085b00000, 0x0000000085a00000| Untracked 
|  15|0x0000000085b00000, 0x0000000085c00000, 0x0000000085c00000|100%| O|  |TAMS 0x0000000085c00000, 0x0000000085b00000| Untracked 
|  16|0x0000000085c00000, 0x0000000085d00000, 0x0000000085d00000|100%| O|  |TAMS 0x0000000085d00000, 0x0000000085c00000| Untracked 
|  17|0x0000000085d00000, 0x0000000085e00000, 0x0000000085e00000|100%| O|  |TAMS 0x0000000085e00000, 0x0000000085d00000| Untracked 
|  18|0x0000000085e00000, 0x0000000085f00000, 0x0000000085f00000|100%| O|  |TAMS 0x0000000085e00000, 0x0000000085e00000| Untracked 
|  19|0x0000000085f00000, 0x0000000086000000, 0x0000000086000000|100%| O|  |TAMS 0x0000000086000000, 0x0000000085f00000| Untracked 
|  20|0x0000000086000000, 0x0000000086100000, 0x0000000086100000|100%| O|  |TAMS 0x0000000086100000, 0x0000000086000000| Untracked 
|  21|0x0000000086100000, 0x0000000086100000, 0x0000000086200000|  0%| F|  |TAMS 0x0000000086100000, 0x0000000086100000| Untracked 
|  22|0x0000000086200000, 0x0000000086300000, 0x0000000086300000|100%| O|  |TAMS 0x0000000086200000, 0x0000000086200000| Untracked 
|  23|0x0000000086300000, 0x0000000086400000, 0x0000000086400000|100%| O|  |TAMS 0x0000000086300000, 0x0000000086300000| Untracked 
|  24|0x0000000086400000, 0x0000000086500000, 0x0000000086500000|100%| O|  |TAMS 0x0000000086400000, 0x0000000086400000| Untracked 
|  25|0x0000000086500000, 0x0000000086600000, 0x0000000086600000|100%| O|  |TAMS 0x0000000086500000, 0x0000000086500000| Untracked 
|  26|0x0000000086600000, 0x0000000086700000, 0x0000000086700000|100%| O|  |TAMS 0x0000000086600000, 0x0000000086600000| Untracked 
|  27|0x0000000086700000, 0x0000000086800000, 0x0000000086800000|100%| O|  |TAMS 0x0000000086700000, 0x0000000086700000| Untracked 
|  28|0x0000000086800000, 0x00000000868cec08, 0x0000000086900000| 80%| O|  |TAMS 0x0000000086800000, 0x0000000086800000| Untracked 
|  29|0x0000000086900000, 0x0000000086900000, 0x0000000086a00000|  0%| F|  |TAMS 0x0000000086900000, 0x0000000086900000| Untracked 
|  30|0x0000000086a00000, 0x0000000086a00000, 0x0000000086b00000|  0%| F|  |TAMS 0x0000000086a00000, 0x0000000086a00000| Untracked 
|  31|0x0000000086b00000, 0x0000000086b00000, 0x0000000086c00000|  0%| F|  |TAMS 0x0000000086b00000, 0x0000000086b00000| Untracked 
|  32|0x0000000086c00000, 0x0000000086c00000, 0x0000000086d00000|  0%| F|  |TAMS 0x0000000086c00000, 0x0000000086c00000| Untracked 
|  33|0x0000000086d00000, 0x0000000086d00000, 0x0000000086e00000|  0%| F|  |TAMS 0x0000000086d00000, 0x0000000086d00000| Untracked 
|  34|0x0000000086e00000, 0x0000000086e00000, 0x0000000086f00000|  0%| F|  |TAMS 0x0000000086e00000, 0x0000000086e00000| Untracked 
|  35|0x0000000086f00000, 0x0000000086f00000, 0x0000000087000000|  0%| F|  |TAMS 0x0000000086f00000, 0x0000000086f00000| Untracked 
|  36|0x0000000087000000, 0x0000000087000000, 0x0000000087100000|  0%| F|  |TAMS 0x0000000087000000, 0x0000000087000000| Untracked 
|  37|0x0000000087100000, 0x0000000087100000, 0x0000000087200000|  0%| F|  |TAMS 0x0000000087100000, 0x0000000087100000| Untracked 
|  38|0x0000000087200000, 0x0000000087200000, 0x0000000087300000|  0%| F|  |TAMS 0x0000000087200000, 0x0000000087200000| Untracked 
|  39|0x0000000087300000, 0x0000000087300000, 0x0000000087400000|  0%| F|  |TAMS 0x0000000087300000, 0x0000000087300000| Untracked 
|  40|0x0000000087400000, 0x0000000087400000, 0x0000000087500000|  0%| F|  |TAMS 0x0000000087400000, 0x0000000087400000| Untracked 
|  41|0x0000000087500000, 0x0000000087500000, 0x0000000087600000|  0%| F|  |TAMS 0x0000000087500000, 0x0000000087500000| Untracked 
|  42|0x0000000087600000, 0x0000000087600000, 0x0000000087700000|  0%| F|  |TAMS 0x0000000087600000, 0x0000000087600000| Untracked 
|  43|0x0000000087700000, 0x0000000087700000, 0x0000000087800000|  0%| F|  |TAMS 0x0000000087700000, 0x0000000087700000| Untracked 
|  44|0x0000000087800000, 0x0000000087800000, 0x0000000087900000|  0%| F|  |TAMS 0x0000000087800000, 0x0000000087800000| Untracked 
|  45|0x0000000087900000, 0x0000000087900000, 0x0000000087a00000|  0%| F|  |TAMS 0x0000000087900000, 0x0000000087900000| Untracked 
|  46|0x0000000087a00000, 0x0000000087a00000, 0x0000000087b00000|  0%| F|  |TAMS 0x0000000087a00000, 0x0000000087a00000| Untracked 
|  47|0x0000000087b00000, 0x0000000087b00000, 0x0000000087c00000|  0%| F|  |TAMS 0x0000000087b00000, 0x0000000087b00000| Untracked 
|  48|0x0000000087c00000, 0x0000000087c00000, 0x0000000087d00000|  0%| F|  |TAMS 0x0000000087c00000, 0x0000000087c00000| Untracked 
|  49|0x0000000087d00000, 0x0000000087d00000, 0x0000000087e00000|  0%| F|  |TAMS 0x0000000087d00000, 0x0000000087d00000| Untracked 
|  50|0x0000000087e00000, 0x0000000087e00000, 0x0000000087f00000|  0%| F|  |TAMS 0x0000000087e00000, 0x0000000087e00000| Untracked 
|  51|0x0000000087f00000, 0x0000000087f00000, 0x0000000088000000|  0%| F|  |TAMS 0x0000000087f00000, 0x0000000087f00000| Untracked 
|  52|0x0000000088000000, 0x0000000088000000, 0x0000000088100000|  0%| F|  |TAMS 0x0000000088000000, 0x0000000088000000| Untracked 
|  53|0x0000000088100000, 0x0000000088100000, 0x0000000088200000|  0%| F|  |TAMS 0x0000000088100000, 0x0000000088100000| Untracked 
|  54|0x0000000088200000, 0x0000000088200000, 0x0000000088300000|  0%| F|  |TAMS 0x0000000088200000, 0x0000000088200000| Untracked 
|  55|0x0000000088300000, 0x0000000088300000, 0x0000000088400000|  0%| F|  |TAMS 0x0000000088300000, 0x0000000088300000| Untracked 
|  56|0x0000000088400000, 0x0000000088400000, 0x0000000088500000|  0%| F|  |TAMS 0x0000000088400000, 0x0000000088400000| Untracked 
|  57|0x0000000088500000, 0x00000000885ef958, 0x0000000088600000| 93%| E|  |TAMS 0x0000000088500000, 0x0000000088500000| Complete 
|  58|0x0000000088600000, 0x0000000088700000, 0x0000000088700000|100%| E|CS|TAMS 0x0000000088600000, 0x0000000088600000| Complete 
|  59|0x0000000088700000, 0x0000000088800000, 0x0000000088800000|100%| E|  |TAMS 0x0000000088700000, 0x0000000088700000| Complete 
|  60|0x0000000088800000, 0x0000000088900000, 0x0000000088900000|100%| E|CS|TAMS 0x0000000088800000, 0x0000000088800000| Complete 
|  61|0x0000000088900000, 0x0000000088a00000, 0x0000000088a00000|100%| E|CS|TAMS 0x0000000088900000, 0x0000000088900000| Complete 
|  62|0x0000000088a00000, 0x0000000088b00000, 0x0000000088b00000|100%| E|CS|TAMS 0x0000000088a00000, 0x0000000088a00000| Complete 
|  63|0x0000000088b00000, 0x0000000088c00000, 0x0000000088c00000|100%| E|CS|TAMS 0x0000000088b00000, 0x0000000088b00000| Complete 
|  64|0x0000000088c00000, 0x0000000088d00000, 0x0000000088d00000|100%| E|CS|TAMS 0x0000000088c00000, 0x0000000088c00000| Complete 
|  65|0x0000000088d00000, 0x0000000088e00000, 0x0000000088e00000|100%| E|CS|TAMS 0x0000000088d00000, 0x0000000088d00000| Complete 
|  66|0x0000000088e00000, 0x0000000088f00000, 0x0000000088f00000|100%| E|CS|TAMS 0x0000000088e00000, 0x0000000088e00000| Complete 
|  67|0x0000000088f00000, 0x0000000089000000, 0x0000000089000000|100%| E|CS|TAMS 0x0000000088f00000, 0x0000000088f00000| Complete 
|  68|0x0000000089000000, 0x0000000089100000, 0x0000000089100000|100%| E|CS|TAMS 0x0000000089000000, 0x0000000089000000| Complete 
|  69|0x0000000089100000, 0x0000000089200000, 0x0000000089200000|100%| E|CS|TAMS 0x0000000089100000, 0x0000000089100000| Complete 
|  70|0x0000000089200000, 0x0000000089300000, 0x0000000089300000|100%| E|CS|TAMS 0x0000000089200000, 0x0000000089200000| Complete 
|  71|0x0000000089300000, 0x0000000089400000, 0x0000000089400000|100%| E|CS|TAMS 0x0000000089300000, 0x0000000089300000| Complete 
|  72|0x0000000089400000, 0x0000000089500000, 0x0000000089500000|100%| E|CS|TAMS 0x0000000089400000, 0x0000000089400000| Complete 
|  73|0x0000000089500000, 0x0000000089600000, 0x0000000089600000|100%| E|CS|TAMS 0x0000000089500000, 0x0000000089500000| Complete 
|  74|0x0000000089600000, 0x0000000089700000, 0x0000000089700000|100%| E|CS|TAMS 0x0000000089600000, 0x0000000089600000| Complete 
|  75|0x0000000089700000, 0x0000000089800000, 0x0000000089800000|100%| E|CS|TAMS 0x0000000089700000, 0x0000000089700000| Complete 
|  76|0x0000000089800000, 0x0000000089900000, 0x0000000089900000|100%| E|CS|TAMS 0x0000000089800000, 0x0000000089800000| Complete 
|  77|0x0000000089900000, 0x0000000089a00000, 0x0000000089a00000|100%| E|CS|TAMS 0x0000000089900000, 0x0000000089900000| Complete 
|  78|0x0000000089a00000, 0x0000000089b00000, 0x0000000089b00000|100%| E|CS|TAMS 0x0000000089a00000, 0x0000000089a00000| Complete 
|  79|0x0000000089b00000, 0x0000000089c00000, 0x0000000089c00000|100%| E|CS|TAMS 0x0000000089b00000, 0x0000000089b00000| Complete 
|  80|0x0000000089c00000, 0x0000000089d00000, 0x0000000089d00000|100%| E|CS|TAMS 0x0000000089c00000, 0x0000000089c00000| Complete 
|  81|0x0000000089d00000, 0x0000000089e00000, 0x0000000089e00000|100%| E|CS|TAMS 0x0000000089d00000, 0x0000000089d00000| Complete 
|  82|0x0000000089e00000, 0x0000000089f00000, 0x0000000089f00000|100%| E|CS|TAMS 0x0000000089e00000, 0x0000000089e00000| Complete 
|  83|0x0000000089f00000, 0x000000008a000000, 0x000000008a000000|100%| E|CS|TAMS 0x0000000089f00000, 0x0000000089f00000| Complete 
|  84|0x000000008a000000, 0x000000008a100000, 0x000000008a100000|100%| E|CS|TAMS 0x000000008a000000, 0x000000008a000000| Complete 
|  85|0x000000008a100000, 0x000000008a200000, 0x000000008a200000|100%| E|CS|TAMS 0x000000008a100000, 0x000000008a100000| Complete 
|  86|0x000000008a200000, 0x000000008a300000, 0x000000008a300000|100%| E|CS|TAMS 0x000000008a200000, 0x000000008a200000| Complete 
|  87|0x000000008a300000, 0x000000008a400000, 0x000000008a400000|100%| E|CS|TAMS 0x000000008a300000, 0x000000008a300000| Complete 
|  88|0x000000008a400000, 0x000000008a500000, 0x000000008a500000|100%| E|CS|TAMS 0x000000008a400000, 0x000000008a400000| Complete 
|  89|0x000000008a500000, 0x000000008a600000, 0x000000008a600000|100%| E|CS|TAMS 0x000000008a500000, 0x000000008a500000| Complete 
|  90|0x000000008a600000, 0x000000008a700000, 0x000000008a700000|100%| E|CS|TAMS 0x000000008a600000, 0x000000008a600000| Complete 
|  91|0x000000008a700000, 0x000000008a800000, 0x000000008a800000|100%| E|CS|TAMS 0x000000008a700000, 0x000000008a700000| Complete 
|  92|0x000000008a800000, 0x000000008a8c25f8, 0x000000008a900000| 75%| S|CS|TAMS 0x000000008a800000, 0x000000008a800000| Complete 
| 123|0x000000008c700000, 0x000000008c800000, 0x000000008c800000|100%| E|CS|TAMS 0x000000008c700000, 0x000000008c700000| Complete 

Card table byte_map: [0x000002c01bc00000,0x000002c01bfe0000] _byte_map_base: 0x000002c01b7da000

Marking Bits (Prev, Next): (CMBitMap*) 0x000002c0045e7fd0, (CMBitMap*) 0x000002c0045e7f90
 Prev Bits: [0x000002c01e290000, 0x000002c020160000)
 Next Bits: [0x000002c01c3c0000, 0x000002c01e290000)

Polling page: 0x000002c0024c0000

Metaspace:

Usage:
  Non-class:     56.30 MB used.
      Class:      8.66 MB used.
       Both:     64.95 MB used.

Virtual space:
  Non-class space:       64.00 MB reserved,      56.69 MB ( 89%) committed,  1 nodes.
      Class space:        1.00 GB reserved,       9.00 MB ( <1%) committed,  1 nodes.
             Both:        1.06 GB reserved,      65.69 MB (  6%) committed. 

Chunk freelists:
   Non-Class:  3.17 MB
       Class:  2.92 MB
        Both:  6.10 MB

MaxMetaspaceSize: unlimited
CompressedClassSpaceSize: 1.00 GB
Initial GC threshold: 21.00 MB
Current GC threshold: 98.44 MB
CDS: on
MetaspaceReclaimPolicy: balanced
 - commit_granule_bytes: 65536.
 - commit_granule_words: 8192.
 - virtual_space_node_default_size: 8388608.
 - enlarge_chunks_in_place: 1.
 - new_chunks_are_fully_committed: 0.
 - uncommit_free_chunks: 1.
 - use_allocation_guard: 0.


Internal statistics:

num_allocs_failed_limit: 9.
num_arena_births: 978.
num_arena_deaths: 0.
num_vsnodes_births: 2.
num_vsnodes_deaths: 0.
num_space_committed: 1051.
num_space_uncommitted: 0.
num_chunks_returned_to_freelist: 9.
num_chunks_taken_from_freelist: 3357.
num_chunk_merges: 9.
num_chunk_splits: 2455.
num_chunks_enlarged: 1999.
num_inconsistent_stats: 0.

CodeHeap 'non-profiled nmethods': size=120000Kb used=3608Kb max_used=3608Kb free=116391Kb
 bounds [0x000002c013fc0000, 0x000002c014350000, 0x000002c01b4f0000]
CodeHeap 'profiled nmethods': size=120000Kb used=11385Kb max_used=11426Kb free=108614Kb
 bounds [0x000002c00c4f0000, 0x000002c00d030000, 0x000002c013a20000]
CodeHeap 'non-nmethods': size=5760Kb used=1450Kb max_used=1525Kb free=4309Kb
 bounds [0x000002c013a20000, 0x000002c013c90000, 0x000002c013fc0000]
 total_blobs=6605 nmethods=5923 adapters=591
 compilation: enabled
              stopped_count=0, restarted_count=0
 full_count=0

Compilation events (20 events):
Event: 5.233 Thread 0x000002c022b89600 nmethod 6761 0x000002c014342410 code [0x000002c0143425a0, 0x000002c0143426d8]
Event: 5.848 Thread 0x000002c022b89600 6766       4       java.util.HashMap::put (13 bytes)
Event: 5.873 Thread 0x000002c022b89600 nmethod 6766 0x000002c014342810 code [0x000002c014342a20, 0x000002c014343390]
Event: 5.898 Thread 0x000002c022b89600 6767       4       sun.net.www.protocol.jar.Handler::checkNestedProtocol (18 bytes)
Event: 5.906 Thread 0x000002c022b89600 nmethod 6767 0x000002c014343a10 code [0x000002c014343bc0, 0x000002c014343e88]
Event: 5.927 Thread 0x000002c022b931e0 6768       3       java.util.logging.LogManager$LoggerContext::getGlobalLogger (6 bytes)
Event: 5.927 Thread 0x000002c022b931e0 nmethod 6768 0x000002c00c5cad10 code [0x000002c00c5caea0, 0x000002c00c5cafb8]
Event: 5.932 Thread 0x000002c022b89600 6769       4       java.lang.String::substring (10 bytes)
Event: 5.936 Thread 0x000002c022b89600 nmethod 6769 0x000002c014344190 code [0x000002c014344340, 0x000002c014344868]
Event: 5.937 Thread 0x000002c022b931e0 6770   !   3       java.util.concurrent.ConcurrentHashMap::transfer (849 bytes)
Event: 5.939 Thread 0x000002c022b931e0 nmethod 6770 0x000002c00c5c6f10 code [0x000002c00c5c7340, 0x000002c00c5c99b8]
Event: 5.941 Thread 0x000002c022b89600 6771 % !   4       sun.net.www.ParseUtil::decode @ 70 (317 bytes)
Event: 5.946 Thread 0x000002c022b931e0 6774       3       java.lang.invoke.LambdaForm$NamedFunction::<init> (7 bytes)
Event: 5.946 Thread 0x000002c022b931e0 nmethod 6774 0x000002c00c5c6a10 code [0x000002c00c5c6bc0, 0x000002c00c5c6e18]
Event: 5.946 Thread 0x000002c022b931e0 6778       3       java.lang.invoke.BoundMethodHandle$Species_LL::speciesData (4 bytes)
Event: 5.946 Thread 0x000002c022b931e0 nmethod 6778 0x000002c00c5c6690 code [0x000002c00c5c6820, 0x000002c00c5c6938]
Event: 5.948 Thread 0x000002c022b931e0 6783       3       java.nio.HeapByteBuffer::put (17 bytes)
Event: 5.948 Thread 0x000002c022b931e0 nmethod 6783 0x000002c00c5c6090 code [0x000002c00c5c6240, 0x000002c00c5c64f8]
Event: 5.948 Thread 0x000002c022b931e0 6784   !   3       org.apache.tomcat.util.http.parser.HttpParser::isControl (9 bytes)
Event: 5.948 Thread 0x000002c022b931e0 nmethod 6784 0x000002c00c5c5c90 code [0x000002c00c5c5e40, 0x000002c00c5c5fb8]

GC Heap History (20 events):
Event: 1.858 GC heap before
{Heap before GC invocations=7 (full 0):
 garbage-first heap   total 48128K, used 33667K [0x0000000084c00000, 0x0000000100000000)
  region size 1024K, 20 young (20480K), 3 survivors (3072K)
 Metaspace       used 31297K, committed 31808K, reserved 1114112K
  class space    used 3919K, committed 4160K, reserved 1048576K
}
Event: 1.860 GC heap after
{Heap after GC invocations=8 (full 0):
 garbage-first heap   total 48128K, used 18946K [0x0000000084c00000, 0x0000000100000000)
  region size 1024K, 2 young (2048K), 2 survivors (2048K)
 Metaspace       used 31297K, committed 31808K, reserved 1114112K
  class space    used 3919K, committed 4160K, reserved 1048576K
}
Event: 2.059 GC heap before
{Heap before GC invocations=8 (full 0):
 garbage-first heap   total 48128K, used 36354K [0x0000000084c00000, 0x0000000100000000)
  region size 1024K, 19 young (19456K), 2 survivors (2048K)
 Metaspace       used 34609K, committed 35136K, reserved 1114112K
  class space    used 4353K, committed 4608K, reserved 1048576K
}
Event: 2.061 GC heap after
{Heap after GC invocations=9 (full 0):
 garbage-first heap   total 48128K, used 19790K [0x0000000084c00000, 0x0000000100000000)
  region size 1024K, 3 young (3072K), 3 survivors (3072K)
 Metaspace       used 34609K, committed 35136K, reserved 1114112K
  class space    used 4353K, committed 4608K, reserved 1048576K
}
Event: 2.097 GC heap before
{Heap before GC invocations=9 (full 0):
 garbage-first heap   total 48128K, used 22862K [0x0000000084c00000, 0x0000000100000000)
  region size 1024K, 7 young (7168K), 3 survivors (3072K)
 Metaspace       used 35518K, committed 35968K, reserved 1114112K
  class space    used 4499K, committed 4736K, reserved 1048576K
}
Event: 2.098 GC heap after
{Heap after GC invocations=10 (full 0):
 garbage-first heap   total 48128K, used 20108K [0x0000000084c00000, 0x0000000100000000)
  region size 1024K, 2 young (2048K), 2 survivors (2048K)
 Metaspace       used 35518K, committed 35968K, reserved 1114112K
  class space    used 4499K, committed 4736K, reserved 1048576K
}
Event: 2.524 GC heap before
{Heap before GC invocations=11 (full 0):
 garbage-first heap   total 48128K, used 35468K [0x0000000084c00000, 0x0000000100000000)
  region size 1024K, 18 young (18432K), 2 survivors (2048K)
 Metaspace       used 40519K, committed 41088K, reserved 1114112K
  class space    used 5169K, committed 5440K, reserved 1048576K
}
Event: 2.526 GC heap after
{Heap after GC invocations=12 (full 0):
 garbage-first heap   total 48128K, used 21070K [0x0000000084c00000, 0x0000000100000000)
  region size 1024K, 3 young (3072K), 3 survivors (3072K)
 Metaspace       used 40519K, committed 41088K, reserved 1114112K
  class space    used 5169K, committed 5440K, reserved 1048576K
}
Event: 2.536 GC heap before
{Heap before GC invocations=12 (full 0):
 garbage-first heap   total 48128K, used 22094K [0x0000000084c00000, 0x0000000100000000)
  region size 1024K, 4 young (4096K), 3 survivors (3072K)
 Metaspace       used 40920K, committed 41536K, reserved 1114112K
  class space    used 5209K, committed 5504K, reserved 1048576K
}
Event: 2.538 GC heap after
{Heap after GC invocations=13 (full 0):
 garbage-first heap   total 48128K, used 20871K [0x0000000084c00000, 0x0000000100000000)
  region size 1024K, 1 young (1024K), 1 survivors (1024K)
 Metaspace       used 40920K, committed 41536K, reserved 1114112K
  class space    used 5209K, committed 5504K, reserved 1048576K
}
Event: 2.738 GC heap before
{Heap before GC invocations=13 (full 0):
 garbage-first heap   total 48128K, used 36231K [0x0000000084c00000, 0x0000000100000000)
  region size 1024K, 17 young (17408K), 1 survivors (1024K)
 Metaspace       used 44912K, committed 45440K, reserved 1114112K
  class space    used 5745K, committed 6016K, reserved 1048576K
}
Event: 2.740 GC heap after
{Heap after GC invocations=14 (full 0):
 garbage-first heap   total 96256K, used 21738K [0x0000000084c00000, 0x0000000100000000)
  region size 1024K, 2 young (2048K), 2 survivors (2048K)
 Metaspace       used 44912K, committed 45440K, reserved 1114112K
  class space    used 5745K, committed 6016K, reserved 1048576K
}
Event: 3.313 GC heap before
{Heap before GC invocations=14 (full 0):
 garbage-first heap   total 96256K, used 71914K [0x0000000084c00000, 0x0000000100000000)
  region size 1024K, 52 young (53248K), 2 survivors (2048K)
 Metaspace       used 55747K, committed 56320K, reserved 1114112K
  class space    used 7385K, committed 7680K, reserved 1048576K
}
Event: 3.316 GC heap after
{Heap after GC invocations=15 (full 0):
 garbage-first heap   total 96256K, used 24090K [0x0000000084c00000, 0x0000000100000000)
  region size 1024K, 4 young (4096K), 4 survivors (4096K)
 Metaspace       used 55747K, committed 56320K, reserved 1114112K
  class space    used 7385K, committed 7680K, reserved 1048576K
}
Event: 3.682 GC heap before
{Heap before GC invocations=15 (full 0):
 garbage-first heap   total 96256K, used 59930K [0x0000000084c00000, 0x0000000100000000)
  region size 1024K, 40 young (40960K), 4 survivors (4096K)
 Metaspace       used 59681K, committed 60288K, reserved 1114112K
  class space    used 7889K, committed 8192K, reserved 1048576K
}
Event: 3.685 GC heap after
{Heap after GC invocations=16 (full 0):
 garbage-first heap   total 96256K, used 26125K [0x0000000084c00000, 0x0000000100000000)
  region size 1024K, 6 young (6144K), 6 survivors (6144K)
 Metaspace       used 59681K, committed 60288K, reserved 1114112K
  class space    used 7889K, committed 8192K, reserved 1048576K
}
Event: 3.943 GC heap before
{Heap before GC invocations=17 (full 0):
 garbage-first heap   total 96256K, used 75277K [0x0000000084c00000, 0x0000000100000000)
  region size 1024K, 54 young (55296K), 6 survivors (6144K)
 Metaspace       used 62510K, committed 63168K, reserved 1114112K
  class space    used 8324K, committed 8640K, reserved 1048576K
}
Event: 3.947 GC heap after
{Heap after GC invocations=18 (full 0):
 garbage-first heap   total 96256K, used 28873K [0x0000000084c00000, 0x0000000100000000)
  region size 1024K, 5 young (5120K), 5 survivors (5120K)
 Metaspace       used 62510K, committed 63168K, reserved 1114112K
  class space    used 8324K, committed 8640K, reserved 1048576K
}
Event: 3.953 GC heap before
{Heap before GC invocations=18 (full 0):
 garbage-first heap   total 96256K, used 29897K [0x0000000084c00000, 0x0000000100000000)
  region size 1024K, 6 young (6144K), 5 survivors (5120K)
 Metaspace       used 62540K, committed 63168K, reserved 1114112K
  class space    used 8329K, committed 8640K, reserved 1048576K
}
Event: 3.955 GC heap after
{Heap after GC invocations=19 (full 0):
 garbage-first heap   total 96256K, used 29252K [0x0000000084c00000, 0x0000000100000000)
  region size 1024K, 1 young (1024K), 1 survivors (1024K)
 Metaspace       used 62540K, committed 63168K, reserved 1114112K
  class space    used 8329K, committed 8640K, reserved 1048576K
}

Dll operation events (13 events):
Event: 0.003 Loaded shared library C:\Program Files\Java\jdk-19\bin\java.dll
Event: 0.010 Loaded shared library C:\Program Files\Java\jdk-19\bin\jsvml.dll
Event: 0.078 Loaded shared library C:\Program Files\Java\jdk-19\bin\zip.dll
Event: 0.079 Loaded shared library C:\Program Files\Java\jdk-19\bin\instrument.dll
Event: 0.082 Loaded shared library C:\Program Files\Java\jdk-19\bin\net.dll
Event: 0.083 Loaded shared library C:\Program Files\Java\jdk-19\bin\nio.dll
Event: 0.085 Loaded shared library C:\Program Files\Java\jdk-19\bin\zip.dll
Event: 0.135 Loaded shared library C:\Program Files\Java\jdk-19\bin\extnet.dll
Event: 0.155 Loaded shared library C:\Program Files\Java\jdk-19\bin\jimage.dll
Event: 0.326 Loaded shared library C:\Program Files\Java\jdk-19\bin\management.dll
Event: 0.327 Loaded shared library C:\Program Files\Java\jdk-19\bin\management_ext.dll
Event: 1.766 Loaded shared library C:\Program Files\Java\jdk-19\bin\sunmscapi.dll
Event: 2.112 Loaded shared library C:\Program Files\Java\jdk-19\bin\verify.dll

Deoptimization events (20 events):
Event: 4.190 Thread 0x000002c027a90050 Uncommon trap: trap_request=0xffffff45 fr.pc=0x000002c01430ed18 relative=0x0000000000002938
Event: 4.190 Thread 0x000002c027a90050 Uncommon trap: reason=unstable_if action=reinterpret pc=0x000002c01430ed18 method=org.springframework.beans.factory.support.AbstractBeanFactory.isTypeMatch(Ljava/lang/String;Lorg/springframework/core/ResolvableType;Z)Z @ 35 c2
Event: 4.190 Thread 0x000002c027a90050 DEOPT PACKING pc=0x000002c01430ed18 sp=0x000000f4656fdc40
Event: 4.190 Thread 0x000002c027a90050 DEOPT UNPACKING pc=0x000002c013a8a5a3 sp=0x000000f4656fdc60 mode 2
Event: 4.231 Thread 0x000002c027a90050 Uncommon trap: trap_request=0xffffff54 fr.pc=0x000002c0140be4b8 relative=0x0000000000000158
Event: 4.231 Thread 0x000002c027a90050 Uncommon trap: reason=speculate_null_assert action=make_not_entrant pc=0x000002c0140be4b8 method=org.springframework.util.ConcurrentReferenceHashMap$Segment.restructureIfNecessary(Z)V @ 41 c2
Event: 4.231 Thread 0x000002c027a90050 DEOPT PACKING pc=0x000002c0140be4b8 sp=0x000000f4656fe9f0
Event: 4.231 Thread 0x000002c027a90050 DEOPT UNPACKING pc=0x000002c013a8a5a3 sp=0x000000f4656fe988 mode 2
Event: 4.231 Thread 0x000002c027a90050 Uncommon trap: trap_request=0xffffff45 fr.pc=0x000002c014032008 relative=0x0000000000000068
Event: 4.231 Thread 0x000002c027a90050 Uncommon trap: reason=unstable_if action=reinterpret pc=0x000002c014032008 method=java.lang.ref.ReferenceQueue.poll()Ljava/lang/ref/Reference; @ 4 c2
Event: 4.231 Thread 0x000002c027a90050 DEOPT PACKING pc=0x000002c014032008 sp=0x000000f4656fe950
Event: 4.231 Thread 0x000002c027a90050 DEOPT UNPACKING pc=0x000002c013a8a5a3 sp=0x000000f4656fe8d8 mode 2
Event: 4.231 Thread 0x000002c027a90050 Uncommon trap: trap_request=0xffffffde fr.pc=0x000002c014084630 relative=0x0000000000000090
Event: 4.231 Thread 0x000002c027a90050 Uncommon trap: reason=class_check action=maybe_recompile pc=0x000002c014084630 method=java.util.Collections$2.tryAdvance(Ljava/util/function/Consumer;)Z @ 29 c2
Event: 4.231 Thread 0x000002c027a90050 DEOPT PACKING pc=0x000002c014084630 sp=0x000000f4656fec60
Event: 4.231 Thread 0x000002c027a90050 DEOPT UNPACKING pc=0x000002c013a8a5a3 sp=0x000000f4656feb90 mode 2
Event: 5.227 Thread 0x000002c02a3e8060 DEOPT PACKING pc=0x000002c00c54c170 sp=0x000000f4666febe0
Event: 5.227 Thread 0x000002c02a3e8060 DEOPT UNPACKING pc=0x000002c013a8b0e3 sp=0x000000f4666fe0b0 mode 0
Event: 5.228 Thread 0x000002c02a3e8060 DEOPT PACKING pc=0x000002c00c54c170 sp=0x000000f4666febe0
Event: 5.228 Thread 0x000002c02a3e8060 DEOPT UNPACKING pc=0x000002c013a8b0e3 sp=0x000000f4666fe0b0 mode 0

Classes loaded (20 events):
Event: 5.902 Loading class java/nio/channels/WritePendingException
Event: 5.902 Loading class java/nio/channels/WritePendingException done
Event: 5.907 Loading class java/util/concurrent/Semaphore
Event: 5.907 Loading class java/util/concurrent/Semaphore done
Event: 5.907 Loading class java/util/concurrent/Semaphore$NonfairSync
Event: 5.907 Loading class java/util/concurrent/Semaphore$Sync
Event: 5.907 Loading class java/util/concurrent/Semaphore$Sync done
Event: 5.907 Loading class java/util/concurrent/Semaphore$NonfairSync done
Event: 5.908 Loading class sun/nio/ch/SocketAdaptor
Event: 5.908 Loading class sun/nio/ch/SocketAdaptor done
Event: 5.909 Loading class sun/nio/ch/SocketChannelImpl$DefaultOptionsHolder
Event: 5.910 Loading class sun/nio/ch/SocketChannelImpl$DefaultOptionsHolder done
Event: 5.911 Loading class sun/nio/ch/SelectionKeyImpl
Event: 5.911 Loading class java/nio/channels/spi/AbstractSelectionKey
Event: 5.911 Loading class java/nio/channels/SelectionKey
Event: 5.911 Loading class java/nio/channels/SelectionKey done
Event: 5.911 Loading class java/nio/channels/spi/AbstractSelectionKey done
Event: 5.911 Loading class sun/nio/ch/SelectionKeyImpl done
Event: 5.911 Loading class java/lang/invoke/ConstantBootstraps
Event: 5.911 Loading class java/lang/invoke/ConstantBootstraps done

Classes unloaded (0 events):
No events

Classes redefined (0 events):
No events

Internal exceptions (20 events):
Event: 3.528 Thread 0x000002c027a90050 Implicit null exception at 0x000002c014286c0a to 0x000002c014288318
Event: 3.532 Thread 0x000002c027a90050 Exception <a 'java/lang/IncompatibleClassChangeError'{0x000000008a095528}: Found class java.lang.Object, but interface was expected> (0x000000008a095528) 
thrown [s\open\src\hotspot\share\interpreter\linkResolver.cpp, line 841]
Event: 3.549 Thread 0x000002c027a90050 Exception <a 'java/lang/IncompatibleClassChangeError'{0x0000000089e3dd38}: Found class java.lang.Object, but interface was expected> (0x0000000089e3dd38) 
thrown [s\open\src\hotspot\share\interpreter\linkResolver.cpp, line 841]
Event: 3.628 Thread 0x000002c027a90050 Exception <a 'java/lang/IncompatibleClassChangeError'{0x000000008975b648}: Found class java.lang.Object, but interface was expected> (0x000000008975b648) 
thrown [s\open\src\hotspot\share\interpreter\linkResolver.cpp, line 841]
Event: 3.707 Thread 0x000002c027a90050 Exception <a 'java/lang/NoSuchMethodError'{0x000000008a858350}: 'java.lang.Object java.lang.invoke.DirectMethodHandle$Holder.newInvokeSpecial(java.lang.Object, java.lang.Object, int)'> (0x000000008a858350) 
thrown [s\open\src\hotspot\share\interpreter\linkResolver.cpp, line 774]
Event: 3.709 Thread 0x000002c027a90050 Exception <a 'java/lang/NoSuchMethodError'{0x000000008a875d90}: 'java.lang.Object java.lang.invoke.Invokers$Holder.invoke_MT(java.lang.Object, java.lang.Object, java.lang.Object, java.lang.Object, java.lang.Object, java.lang.Object, java.lang.Object, java.lang.Object, java.lang.Object)'> (0x000000008a875d90) 
thrown [s\open\src\hotspot\share\interpreter\linkResolver.cpp, line 774]
Event: 3.711 Thread 0x000002c027a90050 Exception <a 'java/lang/IncompatibleClassChangeError'{0x000000008a8a15d8}: Found class java.lang.Object, but interface was expected> (0x000000008a8a15d8) 
thrown [s\open\src\hotspot\share\interpreter\linkResolver.cpp, line 841]
Event: 3.712 Thread 0x000002c027a90050 Exception <a 'java/lang/IncompatibleClassChangeError'{0x000000008a8a7ed0}: Found class java.lang.Object, but interface was expected> (0x000000008a8a7ed0) 
thrown [s\open\src\hotspot\share\interpreter\linkResolver.cpp, line 841]
Event: 3.815 Thread 0x000002c027a90050 Exception <a 'java/lang/NoSuchMethodError'{0x00000000887ceb10}: 'java.lang.Object java.lang.invoke.DirectMethodHandle$Holder.invokeInterface(java.lang.Object, java.lang.Object, java.lang.Object, java.lang.Object)'> (0x00000000887ceb10) 
thrown [s\open\src\hotspot\share\interpreter\linkResolver.cpp, line 774]
Event: 3.842 Thread 0x000002c027a90050 Exception <a 'java/lang/NoSuchMethodError'{0x0000000087ea8a28}: 'java.lang.Object java.lang.invoke.DirectMethodHandle$Holder.newInvokeSpecial(java.lang.Object, java.lang.Object, java.lang.Object, java.lang.Object, java.lang.Object, java.lang.Object, java.lang.Object, java.lang.Object)'> (0x0000000087ea8a28) 
thrown [s\open\src\hotspot\share\interpreter\linkResolver.cpp, line 774]
Event: 3.864 Thread 0x000002c027a90050 Implicit null exception at 0x000002c0140bc7bd to 0x000002c0140bc886
Event: 4.000 Thread 0x000002c027a90050 Exception <a 'java/lang/IncompatibleClassChangeError'{0x000000008a2d8578}: Found class java.lang.Object, but interface was expected> (0x000000008a2d8578) 
thrown [s\open\src\hotspot\share\interpreter\linkResolver.cpp, line 841]
Event: 4.081 Thread 0x000002c027a90050 Exception <a 'java/lang/NoSuchMethodError'{0x0000000089a68020}: 'void java.lang.invoke.DirectMethodHandle$Holder.invokeVirtual(java.lang.Object, java.lang.Object, long)'> (0x0000000089a68020) 
thrown [s\open\src\hotspot\share\interpreter\linkResolver.cpp, line 774]
Event: 4.161 Thread 0x000002c027a90050 Implicit null exception at 0x000002c0140e975a to 0x000002c0140e9984
Event: 4.211 Thread 0x000002c027a90050 Exception <a 'java/lang/NoSuchMethodError'{0x0000000088dfb9d0}: 'java.lang.Object java.lang.invoke.DirectMethodHandle$Holder.newInvokeSpecial(java.lang.Object, java.lang.Object, int, java.lang.Object, java.lang.Object)'> (0x0000000088dfb9d0) 
thrown [s\open\src\hotspot\share\interpreter\linkResolver.cpp, line 774]
Event: 4.211 Thread 0x000002c027a90050 Exception <a 'java/lang/NoSuchMethodError'{0x0000000088c070b8}: 'java.lang.Object java.lang.invoke.DirectMethodHandle$Holder.invokeSpecial(java.lang.Object, java.lang.Object, int, java.lang.Object, int, java.lang.Object)'> (0x0000000088c070b8) 
thrown [s\open\src\hotspot\share\interpreter\linkResolver.cpp, line 774]
Event: 4.212 Thread 0x000002c027a90050 Exception <a 'java/lang/NoSuchMethodError'{0x0000000088c0ed50}: 'java.lang.Object java.lang.invoke.DirectMethodHandle$Holder.newInvokeSpecial(java.lang.Object, java.lang.Object, int, java.lang.Object, int)'> (0x0000000088c0ed50) 
thrown [s\open\src\hotspot\share\interpreter\linkResolver.cpp, line 774]
Event: 4.212 Thread 0x000002c027a90050 Exception <a 'java/lang/NoSuchMethodError'{0x0000000088c12e20}: 'java.lang.Object java.lang.invoke.DirectMethodHandle$Holder.invokeSpecial(java.lang.Object, java.lang.Object, java.lang.Object, int, java.lang.Object, int)'> (0x0000000088c12e20) 
thrown [s\open\src\hotspot\share\interpreter\linkResolver.cpp, line 774]
Event: 5.947 Thread 0x000002c02a3e95a0 Exception <a 'java/lang/NoSuchMethodError'{0x00000000887a98d8}: 'java.lang.Object java.lang.invoke.DirectMethodHandle$Holder.invokeSpecial(java.lang.Object, java.lang.Object, java.lang.Object, java.lang.Object, java.lang.Object, long)'> (0x00000000887a98d8) 
thrown [s\open\src\hotspot\share\interpreter\linkResolver.cpp, line 774]
Event: 5.947 Thread 0x000002c02a3e95a0 Exception <a 'java/lang/NoSuchMethodError'{0x00000000887ad2e0}: 'java.lang.Object java.lang.invoke.Invokers$Holder.linkToTargetMethod(java.lang.Object, java.lang.Object, java.lang.Object, long, java.lang.Object)'> (0x00000000887ad2e0) 
thrown [s\open\src\hotspot\share\interpreter\linkResolver.cpp, line 774]

VM Operations (20 events):
Event: 3.938 Executing VM operation: HandshakeAllThreads
Event: 3.938 Executing VM operation: HandshakeAllThreads done
Event: 3.938 Executing VM operation: HandshakeAllThreads
Event: 3.938 Executing VM operation: HandshakeAllThreads done
Event: 3.943 Executing VM operation: G1CollectForAllocation
Event: 3.947 Executing VM operation: G1CollectForAllocation done
Event: 3.953 Executing VM operation: G1CollectForAllocation
Event: 3.955 Executing VM operation: G1CollectForAllocation done
Event: 4.092 Executing VM operation: HandshakeAllThreads
Event: 4.092 Executing VM operation: HandshakeAllThreads done
Event: 4.201 Executing VM operation: ICBufferFull
Event: 4.201 Executing VM operation: ICBufferFull done
Event: 4.231 Executing VM operation: HandshakeAllThreads
Event: 4.231 Executing VM operation: HandshakeAllThreads done
Event: 5.243 Executing VM operation: Cleanup
Event: 5.243 Executing VM operation: Cleanup done
Event: 5.909 Executing VM operation: HandshakeAllThreads
Event: 5.909 Executing VM operation: HandshakeAllThreads done
Event: 5.957 Executing VM operation: HandshakeAllThreads
Event: 5.957 Executing VM operation: HandshakeAllThreads done

Events (20 events):
Event: 4.204 Thread 0x000002c02a3e85b0 Thread added: 0x000002c02a3e85b0
Event: 4.204 Thread 0x000002c02a3e85b0 Thread exited: 0x000002c02a3e85b0
Event: 4.204 Thread 0x000002c02a3ea040 Thread added: 0x000002c02a3ea040
Event: 4.217 Thread 0x000002c02a3e95a0 Thread added: 0x000002c02a3e95a0
Event: 4.217 Thread 0x000002c02a3ee550 Thread added: 0x000002c02a3ee550
Event: 4.217 Thread 0x000002c02a3ebad0 Thread added: 0x000002c02a3ebad0
Event: 4.217 Thread 0x000002c02a3e85b0 Thread added: 0x000002c02a3e85b0
Event: 4.217 Thread 0x000002c02a3ed010 Thread added: 0x000002c02a3ed010
Event: 4.217 Thread 0x000002c02a3ec020 Thread added: 0x000002c02a3ec020
Event: 4.217 Thread 0x000002c02a3eeaa0 Thread added: 0x000002c02a3eeaa0
Event: 4.217 Thread 0x000002c02a3ed560 Thread added: 0x000002c02a3ed560
Event: 4.217 Thread 0x000002c02a3ec570 Thread added: 0x000002c02a3ec570
Event: 4.217 Thread 0x000002c02a3ee000 Thread added: 0x000002c02a3ee000
Event: 4.223 Thread 0x000002c02a3ea590 Thread added: 0x000002c02a3ea590
Event: 4.223 Thread 0x000002c02a3eeff0 Thread added: 0x000002c02a3eeff0
Event: 4.233 Thread 0x000002c027a90050 Thread exited: 0x000002c027a90050
Event: 4.235 Thread 0x000002c027bc2510 Thread exited: 0x000002c027bc2510
Event: 4.235 Thread 0x000002c00458e1c0 Thread exited: 0x000002c00458e1c0
Event: 4.235 Thread 0x000002c02a3eb580 Thread added: 0x000002c02a3eb580
Event: 4.807 Thread 0x000002c026f37c90 Thread exited: 0x000002c026f37c90


Dynamic libraries:
0x00007ff754710000 - 0x00007ff754720000 	C:\Program Files\Java\jdk-19\bin\java.exe
0x00007ffde88d0000 - 0x00007ffde8ac5000 	C:\Windows\SYSTEM32\ntdll.dll
0x00007ffde6f50000 - 0x00007ffde700e000 	C:\Windows\System32\KERNEL32.DLL
0x00007ffde6500000 - 0x00007ffde67c9000 	C:\Windows\System32\KERNELBASE.dll
0x00007ffde67d0000 - 0x00007ffde68d0000 	C:\Windows\System32\ucrtbase.dll
0x00007ffd98590000 - 0x00007ffd985a8000 	C:\Program Files\Java\jdk-19\bin\jli.dll
0x00007ffdbe210000 - 0x00007ffdbe22b000 	C:\Program Files\Java\jdk-19\bin\VCRUNTIME140.dll
0x00007ffde80c0000 - 0x00007ffde816c000 	C:\Windows\System32\ADVAPI32.dll
0x00007ffde69e0000 - 0x00007ffde6a7e000 	C:\Windows\System32\msvcrt.dll
0x00007ffde7d20000 - 0x00007ffde7dbb000 	C:\Windows\System32\sechost.dll
0x00007ffde86b0000 - 0x00007ffde87da000 	C:\Windows\System32\RPCRT4.dll
0x00007ffde8290000 - 0x00007ffde8431000 	C:\Windows\System32\USER32.dll
0x00007ffdd0460000 - 0x00007ffdd06fa000 	C:\Windows\WinSxS\amd64_microsoft.windows.common-controls_6595b64144ccf1df_6.0.19041.1110_none_60b5254171f9507e\COMCTL32.dll
0x00007ffde6090000 - 0x00007ffde60b2000 	C:\Windows\System32\win32u.dll
0x00007ffde7f70000 - 0x00007ffde7f9b000 	C:\Windows\System32\GDI32.dll
0x00007ffde63f0000 - 0x00007ffde64fb000 	C:\Windows\System32\gdi32full.dll
0x00007ffddedf0000 - 0x00007ffddedfa000 	C:\Windows\SYSTEM32\VERSION.dll
0x00007ffde5ff0000 - 0x00007ffde608d000 	C:\Windows\System32\msvcp_win.dll
0x00007ffde7fa0000 - 0x00007ffde7fd0000 	C:\Windows\System32\IMM32.DLL
0x00007ffdcf3e0000 - 0x00007ffdcf3ec000 	C:\Program Files\Java\jdk-19\bin\vcruntime140_1.dll
0x00007ffd98500000 - 0x00007ffd9858e000 	C:\Program Files\Java\jdk-19\bin\msvcp140.dll
0x00007ffd97840000 - 0x00007ffd98500000 	C:\Program Files\Java\jdk-19\bin\server\jvm.dll
0x00007ffdc75a0000 - 0x00007ffdc75c7000 	C:\Windows\SYSTEM32\WINMM.dll
0x00007ffdc8c50000 - 0x00007ffdc8c59000 	C:\Windows\SYSTEM32\WSOCK32.dll
0x00007ffde6ee0000 - 0x00007ffde6f4b000 	C:\Windows\System32\WS2_32.dll
0x00007ffde48a0000 - 0x00007ffde48b2000 	C:\Windows\SYSTEM32\kernel.appcore.dll
0x00007ffdcf0b0000 - 0x00007ffdcf0ba000 	C:\Program Files\Java\jdk-19\bin\jimage.dll
0x00007ffde3de0000 - 0x00007ffde3fc4000 	C:\Windows\SYSTEM32\DBGHELP.DLL
0x00007ffdcb250000 - 0x00007ffdcb27c000 	C:\Windows\SYSTEM32\dbgcore.DLL
0x00007ffde62d0000 - 0x00007ffde6353000 	C:\Windows\System32\bcryptPrimitives.dll
0x00007ffde1850000 - 0x00007ffde185e000 	C:\Program Files\Java\jdk-19\bin\instrument.dll
0x00007ffd97810000 - 0x00007ffd97836000 	C:\Program Files\Java\jdk-19\bin\java.dll
0x00007ffd97730000 - 0x00007ffd97807000 	C:\Program Files\Java\jdk-19\bin\jsvml.dll
0x00007ffde7140000 - 0x00007ffde787f000 	C:\Windows\System32\SHELL32.dll
0x00007ffde40d0000 - 0x00007ffde4860000 	C:\Windows\SYSTEM32\windows.storage.dll
0x00007ffde6b00000 - 0x00007ffde6e55000 	C:\Windows\System32\combase.dll
0x00007ffde5a40000 - 0x00007ffde5a6c000 	C:\Windows\SYSTEM32\Wldp.dll
0x00007ffde87e0000 - 0x00007ffde888e000 	C:\Windows\System32\SHCORE.dll
0x00007ffde8440000 - 0x00007ffde8495000 	C:\Windows\System32\shlwapi.dll
0x00007ffde5f30000 - 0x00007ffde5f4f000 	C:\Windows\SYSTEM32\profapi.dll
0x00007ffd976d0000 - 0x00007ffd976e8000 	C:\Program Files\Java\jdk-19\bin\zip.dll
0x00007ffd97710000 - 0x00007ffd97723000 	C:\Program Files\Java\jdk-19\bin\net.dll
0x00007ffddebd0000 - 0x00007ffddecd8000 	C:\Windows\SYSTEM32\WINHTTP.dll
0x00007ffde57a0000 - 0x00007ffde580a000 	C:\Windows\system32\mswsock.dll
0x00007ffd976f0000 - 0x00007ffd97706000 	C:\Program Files\Java\jdk-19\bin\nio.dll
0x00007ffdcec70000 - 0x00007ffdcec78000 	C:\Program Files\Java\jdk-19\bin\extnet.dll
0x00007ffde02c0000 - 0x00007ffde02ca000 	C:\Program Files\Java\jdk-19\bin\management.dll
0x00007ffde0270000 - 0x00007ffde027b000 	C:\Program Files\Java\jdk-19\bin\management_ext.dll
0x00007ffde6e70000 - 0x00007ffde6e78000 	C:\Windows\System32\PSAPI.DLL
0x00007ffde5990000 - 0x00007ffde59a8000 	C:\Windows\SYSTEM32\CRYPTSP.dll
0x00007ffde50b0000 - 0x00007ffde50e4000 	C:\Windows\system32\rsaenh.dll
0x00007ffde6360000 - 0x00007ffde6387000 	C:\Windows\System32\bcrypt.dll
0x00007ffde5eb0000 - 0x00007ffde5ede000 	C:\Windows\SYSTEM32\USERENV.dll
0x00007ffde59b0000 - 0x00007ffde59bc000 	C:\Windows\SYSTEM32\CRYPTBASE.dll
0x00007ffde5420000 - 0x00007ffde545b000 	C:\Windows\SYSTEM32\IPHLPAPI.DLL
0x00007ffde7fd0000 - 0x00007ffde7fd8000 	C:\Windows\System32\NSI.dll
0x00007ffddb700000 - 0x00007ffddb717000 	C:\Windows\SYSTEM32\dhcpcsvc6.DLL
0x00007ffdde6c0000 - 0x00007ffdde6dd000 	C:\Windows\SYSTEM32\dhcpcsvc.DLL
0x00007ffde5460000 - 0x00007ffde552c000 	C:\Windows\SYSTEM32\DNSAPI.dll
0x00007ffde0260000 - 0x00007ffde026e000 	C:\Program Files\Java\jdk-19\bin\sunmscapi.dll
0x00007ffde60c0000 - 0x00007ffde6216000 	C:\Windows\System32\CRYPT32.dll
0x00007ffde5ab0000 - 0x00007ffde5ad7000 	C:\Windows\SYSTEM32\ncrypt.dll
0x00007ffde5a70000 - 0x00007ffde5aab000 	C:\Windows\SYSTEM32\NTASN1.dll
0x00007ffde0330000 - 0x00007ffde0340000 	C:\Program Files\Java\jdk-19\bin\verify.dll
0x00007ffdd0c40000 - 0x00007ffdd0c4a000 	C:\Windows\System32\rasadhlp.dll
0x00007ffdd0c80000 - 0x00007ffdd0cff000 	C:\Windows\System32\fwpuclnt.dll
0x00007ffdd0bb0000 - 0x00007ffdd0bb7000 	C:\Windows\system32\wshunix.dll

dbghelp: loaded successfully - version: 4.0.5 - missing functions: none
symbol engine: initialized successfully - sym options: 0x614 - pdb path: .;C:\Program Files\Java\jdk-19\bin;C:\Windows\SYSTEM32;C:\Windows\WinSxS\amd64_microsoft.windows.common-controls_6595b64144ccf1df_6.0.19041.1110_none_60b5254171f9507e;C:\Program Files\Java\jdk-19\bin\server

VM Arguments:
jvm_args: -javaagent:C:\Users\Жанарбай\AppData\Local\JetBrains\IntelliJ IDEA Community Edition 2022.3.2\lib\idea_rt.jar=51922:C:\Users\Жанарбай\AppData\Local\JetBrains\IntelliJ IDEA Community Edition 2022.3.2\bin -Dfile.encoding=UTF-8 -Dsun.stdout.encoding=UTF-8 -Dsun.stderr.encoding=UTF-8 
java_command: com.example.denSooluk.DenSoolukApplication
java_class_path (initial): C:\Users\Жанарбай\Desktop\frameworks\SPRING\denSooluk\denSooluk\target\classes;C:\Users\Жанарбай\.m2\repository\org\springframework\boot\spring-boot-starter-security\3.1.0\spring-boot-starter-security-3.1.0.jar;C:\Users\Жанарбай\.m2\repository\org\springframework\boot\spring-boot-starter\3.1.0\spring-boot-starter-3.1.0.jar;C:\Users\Жанарбай\.m2\repository\org\springframework\boot\spring-boot-starter-logging\3.1.0\spring-boot-starter-logging-3.1.0.jar;C:\Users\Жанарбай\.m2\repository\ch\qos\logback\logback-classic\1.4.7\logback-classic-1.4.7.jar;C:\Users\Жанарбай\.m2\repository\ch\qos\logback\logback-core\1.4.7\logback-core-1.4.7.jar;C:\Users\Жанарбай\.m2\repository\org\apache\logging\log4j\log4j-to-slf4j\2.20.0\log4j-to-slf4j-2.20.0.jar;C:\Users\Жанарбай\.m2\repository\org\apache\logging\log4j\log4j-api\2.20.0\log4j-api-2.20.0.jar;C:\Users\Жанарбай\.m2\repository\org\slf4j\jul-to-slf4j\2.0.7\jul-to-slf4j-2.0.7.jar;C:\Users\Жанарбай\.m2\repository\jakarta\annotation\jakarta.annotation-api\2.1.1\jakarta.annotation-api-2.1.1.jar;C:\Users\Жанарбай\.m2\repository\org\yaml\snakeyaml\1.33\snakeyaml-1.33.jar;C:\Users\Жанарбай\.m2\repository\org\springframework\spring-aop\6.0.9\spring-aop-6.0.9.jar;C:\Users\Жанарбай\.m2\repository\org\springframework\spring-beans\6.0.9\spring-beans-6.0.9.jar;C:\Users\Жанарбай\.m2\repository\org\springframework\security\spring-security-config\6.1.0\spring-security-config-6.1.0.jar;C:\Users\Жанарбай\.m2\repository\org\springframework\spring-context\6.0.9\spring-context-6.0.9.jar;C:\Users\Жанарбай\.m2\repository\org\springframework\security\spring-security-web\6.1.0\spring-security-web-6.1.0.jar;C:\Users\Жанарбай\.m2\repository\org\springframework\spring-expression\6.0.9\spring-expression-6.0.9.jar;C:\Users\Жанарбай\.m2\repository\org\springframework\boot\spring-boot-devtools\3.1.0\spring-boot-devtools-3.1.0.jar;C:\Users\Жанарбай\.m2\repository\org\springframework\boot\spring-boot\3.1.0\spring-boot-3.1.0.jar;C:\Users\Жанарбай\.m2\repository\org\springframework\boot\spring-boot-autoconfigure\3.1.0\spring-boot-autoconfigure-3.1.0.jar;C:\Users\Жанарбай\.m2\repository\org\springframework\security\spring-security-core\6.1.0\spring-security-core-6.1.0.jar;C:\Users\Жанарбай\.m2\repository\org\springframework\security\spring-security-crypto\6.1.0\spring-security-crypto-6.1.0.jar;C:\Users\Жанарбай\.m2\repository\io\micrometer\micrometer-observation\1.11.0\micrometer-observation-1.11.0.jar;C:\Users\Жанарбай\.m2\repository\io\micrometer\micrometer-commons\1.11.0\micrometer-commons-1.11.0.jar;C:\Users\Жанарбай\.m2\repository\org\springframework\spring-core\6.0.9\spring-core-6.0.9.jar;C:\Users\Жанарбай\.m2\repository\org\springframework\spring-jcl\6.0.9\spring-jcl-6.0.9.jar;C:\Users\Жанарбай\.m2\repository\org\thymeleaf\extras\thymeleaf-extras-springsecurity6\3.1.1.RELEASE\thymeleaf-extras-springsecurity6-3.1.1.RELEASE.jar;C:\Users\Жанарбай\.m2\repository\org\thymeleaf\thymeleaf-spring6\3.1.1.RELEASE\thymeleaf-spring6-3.1.1.RELEASE.jar;C:\Users\Жанарбай\.m2\repository\org\thymeleaf\thymeleaf\3.1.1.RELEASE\thymeleaf-3.1.1.RELEASE.jar;C:\Users\Жанарбай\.m2\repository\org\attoparser\attoparser\2.0.6.RELEASE\attoparser-2.0.6.RELEASE.jar;C:\Users\Жанарбай\.m2\repository\org\unbescape\unbescape\1.1.6.RELEASE\unbescape-1.1.6.RELEASE.jar;C:\Users\Жанарбай\.m2\repository\org\slf4j\slf4j-api\2.0.7\slf4j-api-2.0.7.jar;C:\Users\Жанарбай\.m2\repository\org\springframework\boot\spring-boot-starter-data-jpa\3.1.0\spring-boot-starter-data-jpa-3.1.0.jar;C:\Users\Жанарбай\.m2\repository\org\springframework\boot\spring-boot-starter-aop\3.1.0\spring-boot-starter-aop-3.1.0.jar;C:\Users\Жанарбай\.m2\repository\org\aspectj\aspectjweaver\1.9.19\aspectjweaver-1.9.19.jar;C:\Users\Жанарбай\.m2\repository\org\springframework\boot\spring-boot-starter-jdbc\3.1.0\spring-boot-starter-jdbc-3.1.0.jar;C:\Users\Жанарбай\.m2\repository\com\zaxxer\HikariCP\5.0.1\HikariCP-5.0.1.jar;C:\Users\Жанарбай\.m2\repository\org\springframework\spring-jdbc\6.0.9\spring-jdbc-6.0.9.jar;C:\Users\Жанарбай\.m2\repository\org\hibernate\orm\hibernate-core\6.2.2.Final\hibernate-core-6.2.2.Final.jar;C:\Users\Жанарбай\.m2\repository\jakarta\persistence\jakarta.persistence-api\3.1.0\jakarta.persistence-api-3.1.0.jar;C:\Users\Жанарбай\.m2\repository\jakarta\transaction\jakarta.transaction-api\2.0.1\jakarta.transaction-api-2.0.1.jar;C:\Users\Жанарбай\.m2\repository\org\jboss\logging\jboss-logging\3.5.0.Final\jboss-logging-3.5.0.Final.jar;C:\Users\Жанарбай\.m2\repository\org\hibernate\common\hibernate-commons-annotations\6.0.6.Final\hibernate-commons-annotations-6.0.6.Final.jar;C:\Users\Жанарбай\.m2\repository\io\smallrye\jandex\3.0.5\jandex-3.0.5.jar;C:\Users\Жанарбай\.m2\repository\com\fasterxml\classmate\1.5.1\classmate-1.5.1.jar;C:\Users\Жанарбай\.m2\repository\net\bytebuddy\byte-buddy\1.14.4\byte-buddy-1.14.4.jar;C:\Users\Жанарбай\.m2\repository\org\glassfish\jaxb\jaxb-runtime\4.0.2\jaxb-runtime-4.0.2.jar;C:\Users\Жанарбай\.m2\repository\org\glassfish\jaxb\jaxb-core\4.0.2\jaxb-core-4.0.2.jar;C:\Users\Жанарбай\.m2\repository\org\glassfish\jaxb\txw2\4.0.2\txw2-4.0.2.jar;C:\Users\Жанарбай\.m2\repository\com\sun\istack\istack-commons-runtime\4.1.1\istack-commons-runtime-4.1.1.jar;C:\Users\Жанарбай\.m2\repository\jakarta\inject\jakarta.inject-api\2.0.1\jakarta.inject-api-2.0.1.jar;C:\Users\Жанарбай\.m2\repository\org\antlr\antlr4-runtime\4.10.1\antlr4-runtime-4.10.1.jar;C:\Users\Жанарбай\.m2\repository\org\springframework\data\spring-data-jpa\3.1.0\spring-data-jpa-3.1.0.jar;C:\Users\Жанарбай\.m2\repository\org\springframework\data\spring-data-commons\3.1.0\spring-data-commons-3.1.0.jar;C:\Users\Жанарбай\.m2\repository\org\springframework\spring-orm\6.0.9\spring-orm-6.0.9.jar;C:\Users\Жанарбай\.m2\repository\org\springframework\spring-tx\6.0.9\spring-tx-6.0.9.jar;C:\Users\Жанарбай\.m2\repository\org\springframework\spring-aspects\6.0.9\spring-aspects-6.0.9.jar;C:\Users\Жанарбай\.m2\repository\org\springframework\boot\spring-boot-starter-thymeleaf\3.1.0\spring-boot-starter-thymeleaf-3.1.0.jar;C:\Users\Жанарбай\.m2\repository\org\springframework\boot\spring-boot-starter-mail\3.1.0\spring-boot-starter-mail-3.1.0.jar;C:\Users\Жанарбай\.m2\repository\org\springframework\spring-context-support\6.0.9\spring-context-support-6.0.9.jar;C:\Users\Жанарбай\.m2\repository\org\eclipse\angus\jakarta.mail\1.1.0\jakarta.mail-1.1.0.jar;C:\Users\Жанарбай\.m2\repository\jakarta\activation\jakarta.activation-api\2.1.2\jakarta.activation-api-2.1.2.jar;C:\Users\Жанарбай\.m2\repository\org\eclipse\angus\angus-activation\2.0.0\angus-activation-2.0.0.jar;C:\Users\Жанарбай\.m2\repository\org\springframework\boot\spring-boot-starter-web\3.1.0\spring-boot-starter-web-3.1.0.jar;C:\Users\Жанарбай\.m2\repository\org\springframework\boot\spring-boot-starter-json\3.1.0\spring-boot-starter-json-3.1.0.jar;C:\Users\Жанарбай\.m2\repository\com\fasterxml\jackson\core\jackson-databind\2.15.0\jackson-databind-2.15.0.jar;C:\Users\Жанарбай\.m2\repository\com\fasterxml\jackson\core\jackson-annotations\2.15.0\jackson-annotations-2.15.0.jar;C:\Users\Жанарбай\.m2\repository\com\fasterxml\jackson\core\jackson-core\2.15.0\jackson-core-2.15.0.jar;C:\Users\Жанарбай\.m2\repository\com\fasterxml\jackson\datatype\jackson-datatype-jdk8\2.15.0\jackson-datatype-jdk8-2.15.0.jar;C:\Users\Жанарбай\.m2\repository\com\fasterxml\jackson\datatype\jackson-datatype-jsr310\2.15.0\jackson-datatype-jsr310-2.15.0.jar;C:\Users\Жанарбай\.m2\repository\com\fasterxml\jackson\module\jackson-module-parameter-names\2.15.0\jackson-module-parameter-names-2.15.0.jar;C:\Users\Жанарбай\.m2\repository\org\springframework\boot\spring-boot-starter-tomcat\3.1.0\spring-boot-starter-tomcat-3.1.0.jar;C:\Users\Жанарбай\.m2\repository\org\apache\tomcat\embed\tomcat-embed-core\10.1.8\tomcat-embed-core-10.1.8.jar;C:\Users\Жанарбай\.m2\repository\org\apache\tomcat\embed\tomcat-embed-websocket\10.1.8\tomcat-embed-websocket-10.1.8.jar;C:\Users\Жанарбай\.m2\repository\org\springframework\spring-web\6.0.9\spring-web-6.0.9.jar;C:\Users\Жанарбай\.m2\repository\org\springframework\spring-webmvc\6.0.9\spring-webmvc-6.0.9.jar;C:\Users\Жанарбай\.m2\repository\org\postgresql\postgresql\42.6.0\postgresql-42.6.0.jar;C:\Users\Жанарбай\.m2\repository\org\checkerframework\checker-qual\3.31.0\checker-qual-3.31.0.jar;C:\Users\Жанарбай\.m2\repository\org\projectlombok\lombok\1.18.26\lombok-1.18.26.jar;C:\Users\Жанарбай\.m2\repository\jakarta\xml\bind\jakarta.xml.bind-api\4.0.0\jakarta.xml.bind-api-4.0.0.jar;C:\Users\Жанарбай\.m2\repository\org\springframework\boot\spring-boot-starter-validation\3.1.0\spring-boot-starter-validation-3.1.0.jar;C:\Users\Жанарбай\.m2\repository\org\apache\tomcat\embed\tomcat-embed-el\10.1.8\tomcat-embed-el-10.1.8.jar;C:\Users\Жанарбай\.m2\repository\org\hibernate\validator\hibernate-validator\8.0.0.Final\hibernate-validator-8.0.0.Final.jar;C:\Users\Жанарбай\.m2\repository\jakarta\validation\jakarta.validation-api\3.0.2\jakarta.validation-api-3.0.2.jar
Launcher Type: SUN_STANDARD

[Global flags]
     intx CICompilerCount                          = 4                                         {product} {ergonomic}
     uint ConcGCThreads                            = 2                                         {product} {ergonomic}
     uint G1ConcRefinementThreads                  = 8                                         {product} {ergonomic}
   size_t G1HeapRegionSize                         = 1048576                                   {product} {ergonomic}
    uintx GCDrainStackTargetSize                   = 64                                        {product} {ergonomic}
   size_t InitialHeapSize                          = 130023424                                 {product} {ergonomic}
   size_t MarkStackSize                            = 4194304                                   {product} {ergonomic}
   size_t MaxHeapSize                              = 2067791872                                {product} {ergonomic}
   size_t MaxNewSize                               = 1240465408                                {product} {ergonomic}
   size_t MinHeapDeltaBytes                        = 1048576                                   {product} {ergonomic}
   size_t MinHeapSize                              = 8388608                                   {product} {ergonomic}
    uintx NonNMethodCodeHeapSize                   = 5839372                                {pd product} {ergonomic}
    uintx NonProfiledCodeHeapSize                  = 122909434                              {pd product} {ergonomic}
    uintx ProfiledCodeHeapSize                     = 122909434                              {pd product} {ergonomic}
    uintx ReservedCodeCacheSize                    = 251658240                              {pd product} {ergonomic}
     bool SegmentedCodeCache                       = true                                      {product} {ergonomic}
   size_t SoftMaxHeapSize                          = 2067791872                             {manageable} {ergonomic}
     bool UseCompressedClassPointers               = true                           {product lp64_product} {ergonomic}
     bool UseCompressedOops                        = true                           {product lp64_product} {ergonomic}
     bool UseG1GC                                  = true                                      {product} {ergonomic}
     bool UseLargePagesIndividualAllocation        = false                                  {pd product} {ergonomic}

Logging:
Log output configuration:
 #0: stdout all=warning uptime,level,tags foldmultilines=false
 #1: stderr all=off uptime,level,tags foldmultilines=false

Environment Variables:
JAVA_HOME=C:\Program Files\Java\jdk-19
PATH=C:\Program Files\Common Files\Oracle\Java\javapath;C:\Windows\system32;C:\Windows;C:\Windows\System32\Wbem;C:\Windows\System32\WindowsPowerShell\v1.0\;C:\Program Files\Git\cmd;C:\Program Files\Java\jdk-19\bin;C:\Program Files\nodejs\;C:\Program Files\MySQL\MySQL Shell 8.0\bin\;C:\Users\Жанарбай\AppData\Local\Microsoft\WindowsApps;C:\Users\Жанарбай\AppData\Local\Programs\Microsoft VS Code\bin;C:\Program Files\JetBrains\PyCharm Community Edition 2022.2.3\bin;;C:\Users\Жанарбай\AppData\Local\GitHubDesktop\bin;C:\Users\Жанарбай\AppData\Roaming\npm;C:\Program Files\JetBrains\IntelliJ IDEA 2023.1.1\bin;
USERNAME=Жанарбай
OS=Windows_NT
PROCESSOR_IDENTIFIER=Intel64 Family 6 Model 140 Stepping 1, GenuineIntel
TMP=C:\Users\46FB~1\AppData\Local\Temp
TEMP=C:\Users\46FB~1\AppData\Local\Temp



---------------  S Y S T E M  ---------------

OS:
 Windows 10 , 64 bit Build 19041 (10.0.19041.1202)
OS uptime: 0 days 1:47 hours

CPU: total 8 (initial active 8) (4 cores per cpu, 2 threads per core) family 6 model 140 stepping 1 microcode 0xa4, cx8, cmov, fxsr, ht, mmx, 3dnowpref, sse, sse2, sse3, ssse3, sse4.1, sse4.2, popcnt, lzcnt, tsc, tscinvbit, avx, avx2, aes, erms, clmul, bmi1, bmi2, adx, avx512f, avx512dq, avx512cd, avx512bw, avx512vl, sha, fma, vzeroupper, avx512_vpopcntdq, avx512_vpclmulqdq, avx512_vaes, avx512_vnni, clflush, clflushopt, clwb, avx512_vbmi2, avx512_vbmi, rdtscp, rdpid, fsrm, gfni, avx512_bitalg

Memory: 4k page, system-wide physical 7883M (368M free)
TotalPageFile size 7883M (AvailPageFile size 3M)
current process WorkingSet (physical memory assigned to process): 257M, peak: 299M
current process commit charge ("private bytes"): 305M, peak: 339M

vm_info: Java HotSpot(TM) 64-Bit Server VM (19.0.2+7-44) for windows-amd64 JRE (19.0.2+7-44), built on 2022-11-30T18:02:09Z by "mach5one" with MS VC++ 17.1 (VS2022)

END.
