#
# There is insufficient memory for the Java Runtime Environment to continue.
# Native memory allocation (mmap) failed to map 3145728 bytes for G1 virtual space
# Possible reasons:
#   The system is out of physical RAM or swap space
#   The process is running with CompressedOops enabled, and the Java Heap may be blocking the growth of the native heap
# Possible solutions:
#   Reduce memory load on the system
#   Increase physical memory or swap space
#   Check if swap backing store is full
#   Decrease Java heap size (-Xmx/-Xms)
#   Decrease number of Java threads
#   Decrease Java thread stack sizes (-Xss)
#   Set larger code cache with -XX:ReservedCodeCacheSize=
#   JVM is running with Unscaled Compressed Oops mode in which the Java heap is
#     placed in the first 4GB address space. The Java Heap base address is the
#     maximum limit for the native heap growth. Please use -XX:HeapBaseMinAddress
#     to set the Java Heap base and to place the Java Heap above 4GB virtual address.
# This output file may be truncated or incomplete.
#
#  Out of Memory Error (os_windows.cpp:3536), pid=3112, tid=2936
#
# JRE version: Java(TM) SE Runtime Environment (19.0.2+7) (build 19.0.2+7-44)
# Java VM: Java HotSpot(TM) 64-Bit Server VM (19.0.2+7-44, mixed mode, sharing, tiered, compressed oops, compressed class ptrs, g1 gc, windows-amd64)
# No core dump will be written. Minidumps are not enabled by default on client versions of Windows
#

---------------  S U M M A R Y ------------

Command Line: -javaagent:C:\Users\Жанарбай\AppData\Local\JetBrains\IntelliJ IDEA Community Edition 2022.3.2\lib\idea_rt.jar=49884:C:\Users\Жанарбай\AppData\Local\JetBrains\IntelliJ IDEA Community Edition 2022.3.2\bin -Dfile.encoding=UTF-8 -Dsun.stdout.encoding=UTF-8 -Dsun.stderr.encoding=UTF-8 com.example.denSooluk.DenSoolukApplication

Host: 11th Gen Intel(R) Core(TM) i7-1165G7 @ 2.80GHz, 8 cores, 7G,  Windows 10 , 64 bit Build 19041 (10.0.19041.1202)
Time: Sun Jun 18 09:16:26 2023  Windows 10 , 64 bit Build 19041 (10.0.19041.1202) elapsed time: 3.279512 seconds (0d 0h 0m 3s)

---------------  T H R E A D  ---------------

Current thread (0x00000220c523a1c0):  VMThread "VM Thread" [stack: 0x0000003df0200000,0x0000003df0300000] [id=2936]

Stack: [0x0000003df0200000,0x0000003df0300000]
Native frames: (J=compiled Java code, j=interpreted, Vv=VM code, C=native code)
V  [jvm.dll+0x6ee21a]
V  [jvm.dll+0x85765e]
V  [jvm.dll+0x85904e]
V  [jvm.dll+0x859703]
V  [jvm.dll+0x28298f]
V  [jvm.dll+0x6eb009]
V  [jvm.dll+0x6dfbaa]
V  [jvm.dll+0x3573f6]
V  [jvm.dll+0x35ee56]
V  [jvm.dll+0x3b541e]
V  [jvm.dll+0x3b564f]
V  [jvm.dll+0x32c9ea]
V  [jvm.dll+0x32ca97]
V  [jvm.dll+0x374cd2]
V  [jvm.dll+0x37340f]
V  [jvm.dll+0x32c210]
V  [jvm.dll+0x3729ab]
V  [jvm.dll+0x85ebc3]
V  [jvm.dll+0x85f989]
V  [jvm.dll+0x85febd]
V  [jvm.dll+0x86034b]
V  [jvm.dll+0x860407]
V  [jvm.dll+0x80125a]
V  [jvm.dll+0x6ecf0b]
C  [ucrtbase.dll+0x21bb2]
C  [KERNEL32.DLL+0x17034]
C  [ntdll.dll+0x52651]

VM_Operation (0x0000003df12fb940): G1CollectForAllocation, mode: safepoint, requested by thread 0x00000220ca222470


---------------  P R O C E S S  ---------------

Threads class SMR info:
_java_thread_list=0x00000220cceb3e80, length=23, elements={
0x00000220a4caeda0, 0x00000220c5256320, 0x00000220c5256f10, 0x00000220c525a260,
0x00000220c525ab90, 0x00000220c525b600, 0x00000220c525bf30, 0x00000220c5269900,
0x00000220c52947f0, 0x00000220c529f6a0, 0x00000220c94b2790, 0x00000220c9581970,
0x00000220c9a1d9f0, 0x00000220c9811620, 0x00000220ca26d5d0, 0x00000220ca222470,
0x00000220ca836070, 0x00000220ca61d970, 0x00000220ca61d420, 0x00000220ca61dec0,
0x00000220cce358a0, 0x00000220cce36890, 0x00000220cce32380
}

Java Threads: ( => current thread )
  0x00000220a4caeda0 JavaThread "main" [_thread_blocked, id=1796, stack(0x0000003defc00000,0x0000003defd00000)]
  0x00000220c5256320 JavaThread "Reference Handler" daemon [_thread_blocked, id=4340, stack(0x0000003df0300000,0x0000003df0400000)]
  0x00000220c5256f10 JavaThread "Finalizer" daemon [_thread_blocked, id=1376, stack(0x0000003df0400000,0x0000003df0500000)]
  0x00000220c525a260 JavaThread "Signal Dispatcher" daemon [_thread_blocked, id=5068, stack(0x0000003df0500000,0x0000003df0600000)]
  0x00000220c525ab90 JavaThread "Attach Listener" daemon [_thread_blocked, id=10136, stack(0x0000003df0600000,0x0000003df0700000)]
  0x00000220c525b600 JavaThread "Service Thread" daemon [_thread_blocked, id=6912, stack(0x0000003df0700000,0x0000003df0800000)]
  0x00000220c525bf30 JavaThread "Monitor Deflation Thread" daemon [_thread_blocked, id=7732, stack(0x0000003df0800000,0x0000003df0900000)]
  0x00000220c5269900 JavaThread "C2 CompilerThread0" daemon [_thread_blocked, id=2880, stack(0x0000003df0900000,0x0000003df0a00000)]
  0x00000220c52947f0 JavaThread "C1 CompilerThread0" daemon [_thread_blocked, id=8540, stack(0x0000003df0a00000,0x0000003df0b00000)]
  0x00000220c529f6a0 JavaThread "Sweeper thread" daemon [_thread_blocked, id=2680, stack(0x0000003df0b00000,0x0000003df0c00000)]
  0x00000220c94b2790 JavaThread "Common-Cleaner" daemon [_thread_blocked, id=3992, stack(0x0000003df0c00000,0x0000003df0d00000)]
  0x00000220c9581970 JavaThread "C2 CompilerThread1" daemon [_thread_in_native, id=8012, stack(0x0000003df0d00000,0x0000003df0e00000)]
  0x00000220c9a1d9f0 JavaThread "Monitor Ctrl-Break" daemon [_thread_in_native, id=7724, stack(0x0000003df0e00000,0x0000003df0f00000)]
  0x00000220c9811620 JavaThread "Notification Thread" daemon [_thread_blocked, id=6876, stack(0x0000003df0f00000,0x0000003df1000000)]
  0x00000220ca26d5d0 JavaThread "Thread-0" [_thread_blocked, id=8608, stack(0x0000003df1100000,0x0000003df1200000)]
  0x00000220ca222470 JavaThread "restartedMain" [_thread_blocked, id=7420, stack(0x0000003df1200000,0x0000003df1300000)]
  0x00000220ca836070 JavaThread "C2 CompilerThread2" daemon [_thread_blocked, id=788, stack(0x0000003df1b00000,0x0000003df1c00000)]
  0x00000220ca61d970 JavaThread "Catalina-utility-1" [_thread_blocked, id=7524, stack(0x0000003df1c00000,0x0000003df1d00000)]
  0x00000220ca61d420 JavaThread "Catalina-utility-2" [_thread_blocked, id=9628, stack(0x0000003df1d00000,0x0000003df1e00000)]
  0x00000220ca61dec0 JavaThread "container-0" [_thread_blocked, id=2700, stack(0x0000003df1e00000,0x0000003df1f00000)]
  0x00000220cce358a0 JavaThread "PostgreSQL-JDBC-Cleaner" daemon [_thread_blocked, id=10004, stack(0x0000003df2000000,0x0000003df2100000)]
  0x00000220cce36890 JavaThread "HikariPool-1 housekeeper" daemon [_thread_blocked, id=8068, stack(0x0000003df2100000,0x0000003df2200000)]
  0x00000220cce32380 JavaThread "HikariPool-1 connection adder" daemon [_thread_in_native, id=8064, stack(0x0000003df2200000,0x0000003df2300000)]

Other Threads:
=>0x00000220c523a1c0 VMThread "VM Thread" [stack: 0x0000003df0200000,0x0000003df0300000] [id=2936]
  0x00000220a4cb0ce0 WatcherThread "VM Periodic Task Thread" [stack: 0x0000003df1000000,0x0000003df1100000] [id=2788]
  0x00000220a4d0b6b0 WorkerThread "GC Thread#0" [stack: 0x0000003defd00000,0x0000003defe00000] [id=6676]
  0x00000220ca2abf40 WorkerThread "GC Thread#1" [stack: 0x0000003df1300000,0x0000003df1400000] [id=8336]
  0x00000220ca2ac210 WorkerThread "GC Thread#2" [stack: 0x0000003df1400000,0x0000003df1500000] [id=8076]
  0x00000220ca2ac4e0 WorkerThread "GC Thread#3" [stack: 0x0000003df1500000,0x0000003df1600000] [id=7992]
  0x00000220ca2d4d70 WorkerThread "GC Thread#4" [stack: 0x0000003df1600000,0x0000003df1700000] [id=9032]
  0x00000220ca2d5040 WorkerThread "GC Thread#5" [stack: 0x0000003df1700000,0x0000003df1800000] [id=4880]
  0x00000220ca2d5310 WorkerThread "GC Thread#6" [stack: 0x0000003df1900000,0x0000003df1a00000] [id=6844]
  0x00000220ca2d4aa0 WorkerThread "GC Thread#7" [stack: 0x0000003df1a00000,0x0000003df1b00000] [id=9540]
  0x00000220a4d1b670 ConcurrentGCThread "G1 Main Marker" [stack: 0x0000003defe00000,0x0000003deff00000] [id=7928]
  0x00000220a4bcdd30 WorkerThread "G1 Conc#0" [stack: 0x0000003deff00000,0x0000003df0000000] [id=7988]
  0x00000220ca2d3f60 WorkerThread "G1 Conc#1" [stack: 0x0000003df1800000,0x0000003df1900000] [id=2488]
  0x00000220a4d6e7a0 ConcurrentGCThread "G1 Refine#0" [stack: 0x0000003df0000000,0x0000003df0100000] [id=7796]
  0x00000220c50f23b0 ConcurrentGCThread "G1 Service" [stack: 0x0000003df0100000,0x0000003df0200000] [id=6036]

Threads with active compile tasks:
C2 CompilerThread0     3296 4879       4       sun.reflect.generics.parser.SignatureParser::parsePackageNameAndSimpleClassTypeSignature (119 bytes)
C1 CompilerThread0     3296 4844       3       org.hibernate.annotations.common.reflection.java.JavaXMember::typeOf (56 bytes)
C2 CompilerThread1     3296 4673       4       jdk.internal.org.objectweb.asm.MethodWriter::computeAllFrames (510 bytes)

VM state: at safepoint (normal execution)

VM Mutex/Monitor currently owned by a thread:  ([mutex/lock_event])
[0x00000220a4ca95b0] Threads_lock - owner thread: 0x00000220c523a1c0
[0x00000220a4caacc0] Heap_lock - owner thread: 0x00000220ca222470

Heap address: 0x0000000084c00000, size: 1972 MB, Compressed Oops mode: 32-bit

CDS archive(s) mapped at: [0x0000000800000000-0x0000000800c40000-0x0000000800c40000), size 12845056, SharedBaseAddress: 0x0000000800000000, ArchiveRelocationMode: 0.
Compressed class space mapped at: 0x0000000801000000-0x0000000841000000, reserved size: 1073741824
Narrow klass base: 0x0000000800000000, Narrow klass shift: 0, Narrow klass range: 0x100000000

GC Precious Log:
 CardTable entry size: 512
 Card Set container configuration: InlinePtr #cards 5 size 8 Array Of Cards #cards 12 size 40 Howl #buckets 4 coarsen threshold 1843 Howl Bitmap #cards 512 size 80 coarsen threshold 460 Card regions per heap region 1 cards per card region 2048
 CPUs: 8 total, 8 available
 Memory: 7883M
 Large Page Support: Disabled
 NUMA Support: Disabled
 Compressed Oops: Enabled (32-bit)
 Heap Region Size: 1M
 Heap Min Capacity: 8M
 Heap Initial Capacity: 124M
 Heap Max Capacity: 1972M
 Pre-touch: Disabled
 Parallel Workers: 8
 Concurrent Workers: 2
 Concurrent Refinement Workers: 8
 Periodic GC: Disabled

Heap:
 garbage-first heap   total 75776K, used 22086K [0x0000000084c00000, 0x0000000100000000)
  region size 1024K, 2 young (2048K), 2 survivors (2048K)
 Metaspace       used 44546K, committed 45120K, reserved 1114112K
  class space    used 5694K, committed 5952K, reserved 1048576K

Heap Regions: E=young(eden), S=young(survivor), O=old, HS=humongous(starts), HC=humongous(continues), CS=collection set, F=free, OA=open archive, CA=closed archive, TAMS=top-at-mark-start (previous, next)
|   0|0x0000000084c00000, 0x0000000084d00000, 0x0000000084d00000|100%|HS|  |TAMS 0x0000000084d00000, 0x0000000084c00000| Complete 
|   1|0x0000000084d00000, 0x0000000084e00000, 0x0000000084e00000|100%| O|  |TAMS 0x0000000084e00000, 0x0000000084d00000| Untracked 
|   2|0x0000000084e00000, 0x0000000084f00000, 0x0000000084f00000|100%| O|  |TAMS 0x0000000084f00000, 0x0000000084e00000| Untracked 
|   3|0x0000000084f00000, 0x0000000085000000, 0x0000000085000000|100%| O|  |TAMS 0x0000000085000000, 0x0000000084f00000| Untracked 
|   4|0x0000000085000000, 0x0000000085100000, 0x0000000085100000|100%| O|  |TAMS 0x0000000085100000, 0x0000000085000000| Untracked 
|   5|0x0000000085100000, 0x0000000085200000, 0x0000000085200000|100%| O|  |TAMS 0x0000000085200000, 0x0000000085100000| Untracked 
|   6|0x0000000085200000, 0x00000000852f6e00, 0x0000000085300000| 96%| O|  |TAMS 0x00000000852f6e00, 0x0000000085200000| Untracked 
|   7|0x0000000085300000, 0x0000000085400000, 0x0000000085400000|100%| O|  |TAMS 0x0000000085400000, 0x0000000085300000| Untracked 
|   8|0x0000000085400000, 0x0000000085500000, 0x0000000085500000|100%| O|  |TAMS 0x0000000085500000, 0x0000000085400000| Untracked 
|   9|0x0000000085500000, 0x0000000085600000, 0x0000000085600000|100%| O|  |TAMS 0x0000000085600000, 0x0000000085500000| Untracked 
|  10|0x0000000085600000, 0x0000000085700000, 0x0000000085700000|100%| O|  |TAMS 0x0000000085700000, 0x0000000085600000| Untracked 
|  11|0x0000000085700000, 0x0000000085800000, 0x0000000085800000|100%| O|  |TAMS 0x0000000085800000, 0x0000000085700000| Untracked 
|  12|0x0000000085800000, 0x0000000085900000, 0x0000000085900000|100%| O|  |TAMS 0x0000000085900000, 0x0000000085800000| Untracked 
|  13|0x0000000085900000, 0x0000000085a00000, 0x0000000085a00000|100%| O|  |TAMS 0x0000000085a00000, 0x0000000085900000| Untracked 
|  14|0x0000000085a00000, 0x0000000085b00000, 0x0000000085b00000|100%| O|  |TAMS 0x0000000085b00000, 0x0000000085a00000| Untracked 
|  15|0x0000000085b00000, 0x0000000085c00000, 0x0000000085c00000|100%| O|  |TAMS 0x0000000085c00000, 0x0000000085b00000| Untracked 
|  16|0x0000000085c00000, 0x0000000085d00000, 0x0000000085d00000|100%| O|  |TAMS 0x0000000085d00000, 0x0000000085c00000| Untracked 
|  17|0x0000000085d00000, 0x0000000085e00000, 0x0000000085e00000|100%| O|  |TAMS 0x0000000085d63e00, 0x0000000085d00000| Untracked 
|  18|0x0000000085e00000, 0x0000000085e00000, 0x0000000085f00000|  0%| F|  |TAMS 0x0000000085e00000, 0x0000000085e00000| Untracked 
|  19|0x0000000085f00000, 0x0000000086000000, 0x0000000086000000|100%| O|  |TAMS 0x0000000085f00000, 0x0000000085f00000| Untracked 
|  20|0x0000000086000000, 0x0000000086100000, 0x0000000086100000|100%| O|  |TAMS 0x0000000086000000, 0x0000000086000000| Untracked 
|  21|0x0000000086100000, 0x0000000086155c00, 0x0000000086200000| 33%| O|  |TAMS 0x0000000086100000, 0x0000000086100000| Untracked 
|  22|0x0000000086200000, 0x0000000086200000, 0x0000000086300000|  0%| F|  |TAMS 0x0000000086200000, 0x0000000086200000| Untracked 
|  23|0x0000000086300000, 0x0000000086300000, 0x0000000086400000|  0%| F|  |TAMS 0x0000000086300000, 0x0000000086300000| Untracked 
|  24|0x0000000086400000, 0x0000000086400000, 0x0000000086500000|  0%| F|  |TAMS 0x0000000086400000, 0x0000000086400000| Untracked 
|  25|0x0000000086500000, 0x0000000086500000, 0x0000000086600000|  0%| F|  |TAMS 0x0000000086500000, 0x0000000086500000| Untracked 
|  26|0x0000000086600000, 0x0000000086600000, 0x0000000086700000|  0%| F|  |TAMS 0x0000000086600000, 0x0000000086600000| Untracked 
|  27|0x0000000086700000, 0x0000000086700000, 0x0000000086800000|  0%| F|  |TAMS 0x0000000086700000, 0x0000000086700000| Untracked 
|  28|0x0000000086800000, 0x00000000868450a8, 0x0000000086900000| 26%| S|CS|TAMS 0x0000000086800000, 0x0000000086800000| Complete 
|  29|0x0000000086900000, 0x0000000086a00000, 0x0000000086a00000|100%| S|CS|TAMS 0x0000000086900000, 0x0000000086900000| Complete 
|  30|0x0000000086a00000, 0x0000000086a00000, 0x0000000086b00000|  0%| F|  |TAMS 0x0000000086a00000, 0x0000000086a00000| Untracked 
|  31|0x0000000086b00000, 0x0000000086b00000, 0x0000000086c00000|  0%| F|  |TAMS 0x0000000086b00000, 0x0000000086b00000| Untracked 
|  32|0x0000000086c00000, 0x0000000086c00000, 0x0000000086d00000|  0%| F|  |TAMS 0x0000000086c00000, 0x0000000086c00000| Untracked 
|  33|0x0000000086d00000, 0x0000000086d00000, 0x0000000086e00000|  0%| F|  |TAMS 0x0000000086d00000, 0x0000000086d00000| Untracked 
|  34|0x0000000086e00000, 0x0000000086e00000, 0x0000000086f00000|  0%| F|  |TAMS 0x0000000086e00000, 0x0000000086e00000| Untracked 
|  35|0x0000000086f00000, 0x0000000086f00000, 0x0000000087000000|  0%| F|  |TAMS 0x0000000086f00000, 0x0000000086f00000| Untracked 
|  36|0x0000000087000000, 0x0000000087000000, 0x0000000087100000|  0%| F|  |TAMS 0x0000000087000000, 0x0000000087000000| Untracked 
|  37|0x0000000087100000, 0x0000000087100000, 0x0000000087200000|  0%| F|  |TAMS 0x0000000087100000, 0x0000000087100000| Untracked 
|  38|0x0000000087200000, 0x0000000087200000, 0x0000000087300000|  0%| F|  |TAMS 0x0000000087200000, 0x0000000087200000| Untracked 
|  39|0x0000000087300000, 0x0000000087300000, 0x0000000087400000|  0%| F|  |TAMS 0x0000000087300000, 0x0000000087300000| Untracked 
|  40|0x0000000087400000, 0x0000000087400000, 0x0000000087500000|  0%| F|  |TAMS 0x0000000087400000, 0x0000000087400000| Untracked 
|  41|0x0000000087500000, 0x0000000087500000, 0x0000000087600000|  0%| F|  |TAMS 0x0000000087500000, 0x0000000087500000| Untracked 
|  42|0x0000000087600000, 0x0000000087600000, 0x0000000087700000|  0%| F|  |TAMS 0x0000000087600000, 0x0000000087600000| Untracked 
|  43|0x0000000087700000, 0x0000000087700000, 0x0000000087800000|  0%| F|  |TAMS 0x0000000087700000, 0x0000000087700000| Untracked 
|  44|0x0000000087800000, 0x0000000087800000, 0x0000000087900000|  0%| F|  |TAMS 0x0000000087800000, 0x0000000087800000| Untracked 
|  45|0x0000000087900000, 0x0000000087900000, 0x0000000087a00000|  0%| F|  |TAMS 0x0000000087900000, 0x0000000087900000| Untracked 
|  46|0x0000000087a00000, 0x0000000087a00000, 0x0000000087b00000|  0%| F|  |TAMS 0x0000000087a00000, 0x0000000087a00000| Untracked 
|  47|0x0000000087b00000, 0x0000000087b00000, 0x0000000087c00000|  0%| F|  |TAMS 0x0000000087b00000, 0x0000000087b00000| Untracked 
|  48|0x0000000087c00000, 0x0000000087c00000, 0x0000000087d00000|  0%| F|  |TAMS 0x0000000087c00000, 0x0000000087c00000| Untracked 
|  49|0x0000000087d00000, 0x0000000087d00000, 0x0000000087e00000|  0%| F|  |TAMS 0x0000000087d00000, 0x0000000087d00000| Untracked 
|  50|0x0000000087e00000, 0x0000000087e00000, 0x0000000087f00000|  0%| F|  |TAMS 0x0000000087e00000, 0x0000000087e00000| Untracked 
|  51|0x0000000087f00000, 0x0000000087f00000, 0x0000000088000000|  0%| F|  |TAMS 0x0000000087f00000, 0x0000000087f00000| Untracked 
|  52|0x0000000088000000, 0x0000000088000000, 0x0000000088100000|  0%| F|  |TAMS 0x0000000088000000, 0x0000000088000000| Untracked 
|  53|0x0000000088100000, 0x0000000088100000, 0x0000000088200000|  0%| F|  |TAMS 0x0000000088100000, 0x0000000088100000| Untracked 
|  54|0x0000000088200000, 0x0000000088200000, 0x0000000088300000|  0%| F|  |TAMS 0x0000000088200000, 0x0000000088200000| Untracked 
|  55|0x0000000088300000, 0x0000000088300000, 0x0000000088400000|  0%| F|  |TAMS 0x0000000088300000, 0x0000000088300000| Untracked 
|  56|0x0000000088400000, 0x0000000088400000, 0x0000000088500000|  0%| F|  |TAMS 0x0000000088400000, 0x0000000088400000| Untracked 
|  57|0x0000000088500000, 0x0000000088500000, 0x0000000088600000|  0%| F|  |TAMS 0x0000000088500000, 0x0000000088500000| Untracked 
|  58|0x0000000088600000, 0x0000000088600000, 0x0000000088700000|  0%| F|  |TAMS 0x0000000088600000, 0x0000000088600000| Untracked 
|  59|0x0000000088700000, 0x0000000088700000, 0x0000000088800000|  0%| F|  |TAMS 0x0000000088700000, 0x0000000088700000| Untracked 
|  60|0x0000000088800000, 0x0000000088800000, 0x0000000088900000|  0%| F|  |TAMS 0x0000000088800000, 0x0000000088800000| Untracked 
|  61|0x0000000088900000, 0x0000000088900000, 0x0000000088a00000|  0%| F|  |TAMS 0x0000000088900000, 0x0000000088900000| Untracked 
|  62|0x0000000088a00000, 0x0000000088a00000, 0x0000000088b00000|  0%| F|  |TAMS 0x0000000088a00000, 0x0000000088a00000| Untracked 
|  63|0x0000000088b00000, 0x0000000088b00000, 0x0000000088c00000|  0%| F|  |TAMS 0x0000000088b00000, 0x0000000088b00000| Untracked 
|  64|0x0000000088c00000, 0x0000000088c00000, 0x0000000088d00000|  0%| F|  |TAMS 0x0000000088c00000, 0x0000000088c00000| Untracked 
|  65|0x0000000088d00000, 0x0000000088d00000, 0x0000000088e00000|  0%| F|  |TAMS 0x0000000088d00000, 0x0000000088d00000| Untracked 
|  66|0x0000000088e00000, 0x0000000088e00000, 0x0000000088f00000|  0%| F|  |TAMS 0x0000000088e00000, 0x0000000088e00000| Untracked 
|  67|0x0000000088f00000, 0x0000000088f00000, 0x0000000089000000|  0%| F|  |TAMS 0x0000000088f00000, 0x0000000088f00000| Untracked 
|  68|0x0000000089000000, 0x0000000089000000, 0x0000000089100000|  0%| F|  |TAMS 0x0000000089000000, 0x0000000089000000| Untracked 
|  69|0x0000000089100000, 0x0000000089100000, 0x0000000089200000|  0%| F|  |TAMS 0x0000000089100000, 0x0000000089100000| Untracked 
|  70|0x0000000089200000, 0x0000000089200000, 0x0000000089300000|  0%| F|  |TAMS 0x0000000089200000, 0x0000000089200000| Untracked 
|  71|0x0000000089300000, 0x0000000089300000, 0x0000000089400000|  0%| F|  |TAMS 0x0000000089300000, 0x0000000089300000| Untracked 
|  72|0x0000000089400000, 0x0000000089400000, 0x0000000089500000|  0%| F|  |TAMS 0x0000000089400000, 0x0000000089400000| Untracked 
| 123|0x000000008c700000, 0x000000008c700000, 0x000000008c800000|  0%| F|  |TAMS 0x000000008c700000, 0x000000008c700000| Untracked 

Card table byte_map: [0x00000220be250000,0x00000220be630000] _byte_map_base: 0x00000220bde2a000

Marking Bits (Prev, Next): (CMBitMap*) 0x00000220a4bcbec0, (CMBitMap*) 0x00000220a4bcbf00
 Prev Bits: [0x00000220bea10000, 0x00000220c08e0000)
 Next Bits: [0x00000220c08e0000, 0x00000220c27b0000)

Polling page: 0x00000220a4d70000

Metaspace:

Usage:
  Non-class:     37.94 MB used.
      Class:      5.56 MB used.
       Both:     43.50 MB used.

Virtual space:
  Non-class space:       64.00 MB reserved,      38.25 MB ( 60%) committed,  1 nodes.
      Class space:        1.00 GB reserved,       5.81 MB ( <1%) committed,  1 nodes.
             Both:        1.06 GB reserved,      44.06 MB (  4%) committed. 

Chunk freelists:
   Non-Class:  944.00 KB
       Class:  2.03 MB
        Both:  2.95 MB

MaxMetaspaceSize: unlimited
CompressedClassSpaceSize: 1.00 GB
Initial GC threshold: 21.00 MB
Current GC threshold: 59.06 MB
CDS: on
MetaspaceReclaimPolicy: balanced
 - commit_granule_bytes: 65536.
 - commit_granule_words: 8192.
 - virtual_space_node_default_size: 8388608.
 - enlarge_chunks_in_place: 1.
 - new_chunks_are_fully_committed: 0.
 - uncommit_free_chunks: 1.
 - use_allocation_guard: 0.


Internal statistics:

num_allocs_failed_limit: 6.
num_arena_births: 688.
num_arena_deaths: 0.
num_vsnodes_births: 2.
num_vsnodes_deaths: 0.
num_space_committed: 705.
num_space_uncommitted: 0.
num_chunks_returned_to_freelist: 6.
num_chunks_taken_from_freelist: 2225.
num_chunk_merges: 6.
num_chunk_splits: 1593.
num_chunks_enlarged: 1279.
num_inconsistent_stats: 0.

CodeHeap 'non-profiled nmethods': size=120000Kb used=3136Kb max_used=3136Kb free=116863Kb
 bounds [0x00000220b5ee0000, 0x00000220b6200000, 0x00000220bd410000]
CodeHeap 'profiled nmethods': size=120000Kb used=10225Kb max_used=10225Kb free=109774Kb
 bounds [0x00000220ae410000, 0x00000220aee10000, 0x00000220b5940000]
CodeHeap 'non-nmethods': size=5760Kb used=1372Kb max_used=1443Kb free=4387Kb
 bounds [0x00000220b5940000, 0x00000220b5bb0000, 0x00000220b5ee0000]
 total_blobs=5440 nmethods=4853 adapters=496
 compilation: enabled
              stopped_count=0, restarted_count=0
 full_count=0

Compilation events (20 events):
Event: 3.270 Thread 0x00000220ca836070 4881       4       org.hibernate.annotations.common.reflection.java.JavaReflectionManager::getMetadataProvider (23 bytes)
Event: 3.271 Thread 0x00000220ca836070 nmethod 4881 0x00000220b61efb10 code [0x00000220b61efca0, 0x00000220b61efd38]
Event: 3.273 Thread 0x00000220c52947f0 nmethod 4843 0x00000220aeddff10 code [0x00000220aede2320, 0x00000220aedfa8f8]
Event: 3.273 Thread 0x00000220c52947f0 4882       1       org.hibernate.boot.internal.BootstrapContextImpl::getTypeConfiguration (5 bytes)
Event: 3.273 Thread 0x00000220c52947f0 nmethod 4882 0x00000220b61efe10 code [0x00000220b61effa0, 0x00000220b61f0058]
Event: 3.273 Thread 0x00000220c52947f0 4845       3       org.hibernate.annotations.common.reflection.java.JavaReflectionManager::toApproximatingEnvironment (5 bytes)
Event: 3.274 Thread 0x00000220c52947f0 nmethod 4845 0x00000220aee09090 code [0x00000220aee092a0, 0x00000220aee09a18]
Event: 3.274 Thread 0x00000220c52947f0 4846       3       org.hibernate.annotations.common.reflection.java.generics.TypeEnvironmentFactory::toApproximatingEnvironment (12 bytes)
Event: 3.274 Thread 0x00000220c52947f0 nmethod 4846 0x00000220aee09c90 code [0x00000220aee09ea0, 0x00000220aee0a598]
Event: 3.274 Thread 0x00000220c52947f0 4847       3       org.hibernate.annotations.common.reflection.java.generics.ApproximatingTypeEnvironment::<init> (5 bytes)
Event: 3.274 Thread 0x00000220c52947f0 nmethod 4847 0x00000220aee0a810 code [0x00000220aee0a9c0, 0x00000220aee0ab18]
Event: 3.274 Thread 0x00000220c52947f0 4848       3       org.hibernate.annotations.common.reflection.java.generics.ApproximatingTypeEnvironment::bind (29 bytes)
Event: 3.274 Thread 0x00000220c52947f0 nmethod 4848 0x00000220aee0ac10 code [0x00000220aee0ade0, 0x00000220aee0b268]
Event: 3.274 Thread 0x00000220c52947f0 4849       3       org.hibernate.annotations.common.reflection.java.generics.ApproximatingTypeEnvironment::fineApproximation (16 bytes)
Event: 3.274 Thread 0x00000220c52947f0 nmethod 4849 0x00000220aee0b410 code [0x00000220aee0b5e0, 0x00000220aee0ba08]
Event: 3.274 Thread 0x00000220c52947f0 4850       3       org.hibernate.annotations.common.reflection.java.generics.ApproximatingTypeEnvironment$1::<init> (10 bytes)
Event: 3.274 Thread 0x00000220c52947f0 nmethod 4850 0x00000220aee0bb90 code [0x00000220aee0bd40, 0x00000220aee0bf58]
Event: 3.274 Thread 0x00000220c52947f0 4842       3       org.hibernate.annotations.common.reflection.java.generics.TypeUtils$2::caseClass (13 bytes)
Event: 3.274 Thread 0x00000220c52947f0 nmethod 4842 0x00000220aee0c090 code [0x00000220aee0c260, 0x00000220aee0c538]
Event: 3.274 Thread 0x00000220c52947f0 4844       3       org.hibernate.annotations.common.reflection.java.JavaXMember::typeOf (56 bytes)

GC Heap History (20 events):
Event: 0.923 GC heap after
{Heap after GC invocations=2 (full 0):
 garbage-first heap   total 126976K, used 9513K [0x0000000084c00000, 0x0000000100000000)
  region size 1024K, 3 young (3072K), 3 survivors (3072K)
 Metaspace       used 12805K, committed 13056K, reserved 1114112K
  class space    used 1650K, committed 1728K, reserved 1048576K
}
Event: 1.416 GC heap before
{Heap before GC invocations=2 (full 0):
 garbage-first heap   total 126976K, used 56617K [0x0000000084c00000, 0x0000000100000000)
  region size 1024K, 51 young (52224K), 3 survivors (3072K)
 Metaspace       used 21221K, committed 21504K, reserved 1114112K
  class space    used 2581K, committed 2688K, reserved 1048576K
}
Event: 1.419 GC heap after
{Heap after GC invocations=3 (full 0):
 garbage-first heap   total 126976K, used 13246K [0x0000000084c00000, 0x0000000100000000)
  region size 1024K, 6 young (6144K), 6 survivors (6144K)
 Metaspace       used 21221K, committed 21504K, reserved 1114112K
  class space    used 2581K, committed 2688K, reserved 1048576K
}
Event: 1.740 GC heap before
{Heap before GC invocations=4 (full 0):
 garbage-first heap   total 48128K, used 36798K [0x0000000084c00000, 0x0000000100000000)
  region size 1024K, 29 young (29696K), 6 survivors (6144K)
 Metaspace       used 24474K, committed 24832K, reserved 1114112K
  class space    used 3026K, committed 3200K, reserved 1048576K
}
Event: 1.744 GC heap after
{Heap after GC invocations=5 (full 0):
 garbage-first heap   total 48128K, used 15139K [0x0000000084c00000, 0x0000000100000000)
  region size 1024K, 3 young (3072K), 3 survivors (3072K)
 Metaspace       used 24474K, committed 24832K, reserved 1114112K
  class space    used 3026K, committed 3200K, reserved 1048576K
}
Event: 1.758 GC heap before
{Heap before GC invocations=5 (full 0):
 garbage-first heap   total 48128K, used 16163K [0x0000000084c00000, 0x0000000100000000)
  region size 1024K, 4 young (4096K), 3 survivors (3072K)
 Metaspace       used 24728K, committed 25088K, reserved 1114112K
  class space    used 3058K, committed 3200K, reserved 1048576K
}
Event: 1.759 GC heap after
{Heap after GC invocations=6 (full 0):
 garbage-first heap   total 48128K, used 15351K [0x0000000084c00000, 0x0000000100000000)
  region size 1024K, 1 young (1024K), 1 survivors (1024K)
 Metaspace       used 24728K, committed 25088K, reserved 1114112K
  class space    used 3058K, committed 3200K, reserved 1048576K
}
Event: 2.143 GC heap before
{Heap before GC invocations=6 (full 0):
 garbage-first heap   total 48128K, used 32759K [0x0000000084c00000, 0x0000000100000000)
  region size 1024K, 19 young (19456K), 1 survivors (1024K)
 Metaspace       used 28165K, committed 28544K, reserved 1114112K
  class space    used 3545K, committed 3712K, reserved 1048576K
}
Event: 2.146 GC heap after
{Heap after GC invocations=7 (full 0):
 garbage-first heap   total 48128K, used 17147K [0x0000000084c00000, 0x0000000100000000)
  region size 1024K, 3 young (3072K), 3 survivors (3072K)
 Metaspace       used 28165K, committed 28544K, reserved 1114112K
  class space    used 3545K, committed 3712K, reserved 1048576K
}
Event: 2.462 GC heap before
{Heap before GC invocations=7 (full 0):
 garbage-first heap   total 48128K, used 33531K [0x0000000084c00000, 0x0000000100000000)
  region size 1024K, 20 young (20480K), 3 survivors (3072K)
 Metaspace       used 31171K, committed 31680K, reserved 1114112K
  class space    used 3889K, committed 4160K, reserved 1048576K
}
Event: 2.466 GC heap after
{Heap after GC invocations=8 (full 0):
 garbage-first heap   total 48128K, used 18834K [0x0000000084c00000, 0x0000000100000000)
  region size 1024K, 2 young (2048K), 2 survivors (2048K)
 Metaspace       used 31171K, committed 31680K, reserved 1114112K
  class space    used 3889K, committed 4160K, reserved 1048576K
}
Event: 2.700 GC heap before
{Heap before GC invocations=8 (full 0):
 garbage-first heap   total 48128K, used 35218K [0x0000000084c00000, 0x0000000100000000)
  region size 1024K, 19 young (19456K), 2 survivors (2048K)
 Metaspace       used 33852K, committed 34432K, reserved 1114112K
  class space    used 4230K, committed 4480K, reserved 1048576K
}
Event: 2.702 GC heap after
{Heap after GC invocations=9 (full 0):
 garbage-first heap   total 48128K, used 20023K [0x0000000084c00000, 0x0000000100000000)
  region size 1024K, 2 young (2048K), 2 survivors (2048K)
 Metaspace       used 33852K, committed 34432K, reserved 1114112K
  class space    used 4230K, committed 4480K, reserved 1048576K
}
Event: 2.771 GC heap before
{Heap before GC invocations=9 (full 0):
 garbage-first heap   total 48128K, used 25143K [0x0000000084c00000, 0x0000000100000000)
  region size 1024K, 8 young (8192K), 2 survivors (2048K)
 Metaspace       used 35427K, committed 35968K, reserved 1114112K
  class space    used 4453K, committed 4736K, reserved 1048576K
}
Event: 2.772 GC heap after
{Heap after GC invocations=10 (full 0):
 garbage-first heap   total 48128K, used 20185K [0x0000000084c00000, 0x0000000100000000)
  region size 1024K, 2 young (2048K), 2 survivors (2048K)
 Metaspace       used 35427K, committed 35968K, reserved 1114112K
  class space    used 4453K, committed 4736K, reserved 1048576K
}
Event: 3.035 GC heap before
{Heap before GC invocations=11 (full 0):
 garbage-first heap   total 48128K, used 35545K [0x0000000084c00000, 0x0000000100000000)
  region size 1024K, 18 young (18432K), 2 survivors (2048K)
 Metaspace       used 40114K, committed 40640K, reserved 1114112K
  class space    used 5141K, committed 5376K, reserved 1048576K
}
Event: 3.037 GC heap after
{Heap after GC invocations=12 (full 0):
 garbage-first heap   total 48128K, used 21296K [0x0000000084c00000, 0x0000000100000000)
  region size 1024K, 3 young (3072K), 3 survivors (3072K)
 Metaspace       used 40114K, committed 40640K, reserved 1114112K
  class space    used 5141K, committed 5376K, reserved 1048576K
}
Event: 3.053 GC heap before
{Heap before GC invocations=12 (full 0):
 garbage-first heap   total 48128K, used 21296K [0x0000000084c00000, 0x0000000100000000)
  region size 1024K, 4 young (4096K), 3 survivors (3072K)
 Metaspace       used 40538K, committed 41088K, reserved 1114112K
  class space    used 5170K, committed 5440K, reserved 1048576K
}
Event: 3.055 GC heap after
{Heap after GC invocations=13 (full 0):
 garbage-first heap   total 48128K, used 21243K [0x0000000084c00000, 0x0000000100000000)
  region size 1024K, 1 young (1024K), 1 survivors (1024K)
 Metaspace       used 40538K, committed 41088K, reserved 1114112K
  class space    used 5170K, committed 5440K, reserved 1048576K
}
Event: 3.275 GC heap before
{Heap before GC invocations=13 (full 0):
 garbage-first heap   total 48128K, used 36603K [0x0000000084c00000, 0x0000000100000000)
  region size 1024K, 17 young (17408K), 1 survivors (1024K)
 Metaspace       used 44546K, committed 45120K, reserved 1114112K
  class space    used 5694K, committed 5952K, reserved 1048576K
}

Dll operation events (13 events):
Event: 0.004 Loaded shared library C:\Program Files\Java\jdk-19\bin\java.dll
Event: 0.012 Loaded shared library C:\Program Files\Java\jdk-19\bin\jsvml.dll
Event: 0.083 Loaded shared library C:\Program Files\Java\jdk-19\bin\zip.dll
Event: 0.085 Loaded shared library C:\Program Files\Java\jdk-19\bin\instrument.dll
Event: 0.089 Loaded shared library C:\Program Files\Java\jdk-19\bin\net.dll
Event: 0.089 Loaded shared library C:\Program Files\Java\jdk-19\bin\nio.dll
Event: 0.091 Loaded shared library C:\Program Files\Java\jdk-19\bin\zip.dll
Event: 0.150 Loaded shared library C:\Program Files\Java\jdk-19\bin\extnet.dll
Event: 0.165 Loaded shared library C:\Program Files\Java\jdk-19\bin\jimage.dll
Event: 0.351 Loaded shared library C:\Program Files\Java\jdk-19\bin\management.dll
Event: 0.353 Loaded shared library C:\Program Files\Java\jdk-19\bin\management_ext.dll
Event: 2.352 Loaded shared library C:\Program Files\Java\jdk-19\bin\sunmscapi.dll
Event: 2.812 Loaded shared library C:\Program Files\Java\jdk-19\bin\verify.dll

Deoptimization events (20 events):
Event: 3.193 Thread 0x00000220cce32380 DEOPT PACKING pc=0x00000220aed6a11e sp=0x0000003df22fe1a0
Event: 3.193 Thread 0x00000220cce32380 DEOPT UNPACKING pc=0x00000220b59ab0e3 sp=0x0000003df22fd5f8 mode 0
Event: 3.193 Thread 0x00000220cce32380 DEOPT PACKING pc=0x00000220aed6a046 sp=0x0000003df22fe2b0
Event: 3.193 Thread 0x00000220cce32380 DEOPT UNPACKING pc=0x00000220b59ab0e3 sp=0x0000003df22fd708 mode 0
Event: 3.193 Thread 0x00000220cce32380 DEOPT PACKING pc=0x00000220aed6a046 sp=0x0000003df22fe0e0
Event: 3.193 Thread 0x00000220cce32380 DEOPT UNPACKING pc=0x00000220b59ab0e3 sp=0x0000003df22fd538 mode 0
Event: 3.193 Thread 0x00000220cce32380 DEOPT PACKING pc=0x00000220aed6a046 sp=0x0000003df22fe1a0
Event: 3.193 Thread 0x00000220cce32380 DEOPT UNPACKING pc=0x00000220b59ab0e3 sp=0x0000003df22fd5f8 mode 0
Event: 3.193 Thread 0x00000220cce32380 DEOPT PACKING pc=0x00000220aed6a11e sp=0x0000003df22fe0b0
Event: 3.193 Thread 0x00000220cce32380 DEOPT UNPACKING pc=0x00000220b59ab0e3 sp=0x0000003df22fd508 mode 0
Event: 3.193 Thread 0x00000220cce32380 DEOPT PACKING pc=0x00000220aed6a11e sp=0x0000003df22fe2b0
Event: 3.193 Thread 0x00000220cce32380 DEOPT UNPACKING pc=0x00000220b59ab0e3 sp=0x0000003df22fd708 mode 0
Event: 3.193 Thread 0x00000220cce32380 DEOPT PACKING pc=0x00000220aed6a11e sp=0x0000003df22fe0e0
Event: 3.193 Thread 0x00000220cce32380 DEOPT UNPACKING pc=0x00000220b59ab0e3 sp=0x0000003df22fd538 mode 0
Event: 3.194 Thread 0x00000220cce32380 DEOPT PACKING pc=0x00000220aed6a11e sp=0x0000003df22fe1a0
Event: 3.194 Thread 0x00000220cce32380 DEOPT UNPACKING pc=0x00000220b59ab0e3 sp=0x0000003df22fd5f8 mode 0
Event: 3.194 Thread 0x00000220cce32380 DEOPT PACKING pc=0x00000220aed6a046 sp=0x0000003df22fe2b0
Event: 3.194 Thread 0x00000220cce32380 DEOPT UNPACKING pc=0x00000220b59ab0e3 sp=0x0000003df22fd708 mode 0
Event: 3.194 Thread 0x00000220cce32380 DEOPT PACKING pc=0x00000220aed6a046 sp=0x0000003df22fe0e0
Event: 3.194 Thread 0x00000220cce32380 DEOPT UNPACKING pc=0x00000220b59ab0e3 sp=0x0000003df22fd538 mode 0

Classes loaded (20 events):
Event: 3.022 Loading class java/time/LocalDateTime$1
Event: 3.022 Loading class java/time/LocalDateTime$1 done
Event: 3.022 Loading class java/time/chrono/IsoEra
Event: 3.022 Loading class java/time/chrono/Era
Event: 3.022 Loading class java/time/chrono/Era done
Event: 3.023 Loading class java/time/chrono/IsoEra done
Event: 3.023 Loading class java/time/Instant$1
Event: 3.023 Loading class java/time/Instant$1 done
Event: 3.039 Loading class java/util/TimerTask
Event: 3.039 Loading class java/util/TimerTask done
Event: 3.049 Loading class java/util/concurrent/ThreadPoolExecutor$CallerRunsPolicy
Event: 3.049 Loading class java/util/concurrent/ThreadPoolExecutor$CallerRunsPolicy done
Event: 3.153 Loading class java/lang/foreign/MemorySegment
Event: 3.153 Loading class java/lang/foreign/Addressable
Event: 3.153 Loading class java/lang/foreign/Addressable done
Event: 3.153 Loading class java/lang/foreign/MemorySegment done
Event: 3.206 Loading class jdk/internal/ValueBased
Event: 3.206 Loading class jdk/internal/ValueBased done
Event: 3.221 Loading class sun/reflect/generics/repository/FieldRepository
Event: 3.221 Loading class sun/reflect/generics/repository/FieldRepository done

Classes unloaded (0 events):
No events

Classes redefined (0 events):
No events

Internal exceptions (20 events):
Event: 2.142 Thread 0x00000220ca222470 Exception <a 'java/lang/NoSuchMethodError'{0x00000000868ecbc0}: 'java.lang.Object java.lang.invoke.Invokers$Holder.linkToTargetMethod(java.lang.Object, java.lang.Object, int, java.lang.Object)'> (0x00000000868ecbc0) 
thrown [s\open\src\hotspot\share\interpreter\linkResolver.cpp, line 774]
Event: 2.220 Thread 0x00000220ca222470 Exception <a 'java/lang/NoSuchMethodError'{0x000000008900d4d8}: 'java.lang.Object java.lang.invoke.DirectMethodHandle$Holder.invokeStaticInit(java.lang.Object, int, int, int, int)'> (0x000000008900d4d8) 
thrown [s\open\src\hotspot\share\interpreter\linkResolver.cpp, line 774]
Event: 2.279 Thread 0x00000220ca222470 Exception <a 'java/lang/NoSuchMethodError'{0x00000000890e6fd0}: 'java.lang.Object java.lang.invoke.DirectMethodHandle$Holder.invokeStaticInit(java.lang.Object, java.lang.Object, int, int, int, int)'> (0x00000000890e6fd0) 
thrown [s\open\src\hotspot\share\interpreter\linkResolver.cpp, line 774]
Event: 2.319 Thread 0x00000220ca222470 Exception <a 'java/lang/NoSuchMethodError'{0x000000008726adc8}: 'int java.lang.invoke.DirectMethodHandle$Holder.invokeVirtual(java.lang.Object, java.lang.Object, java.lang.Object, java.lang.Object)'> (0x000000008726adc8) 
thrown [s\open\src\hotspot\share\interpreter\linkResolver.cpp, line 774]
Event: 2.319 Thread 0x00000220ca222470 Exception <a 'java/lang/NoSuchMethodError'{0x000000008726e8f0}: 'int java.lang.invoke.DelegatingMethodHandle$Holder.reinvoke_L(java.lang.Object, java.lang.Object, java.lang.Object, java.lang.Object)'> (0x000000008726e8f0) 
thrown [s\open\src\hotspot\share\interpreter\linkResolver.cpp, line 774]
Event: 2.398 Thread 0x00000220ca222470 Exception <a 'sun/nio/fs/WindowsException'{0x0000000086cd17f8}> (0x0000000086cd17f8) 
thrown [s\open\src\hotspot\share\prims\jni.cpp, line 517]
Event: 2.399 Thread 0x00000220ca222470 Exception <a 'sun/nio/fs/WindowsException'{0x0000000086cd7218}> (0x0000000086cd7218) 
thrown [s\open\src\hotspot\share\prims\jni.cpp, line 517]
Event: 2.399 Thread 0x00000220ca222470 Exception <a 'sun/nio/fs/WindowsException'{0x0000000086cd78f8}> (0x0000000086cd78f8) 
thrown [s\open\src\hotspot\share\prims\jni.cpp, line 517]
Event: 2.472 Thread 0x00000220ca222470 Exception <a 'java/io/FileNotFoundException'{0x000000008c788390}> (0x000000008c788390) 
thrown [s\open\src\hotspot\share\prims\jni.cpp, line 517]
Event: 2.488 Thread 0x00000220ca222470 Exception <a 'java/lang/NoSuchMethodError'{0x00000000894fc370}: 'int java.lang.invoke.DirectMethodHandle$Holder.invokeInterface(java.lang.Object, java.lang.Object, java.lang.Object, java.lang.Object)'> (0x00000000894fc370) 
thrown [s\open\src\hotspot\share\interpreter\linkResolver.cpp, line 774]
Event: 2.529 Thread 0x00000220ca222470 Exception <a 'java/lang/NoSuchMethodError'{0x000000008903bfc0}: 'long java.lang.invoke.DirectMethodHandle$Holder.invokeVirtual(java.lang.Object, java.lang.Object)'> (0x000000008903bfc0) 
thrown [s\open\src\hotspot\share\interpreter\linkResolver.cpp, line 774]
Event: 2.535 Thread 0x00000220ca222470 Exception <a 'java/lang/NoSuchMethodError'{0x000000008907b058}: 'long java.lang.invoke.Invokers$Holder.invokeExact_MT(java.lang.Object, java.lang.Object)'> (0x000000008907b058) 
thrown [s\open\src\hotspot\share\interpreter\linkResolver.cpp, line 774]
Event: 2.588 Thread 0x00000220ca222470 Exception <a 'java/lang/NoSuchMethodError'{0x00000000870ed380}: 'java.lang.Object java.lang.invoke.DirectMethodHandle$Holder.newInvokeSpecial(java.lang.Object, java.lang.Object, java.lang.Object, java.lang.Object, java.lang.Object, java.lang.Object, java.lang.Object, java.lang.Object, java.lang.Object, java.lang.Object, java.lang.Object)'> (0x00000000870ed380) 
thrown [s\open\src\hotspot\share\interpreter\linkResolver.cpp, line 774]
Event: 2.661 Thread 0x00000220ca222470 Exception <a 'java/lang/NoSuchMethodError'{0x0000000086c74f00}: 'void java.lang.invoke.DelegatingMethodHandle$Holder.reinvoke_L(java.lang.Object, java.lang.Object, java.lang.Object, java.lang.Object, int, java.lang.Object, java.lang.Object, java.lang.Object)'> (0x0000000086c74f00) 
thrown [s\open\src\hotspot\share\interpreter\linkResolver.cpp, line 774]
Event: 2.925 Thread 0x00000220ca222470 Exception <a 'java/lang/NoSuchMethodError'{0x0000000086ee5228}: method resolution failed> (0x0000000086ee5228) 
thrown [s\open\src\hotspot\share\prims\methodHandles.cpp, line 1268]
Event: 2.933 Thread 0x00000220ca222470 Exception <a 'java/lang/NoSuchMethodError'{0x0000000086d32c30}: 'int java.lang.invoke.DirectMethodHandle$Holder.invokeStaticInit(java.lang.Object, java.lang.Object, java.lang.Object, java.lang.Object)'> (0x0000000086d32c30) 
thrown [s\open\src\hotspot\share\interpreter\linkResolver.cpp, line 774]
Event: 2.983 Thread 0x00000220ca222470 Exception <a 'sun/nio/fs/WindowsException'{0x0000000086b645c8}> (0x0000000086b645c8) 
thrown [s\open\src\hotspot\share\prims\jni.cpp, line 517]
Event: 3.023 Thread 0x00000220ca222470 Implicit null exception at 0x00000220b608f1ec to 0x00000220b608f298
Event: 3.103 Thread 0x00000220ca222470 Exception <a 'java/lang/NoSuchMethodError'{0x0000000089159740}: 'java.lang.Object java.lang.invoke.DirectMethodHandle$Holder.invokeStaticInit(java.lang.Object, java.lang.Object, java.lang.Object, java.lang.Object)'> (0x0000000089159740) 
thrown [s\open\src\hotspot\share\interpreter\linkResolver.cpp, line 774]
Event: 3.175 Thread 0x00000220cce32380 Implicit null exception at 0x00000220b61b0dd8 to 0x00000220b61b166c

VM Operations (20 events):
Event: 2.772 Executing VM operation: CollectForMetadataAllocation done
Event: 2.783 Executing VM operation: G1PauseRemark
Event: 2.785 Executing VM operation: G1PauseRemark done
Event: 2.789 Executing VM operation: G1PauseCleanup
Event: 2.789 Executing VM operation: G1PauseCleanup done
Event: 2.982 Executing VM operation: HandshakeAllThreads
Event: 2.982 Executing VM operation: HandshakeAllThreads done
Event: 2.982 Executing VM operation: HandshakeAllThreads
Event: 2.982 Executing VM operation: HandshakeAllThreads done
Event: 2.984 Executing VM operation: HandshakeAllThreads
Event: 2.984 Executing VM operation: HandshakeAllThreads done
Event: 2.985 Executing VM operation: HandshakeAllThreads
Event: 2.985 Executing VM operation: HandshakeAllThreads done
Event: 3.035 Executing VM operation: G1CollectForAllocation
Event: 3.037 Executing VM operation: G1CollectForAllocation done
Event: 3.052 Executing VM operation: G1CollectForAllocation
Event: 3.055 Executing VM operation: G1CollectForAllocation done
Event: 3.194 Executing VM operation: HandshakeAllThreads
Event: 3.194 Executing VM operation: HandshakeAllThreads done
Event: 3.275 Executing VM operation: G1CollectForAllocation

Events (20 events):
Event: 0.022 Thread 0x00000220c5269900 Thread added: 0x00000220c5269900
Event: 0.022 Thread 0x00000220c52947f0 Thread added: 0x00000220c52947f0
Event: 0.022 Thread 0x00000220c529f6a0 Thread added: 0x00000220c529f6a0
Event: 0.068 Thread 0x00000220c94b2790 Thread added: 0x00000220c94b2790
Event: 0.084 Thread 0x00000220c9581970 Thread added: 0x00000220c9581970
Event: 0.145 Thread 0x00000220c9a1d9f0 Thread added: 0x00000220c9a1d9f0
Event: 0.145 Thread 0x00000220c9811620 Thread added: 0x00000220c9811620
Event: 0.391 Thread 0x00000220ca26d5d0 Thread added: 0x00000220ca26d5d0
Event: 0.392 Thread 0x00000220ca222470 Thread added: 0x00000220ca222470
Event: 0.759 Thread 0x00000220ca3af730 Thread added: 0x00000220ca3af730
Event: 1.099 Thread 0x00000220ca953a10 Thread added: 0x00000220ca953a10
Event: 1.150 Thread 0x00000220ca953a10 Thread exited: 0x00000220ca953a10
Event: 1.159 Thread 0x00000220ca836070 Thread added: 0x00000220ca836070
Event: 1.165 Thread 0x00000220ca3af730 Thread exited: 0x00000220ca3af730
Event: 2.548 Thread 0x00000220ca61d970 Thread added: 0x00000220ca61d970
Event: 2.549 Thread 0x00000220ca61d420 Thread added: 0x00000220ca61d420
Event: 2.551 Thread 0x00000220ca61dec0 Thread added: 0x00000220ca61dec0
Event: 3.035 Thread 0x00000220cce358a0 Thread added: 0x00000220cce358a0
Event: 3.049 Thread 0x00000220cce36890 Thread added: 0x00000220cce36890
Event: 3.155 Thread 0x00000220cce32380 Thread added: 0x00000220cce32380


Dynamic libraries:
0x00007ff771c70000 - 0x00007ff771c80000 	C:\Program Files\Java\jdk-19\bin\java.exe
0x00007ffd37350000 - 0x00007ffd37545000 	C:\Windows\SYSTEM32\ntdll.dll
0x00007ffd36ef0000 - 0x00007ffd36fae000 	C:\Windows\System32\KERNEL32.DLL
0x00007ffd34d70000 - 0x00007ffd35039000 	C:\Windows\System32\KERNELBASE.dll
0x00007ffd34a70000 - 0x00007ffd34b70000 	C:\Windows\System32\ucrtbase.dll
0x00007ffd1a330000 - 0x00007ffd1a348000 	C:\Program Files\Java\jdk-19\bin\jli.dll
0x00007ffd1e080000 - 0x00007ffd1e09b000 	C:\Program Files\Java\jdk-19\bin\VCRUNTIME140.dll
0x00007ffd37070000 - 0x00007ffd3711c000 	C:\Windows\System32\ADVAPI32.dll
0x00007ffd36d10000 - 0x00007ffd36dae000 	C:\Windows\System32\msvcrt.dll
0x00007ffd362d0000 - 0x00007ffd3636b000 	C:\Windows\System32\sechost.dll
0x00007ffd35f70000 - 0x00007ffd3609a000 	C:\Windows\System32\RPCRT4.dll
0x00007ffd360a0000 - 0x00007ffd36241000 	C:\Windows\System32\USER32.dll
0x00007ffd35040000 - 0x00007ffd35062000 	C:\Windows\System32\win32u.dll
0x00007ffd36ce0000 - 0x00007ffd36d0b000 	C:\Windows\System32\GDI32.dll
0x00007ffd1efe0000 - 0x00007ffd1f27a000 	C:\Windows\WinSxS\amd64_microsoft.windows.common-controls_6595b64144ccf1df_6.0.19041.1110_none_60b5254171f9507e\COMCTL32.dll
0x00007ffd35070000 - 0x00007ffd3517b000 	C:\Windows\System32\gdi32full.dll
0x00007ffd34c80000 - 0x00007ffd34d1d000 	C:\Windows\System32\msvcp_win.dll
0x00007ffd2dba0000 - 0x00007ffd2dbaa000 	C:\Windows\SYSTEM32\VERSION.dll
0x00007ffd372e0000 - 0x00007ffd37310000 	C:\Windows\System32\IMM32.DLL
0x00007ffd1df40000 - 0x00007ffd1df4c000 	C:\Program Files\Java\jdk-19\bin\vcruntime140_1.dll
0x00007ffd19cb0000 - 0x00007ffd19d3e000 	C:\Program Files\Java\jdk-19\bin\msvcp140.dll
0x00007ffce6260000 - 0x00007ffce6f20000 	C:\Program Files\Java\jdk-19\bin\server\jvm.dll
0x00007ffd1d3e0000 - 0x00007ffd1d3e9000 	C:\Windows\SYSTEM32\WSOCK32.dll
0x00007ffd36ad0000 - 0x00007ffd36b3b000 	C:\Windows\System32\WS2_32.dll
0x00007ffd18410000 - 0x00007ffd18437000 	C:\Windows\SYSTEM32\WINMM.dll
0x00007ffd33340000 - 0x00007ffd33352000 	C:\Windows\SYSTEM32\kernel.appcore.dll
0x00007ffd1bf10000 - 0x00007ffd1bf1a000 	C:\Program Files\Java\jdk-19\bin\jimage.dll
0x00007ffd32860000 - 0x00007ffd32a44000 	C:\Windows\SYSTEM32\DBGHELP.DLL
0x00007ffd1b5f0000 - 0x00007ffd1b61c000 	C:\Windows\SYSTEM32\dbgcore.DLL
0x00007ffd35180000 - 0x00007ffd35203000 	C:\Windows\System32\bcryptPrimitives.dll
0x00007ffd2ee20000 - 0x00007ffd2ee2e000 	C:\Program Files\Java\jdk-19\bin\instrument.dll
0x00007ffd19da0000 - 0x00007ffd19dc6000 	C:\Program Files\Java\jdk-19\bin\java.dll
0x00007ffd19bd0000 - 0x00007ffd19ca7000 	C:\Program Files\Java\jdk-19\bin\jsvml.dll
0x00007ffd357d0000 - 0x00007ffd35f0f000 	C:\Windows\System32\SHELL32.dll
0x00007ffd32b50000 - 0x00007ffd332e0000 	C:\Windows\SYSTEM32\windows.storage.dll
0x00007ffd353a0000 - 0x00007ffd356f5000 	C:\Windows\System32\combase.dll
0x00007ffd344c0000 - 0x00007ffd344ec000 	C:\Windows\SYSTEM32\Wldp.dll
0x00007ffd35720000 - 0x00007ffd357ce000 	C:\Windows\System32\SHCORE.dll
0x00007ffd35f10000 - 0x00007ffd35f65000 	C:\Windows\System32\shlwapi.dll
0x00007ffd349b0000 - 0x00007ffd349cf000 	C:\Windows\SYSTEM32\profapi.dll
0x00007ffd19bb0000 - 0x00007ffd19bc8000 	C:\Program Files\Java\jdk-19\bin\zip.dll
0x00007ffd19fc0000 - 0x00007ffd19fd3000 	C:\Program Files\Java\jdk-19\bin\net.dll
0x00007ffd1f850000 - 0x00007ffd1f958000 	C:\Windows\SYSTEM32\WINHTTP.dll
0x00007ffd341b0000 - 0x00007ffd3421a000 	C:\Windows\system32\mswsock.dll
0x00007ffd19f60000 - 0x00007ffd19f76000 	C:\Program Files\Java\jdk-19\bin\nio.dll
0x00007ffd19ba0000 - 0x00007ffd19ba8000 	C:\Program Files\Java\jdk-19\bin\extnet.dll
0x00007ffd2ee10000 - 0x00007ffd2ee1a000 	C:\Program Files\Java\jdk-19\bin\management.dll
0x00007ffd2ee00000 - 0x00007ffd2ee0b000 	C:\Program Files\Java\jdk-19\bin\management_ext.dll
0x00007ffd372d0000 - 0x00007ffd372d8000 	C:\Windows\System32\PSAPI.DLL
0x00007ffd34410000 - 0x00007ffd34428000 	C:\Windows\SYSTEM32\CRYPTSP.dll
0x00007ffd33b30000 - 0x00007ffd33b64000 	C:\Windows\system32\rsaenh.dll
0x00007ffd35210000 - 0x00007ffd35237000 	C:\Windows\System32\bcrypt.dll
0x00007ffd34970000 - 0x00007ffd3499e000 	C:\Windows\SYSTEM32\USERENV.dll
0x00007ffd34430000 - 0x00007ffd3443c000 	C:\Windows\SYSTEM32\CRYPTBASE.dll
0x00007ffd33ea0000 - 0x00007ffd33edb000 	C:\Windows\SYSTEM32\IPHLPAPI.DLL
0x00007ffd36c00000 - 0x00007ffd36c08000 	C:\Windows\System32\NSI.dll
0x00007ffd28c10000 - 0x00007ffd28c27000 	C:\Windows\SYSTEM32\dhcpcsvc6.DLL
0x00007ffd28e30000 - 0x00007ffd28e4d000 	C:\Windows\SYSTEM32\dhcpcsvc.DLL
0x00007ffd33ee0000 - 0x00007ffd33fac000 	C:\Windows\SYSTEM32\DNSAPI.dll
0x00007ffd1f790000 - 0x00007ffd1f79e000 	C:\Program Files\Java\jdk-19\bin\sunmscapi.dll
0x00007ffd35240000 - 0x00007ffd35396000 	C:\Windows\System32\CRYPT32.dll
0x00007ffd34530000 - 0x00007ffd34557000 	C:\Windows\SYSTEM32\ncrypt.dll
0x00007ffd344f0000 - 0x00007ffd3452b000 	C:\Windows\SYSTEM32\NTASN1.dll
0x00007ffd19b70000 - 0x00007ffd19b80000 	C:\Program Files\Java\jdk-19\bin\verify.dll
0x00007ffd2a110000 - 0x00007ffd2a11a000 	C:\Windows\System32\rasadhlp.dll
0x00007ffd1f7d0000 - 0x00007ffd1f84f000 	C:\Windows\System32\fwpuclnt.dll

dbghelp: loaded successfully - version: 4.0.5 - missing functions: none
symbol engine: initialized successfully - sym options: 0x614 - pdb path: .;C:\Program Files\Java\jdk-19\bin;C:\Windows\SYSTEM32;C:\Windows\WinSxS\amd64_microsoft.windows.common-controls_6595b64144ccf1df_6.0.19041.1110_none_60b5254171f9507e;C:\Program Files\Java\jdk-19\bin\server

VM Arguments:
jvm_args: -javaagent:C:\Users\Жанарбай\AppData\Local\JetBrains\IntelliJ IDEA Community Edition 2022.3.2\lib\idea_rt.jar=49884:C:\Users\Жанарбай\AppData\Local\JetBrains\IntelliJ IDEA Community Edition 2022.3.2\bin -Dfile.encoding=UTF-8 -Dsun.stdout.encoding=UTF-8 -Dsun.stderr.encoding=UTF-8 
java_command: com.example.denSooluk.DenSoolukApplication
java_class_path (initial): C:\Users\Жанарбай\Desktop\frameworks\SPRING\denSooluk\denSooluk\target\classes;C:\Users\Жанарбай\.m2\repository\org\springframework\boot\spring-boot-starter-security\3.1.0\spring-boot-starter-security-3.1.0.jar;C:\Users\Жанарбай\.m2\repository\org\springframework\boot\spring-boot-starter\3.1.0\spring-boot-starter-3.1.0.jar;C:\Users\Жанарбай\.m2\repository\org\springframework\boot\spring-boot-starter-logging\3.1.0\spring-boot-starter-logging-3.1.0.jar;C:\Users\Жанарбай\.m2\repository\ch\qos\logback\logback-classic\1.4.7\logback-classic-1.4.7.jar;C:\Users\Жанарбай\.m2\repository\ch\qos\logback\logback-core\1.4.7\logback-core-1.4.7.jar;C:\Users\Жанарбай\.m2\repository\org\apache\logging\log4j\log4j-to-slf4j\2.20.0\log4j-to-slf4j-2.20.0.jar;C:\Users\Жанарбай\.m2\repository\org\apache\logging\log4j\log4j-api\2.20.0\log4j-api-2.20.0.jar;C:\Users\Жанарбай\.m2\repository\org\slf4j\jul-to-slf4j\2.0.7\jul-to-slf4j-2.0.7.jar;C:\Users\Жанарбай\.m2\repository\jakarta\annotation\jakarta.annotation-api\2.1.1\jakarta.annotation-api-2.1.1.jar;C:\Users\Жанарбай\.m2\repository\org\yaml\snakeyaml\1.33\snakeyaml-1.33.jar;C:\Users\Жанарбай\.m2\repository\org\springframework\spring-aop\6.0.9\spring-aop-6.0.9.jar;C:\Users\Жанарбай\.m2\repository\org\springframework\spring-beans\6.0.9\spring-beans-6.0.9.jar;C:\Users\Жанарбай\.m2\repository\org\springframework\security\spring-security-config\6.1.0\spring-security-config-6.1.0.jar;C:\Users\Жанарбай\.m2\repository\org\springframework\spring-context\6.0.9\spring-context-6.0.9.jar;C:\Users\Жанарбай\.m2\repository\org\springframework\security\spring-security-web\6.1.0\spring-security-web-6.1.0.jar;C:\Users\Жанарбай\.m2\repository\org\springframework\spring-expression\6.0.9\spring-expression-6.0.9.jar;C:\Users\Жанарбай\.m2\repository\org\springframework\boot\spring-boot-devtools\3.1.0\spring-boot-devtools-3.1.0.jar;C:\Users\Жанарбай\.m2\repository\org\springframework\boot\spring-boot\3.1.0\spring-boot-3.1.0.jar;C:\Users\Жанарбай\.m2\repository\org\springframework\boot\spring-boot-autoconfigure\3.1.0\spring-boot-autoconfigure-3.1.0.jar;C:\Users\Жанарбай\.m2\repository\org\springframework\security\spring-security-core\6.1.0\spring-security-core-6.1.0.jar;C:\Users\Жанарбай\.m2\repository\org\springframework\security\spring-security-crypto\6.1.0\spring-security-crypto-6.1.0.jar;C:\Users\Жанарбай\.m2\repository\io\micrometer\micrometer-observation\1.11.0\micrometer-observation-1.11.0.jar;C:\Users\Жанарбай\.m2\repository\io\micrometer\micrometer-commons\1.11.0\micrometer-commons-1.11.0.jar;C:\Users\Жанарбай\.m2\repository\org\springframework\spring-core\6.0.9\spring-core-6.0.9.jar;C:\Users\Жанарбай\.m2\repository\org\springframework\spring-jcl\6.0.9\spring-jcl-6.0.9.jar;C:\Users\Жанарбай\.m2\repository\org\thymeleaf\extras\thymeleaf-extras-springsecurity6\3.1.1.RELEASE\thymeleaf-extras-springsecurity6-3.1.1.RELEASE.jar;C:\Users\Жанарбай\.m2\repository\org\thymeleaf\thymeleaf-spring6\3.1.1.RELEASE\thymeleaf-spring6-3.1.1.RELEASE.jar;C:\Users\Жанарбай\.m2\repository\org\thymeleaf\thymeleaf\3.1.1.RELEASE\thymeleaf-3.1.1.RELEASE.jar;C:\Users\Жанарбай\.m2\repository\org\attoparser\attoparser\2.0.6.RELEASE\attoparser-2.0.6.RELEASE.jar;C:\Users\Жанарбай\.m2\repository\org\unbescape\unbescape\1.1.6.RELEASE\unbescape-1.1.6.RELEASE.jar;C:\Users\Жанарбай\.m2\repository\org\slf4j\slf4j-api\2.0.7\slf4j-api-2.0.7.jar;C:\Users\Жанарбай\.m2\repository\org\springframework\boot\spring-boot-starter-data-jpa\3.1.0\spring-boot-starter-data-jpa-3.1.0.jar;C:\Users\Жанарбай\.m2\repository\org\springframework\boot\spring-boot-starter-aop\3.1.0\spring-boot-starter-aop-3.1.0.jar;C:\Users\Жанарбай\.m2\repository\org\aspectj\aspectjweaver\1.9.19\aspectjweaver-1.9.19.jar;C:\Users\Жанарбай\.m2\repository\org\springframework\boot\spring-boot-starter-jdbc\3.1.0\spring-boot-starter-jdbc-3.1.0.jar;C:\Users\Жанарбай\.m2\repository\com\zaxxer\HikariCP\5.0.1\HikariCP-5.0.1.jar;C:\Users\Жанарбай\.m2\repository\org\springframework\spring-jdbc\6.0.9\spring-jdbc-6.0.9.jar;C:\Users\Жанарбай\.m2\repository\org\hibernate\orm\hibernate-core\6.2.2.Final\hibernate-core-6.2.2.Final.jar;C:\Users\Жанарбай\.m2\repository\jakarta\persistence\jakarta.persistence-api\3.1.0\jakarta.persistence-api-3.1.0.jar;C:\Users\Жанарбай\.m2\repository\jakarta\transaction\jakarta.transaction-api\2.0.1\jakarta.transaction-api-2.0.1.jar;C:\Users\Жанарбай\.m2\repository\org\jboss\logging\jboss-logging\3.5.0.Final\jboss-logging-3.5.0.Final.jar;C:\Users\Жанарбай\.m2\repository\org\hibernate\common\hibernate-commons-annotations\6.0.6.Final\hibernate-commons-annotations-6.0.6.Final.jar;C:\Users\Жанарбай\.m2\repository\io\smallrye\jandex\3.0.5\jandex-3.0.5.jar;C:\Users\Жанарбай\.m2\repository\com\fasterxml\classmate\1.5.1\classmate-1.5.1.jar;C:\Users\Жанарбай\.m2\repository\net\bytebuddy\byte-buddy\1.14.4\byte-buddy-1.14.4.jar;C:\Users\Жанарбай\.m2\repository\org\glassfish\jaxb\jaxb-runtime\4.0.2\jaxb-runtime-4.0.2.jar;C:\Users\Жанарбай\.m2\repository\org\glassfish\jaxb\jaxb-core\4.0.2\jaxb-core-4.0.2.jar;C:\Users\Жанарбай\.m2\repository\org\glassfish\jaxb\txw2\4.0.2\txw2-4.0.2.jar;C:\Users\Жанарбай\.m2\repository\com\sun\istack\istack-commons-runtime\4.1.1\istack-commons-runtime-4.1.1.jar;C:\Users\Жанарбай\.m2\repository\jakarta\inject\jakarta.inject-api\2.0.1\jakarta.inject-api-2.0.1.jar;C:\Users\Жанарбай\.m2\repository\org\antlr\antlr4-runtime\4.10.1\antlr4-runtime-4.10.1.jar;C:\Users\Жанарбай\.m2\repository\org\springframework\data\spring-data-jpa\3.1.0\spring-data-jpa-3.1.0.jar;C:\Users\Жанарбай\.m2\repository\org\springframework\data\spring-data-commons\3.1.0\spring-data-commons-3.1.0.jar;C:\Users\Жанарбай\.m2\repository\org\springframework\spring-orm\6.0.9\spring-orm-6.0.9.jar;C:\Users\Жанарбай\.m2\repository\org\springframework\spring-tx\6.0.9\spring-tx-6.0.9.jar;C:\Users\Жанарбай\.m2\repository\org\springframework\spring-aspects\6.0.9\spring-aspects-6.0.9.jar;C:\Users\Жанарбай\.m2\repository\org\springframework\boot\spring-boot-starter-thymeleaf\3.1.0\spring-boot-starter-thymeleaf-3.1.0.jar;C:\Users\Жанарбай\.m2\repository\org\springframework\boot\spring-boot-starter-mail\3.1.0\spring-boot-starter-mail-3.1.0.jar;C:\Users\Жанарбай\.m2\repository\org\springframework\spring-context-support\6.0.9\spring-context-support-6.0.9.jar;C:\Users\Жанарбай\.m2\repository\org\eclipse\angus\jakarta.mail\1.1.0\jakarta.mail-1.1.0.jar;C:\Users\Жанарбай\.m2\repository\jakarta\activation\jakarta.activation-api\2.1.2\jakarta.activation-api-2.1.2.jar;C:\Users\Жанарбай\.m2\repository\org\eclipse\angus\angus-activation\2.0.0\angus-activation-2.0.0.jar;C:\Users\Жанарбай\.m2\repository\org\springframework\boot\spring-boot-starter-web\3.1.0\spring-boot-starter-web-3.1.0.jar;C:\Users\Жанарбай\.m2\repository\org\springframework\boot\spring-boot-starter-json\3.1.0\spring-boot-starter-json-3.1.0.jar;C:\Users\Жанарбай\.m2\repository\com\fasterxml\jackson\core\jackson-databind\2.15.0\jackson-databind-2.15.0.jar;C:\Users\Жанарбай\.m2\repository\com\fasterxml\jackson\core\jackson-annotations\2.15.0\jackson-annotations-2.15.0.jar;C:\Users\Жанарбай\.m2\repository\com\fasterxml\jackson\core\jackson-core\2.15.0\jackson-core-2.15.0.jar;C:\Users\Жанарбай\.m2\repository\com\fasterxml\jackson\datatype\jackson-datatype-jdk8\2.15.0\jackson-datatype-jdk8-2.15.0.jar;C:\Users\Жанарбай\.m2\repository\com\fasterxml\jackson\datatype\jackson-datatype-jsr310\2.15.0\jackson-datatype-jsr310-2.15.0.jar;C:\Users\Жанарбай\.m2\repository\com\fasterxml\jackson\module\jackson-module-parameter-names\2.15.0\jackson-module-parameter-names-2.15.0.jar;C:\Users\Жанарбай\.m2\repository\org\springframework\boot\spring-boot-starter-tomcat\3.1.0\spring-boot-starter-tomcat-3.1.0.jar;C:\Users\Жанарбай\.m2\repository\org\apache\tomcat\embed\tomcat-embed-core\10.1.8\tomcat-embed-core-10.1.8.jar;C:\Users\Жанарбай\.m2\repository\org\apache\tomcat\embed\tomcat-embed-websocket\10.1.8\tomcat-embed-websocket-10.1.8.jar;C:\Users\Жанарбай\.m2\repository\org\springframework\spring-web\6.0.9\spring-web-6.0.9.jar;C:\Users\Жанарбай\.m2\repository\org\springframework\spring-webmvc\6.0.9\spring-webmvc-6.0.9.jar;C:\Users\Жанарбай\.m2\repository\org\postgresql\postgresql\42.6.0\postgresql-42.6.0.jar;C:\Users\Жанарбай\.m2\repository\org\checkerframework\checker-qual\3.31.0\checker-qual-3.31.0.jar;C:\Users\Жанарбай\.m2\repository\org\projectlombok\lombok\1.18.26\lombok-1.18.26.jar;C:\Users\Жанарбай\.m2\repository\jakarta\xml\bind\jakarta.xml.bind-api\4.0.0\jakarta.xml.bind-api-4.0.0.jar;C:\Users\Жанарбай\.m2\repository\org\springframework\boot\spring-boot-starter-validation\3.1.0\spring-boot-starter-validation-3.1.0.jar;C:\Users\Жанарбай\.m2\repository\org\apache\tomcat\embed\tomcat-embed-el\10.1.8\tomcat-embed-el-10.1.8.jar;C:\Users\Жанарбай\.m2\repository\org\hibernate\validator\hibernate-validator\8.0.0.Final\hibernate-validator-8.0.0.Final.jar;C:\Users\Жанарбай\.m2\repository\jakarta\validation\jakarta.validation-api\3.0.2\jakarta.validation-api-3.0.2.jar
Launcher Type: SUN_STANDARD

[Global flags]
     intx CICompilerCount                          = 4                                         {product} {ergonomic}
     uint ConcGCThreads                            = 2                                         {product} {ergonomic}
     uint G1ConcRefinementThreads                  = 8                                         {product} {ergonomic}
   size_t G1HeapRegionSize                         = 1048576                                   {product} {ergonomic}
    uintx GCDrainStackTargetSize                   = 64                                        {product} {ergonomic}
   size_t InitialHeapSize                          = 130023424                                 {product} {ergonomic}
   size_t MarkStackSize                            = 4194304                                   {product} {ergonomic}
   size_t MaxHeapSize                              = 2067791872                                {product} {ergonomic}
   size_t MaxNewSize                               = 1240465408                                {product} {ergonomic}
   size_t MinHeapDeltaBytes                        = 1048576                                   {product} {ergonomic}
   size_t MinHeapSize                              = 8388608                                   {product} {ergonomic}
    uintx NonNMethodCodeHeapSize                   = 5839372                                {pd product} {ergonomic}
    uintx NonProfiledCodeHeapSize                  = 122909434                              {pd product} {ergonomic}
    uintx ProfiledCodeHeapSize                     = 122909434                              {pd product} {ergonomic}
    uintx ReservedCodeCacheSize                    = 251658240                              {pd product} {ergonomic}
     bool SegmentedCodeCache                       = true                                      {product} {ergonomic}
   size_t SoftMaxHeapSize                          = 2067791872                             {manageable} {ergonomic}
     bool UseCompressedClassPointers               = true                           {product lp64_product} {ergonomic}
     bool UseCompressedOops                        = true                           {product lp64_product} {ergonomic}
     bool UseG1GC                                  = true                                      {product} {ergonomic}
     bool UseLargePagesIndividualAllocation        = false                                  {pd product} {ergonomic}

Logging:
Log output configuration:
 #0: stdout all=warning uptime,level,tags foldmultilines=false
 #1: stderr all=off uptime,level,tags foldmultilines=false

Environment Variables:
JAVA_HOME=C:\Program Files\Java\jdk-19
PATH=C:\Program Files\Common Files\Oracle\Java\javapath;C:\Windows\system32;C:\Windows;C:\Windows\System32\Wbem;C:\Windows\System32\WindowsPowerShell\v1.0\;C:\Program Files\Git\cmd;C:\Program Files\Java\jdk-19\bin;C:\Program Files\nodejs\;C:\Program Files\MySQL\MySQL Shell 8.0\bin\;C:\Users\Жанарбай\AppData\Local\Microsoft\WindowsApps;C:\Users\Жанарбай\AppData\Local\Programs\Microsoft VS Code\bin;C:\Program Files\JetBrains\PyCharm Community Edition 2022.2.3\bin;;C:\Users\Жанарбай\AppData\Local\GitHubDesktop\bin;C:\Users\Жанарбай\AppData\Roaming\npm;C:\Program Files\JetBrains\IntelliJ IDEA 2023.1.1\bin;
USERNAME=Жанарбай
OS=Windows_NT
PROCESSOR_IDENTIFIER=Intel64 Family 6 Model 140 Stepping 1, GenuineIntel
TMP=C:\Users\46FB~1\AppData\Local\Temp
TEMP=C:\Users\46FB~1\AppData\Local\Temp



---------------  S Y S T E M  ---------------

OS:
 Windows 10 , 64 bit Build 19041 (10.0.19041.1202)
OS uptime: 0 days 0:06 hours

CPU: total 8 (initial active 8) (4 cores per cpu, 2 threads per core) family 6 model 140 stepping 1 microcode 0xa4, cx8, cmov, fxsr, ht, mmx, 3dnowpref, sse, sse2, sse3, ssse3, sse4.1, sse4.2, popcnt, lzcnt, tsc, tscinvbit, avx, avx2, aes, erms, clmul, bmi1, bmi2, adx, avx512f, avx512dq, avx512cd, avx512bw, avx512vl, sha, fma, vzeroupper, avx512_vpopcntdq, avx512_vpclmulqdq, avx512_vaes, avx512_vnni, clflush, clflushopt, clwb, avx512_vbmi2, avx512_vbmi, rdtscp, rdpid, fsrm, gfni, avx512_bitalg

Memory: 4k page, system-wide physical 7883M (427M free)
TotalPageFile size 7883M (AvailPageFile size 6M)
current process WorkingSet (physical memory assigned to process): 210M, peak: 211M
current process commit charge ("private bytes"): 276M, peak: 279M

vm_info: Java HotSpot(TM) 64-Bit Server VM (19.0.2+7-44) for windows-amd64 JRE (19.0.2+7-44), built on 2022-11-30T18:02:09Z by "mach5one" with MS VC++ 17.1 (VS2022)

END.
