#
# There is insufficient memory for the Java Runtime Environment to continue.
# Native memory allocation (mmap) failed to map 52428800 bytes for G1 virtual space
# Possible reasons:
#   The system is out of physical RAM or swap space
#   The process is running with CompressedOops enabled, and the Java Heap may be blocking the growth of the native heap
# Possible solutions:
#   Reduce memory load on the system
#   Increase physical memory or swap space
#   Check if swap backing store is full
#   Decrease Java heap size (-Xmx/-Xms)
#   Decrease number of Java threads
#   Decrease Java thread stack sizes (-Xss)
#   Set larger code cache with -XX:ReservedCodeCacheSize=
#   JVM is running with Unscaled Compressed Oops mode in which the Java heap is
#     placed in the first 4GB address space. The Java Heap base address is the
#     maximum limit for the native heap growth. Please use -XX:HeapBaseMinAddress
#     to set the Java Heap base and to place the Java Heap above 4GB virtual address.
# This output file may be truncated or incomplete.
#
#  Out of Memory Error (os_windows.cpp:3536), pid=4800, tid=6756
#
# JRE version: Java(TM) SE Runtime Environment (19.0.2+7) (build 19.0.2+7-44)
# Java VM: Java HotSpot(TM) 64-Bit Server VM (19.0.2+7-44, mixed mode, sharing, tiered, compressed oops, compressed class ptrs, g1 gc, windows-amd64)
# No core dump will be written. Minidumps are not enabled by default on client versions of Windows
#

---------------  S U M M A R Y ------------

Command Line: -javaagent:C:\Users\Жанарбай\AppData\Local\JetBrains\IntelliJ IDEA Community Edition 2022.3.2\lib\idea_rt.jar=60948:C:\Users\Жанарбай\AppData\Local\JetBrains\IntelliJ IDEA Community Edition 2022.3.2\bin -Dfile.encoding=UTF-8 -Dsun.stdout.encoding=UTF-8 -Dsun.stderr.encoding=UTF-8 com.example.denSooluk.DenSoolukApplication

Host: 11th Gen Intel(R) Core(TM) i7-1165G7 @ 2.80GHz, 8 cores, 7G,  Windows 10 , 64 bit Build 19041 (10.0.19041.1202)
Time: Thu Jun 15 01:23:20 2023  Windows 10 , 64 bit Build 19041 (10.0.19041.1202) elapsed time: 4.904015 seconds (0d 0h 0m 4s)

---------------  T H R E A D  ---------------

Current thread (0x000001e7554033e0):  VMThread "VM Thread" [stack: 0x0000006ee5f00000,0x0000006ee6000000] [id=6756]

Stack: [0x0000006ee5f00000,0x0000006ee6000000]
Native frames: (J=compiled Java code, j=interpreted, Vv=VM code, C=native code)
V  [jvm.dll+0x6ee21a]
V  [jvm.dll+0x85765e]
V  [jvm.dll+0x85904e]
V  [jvm.dll+0x859703]
V  [jvm.dll+0x28298f]
V  [jvm.dll+0x6eb009]
V  [jvm.dll+0x6dfbaa]
V  [jvm.dll+0x3573f6]
V  [jvm.dll+0x35ee56]
V  [jvm.dll+0x3b541e]
V  [jvm.dll+0x3b564f]
V  [jvm.dll+0x32c9ea]
V  [jvm.dll+0x32ca97]
V  [jvm.dll+0x374cd2]
V  [jvm.dll+0x37340f]
V  [jvm.dll+0x32c210]
V  [jvm.dll+0x3729ab]
V  [jvm.dll+0x85ebc3]
V  [jvm.dll+0x85f989]
V  [jvm.dll+0x85febd]
V  [jvm.dll+0x86034b]
V  [jvm.dll+0x860407]
V  [jvm.dll+0x80125a]
V  [jvm.dll+0x6ecf0b]
C  [ucrtbase.dll+0x21bb2]
C  [KERNEL32.DLL+0x17034]
C  [ntdll.dll+0x52651]

VM_Operation (0x0000006ee6ff6f30): G1CollectForAllocation, mode: safepoint, requested by thread 0x000001e75a607b70


---------------  P R O C E S S  ---------------

Threads class SMR info:
_java_thread_list=0x000001e75cce2770, length=23, elements={
0x000001e736e1de60, 0x000001e7554208d0, 0x000001e7554214c0, 0x000001e755424240,
0x000001e755426080, 0x000001e7554269b0, 0x000001e755428220, 0x000001e75542b780,
0x000001e75543f620, 0x000001e755443fa0, 0x000001e7553f1db0, 0x000001e7599ccdd0,
0x000001e7599cd310, 0x000001e75a607630, 0x000001e75a607b70, 0x000001e75d37dfa0,
0x000001e75c3e3060, 0x000001e75baa38e0, 0x000001e75baa3e30, 0x000001e75baa5e10,
0x000001e75baa6360, 0x000001e759a7efc0, 0x000001e75adf0c80
}

Java Threads: ( => current thread )
  0x000001e736e1de60 JavaThread "main" [_thread_blocked, id=9592, stack(0x0000006ee5900000,0x0000006ee5a00000)]
  0x000001e7554208d0 JavaThread "Reference Handler" daemon [_thread_blocked, id=9388, stack(0x0000006ee6000000,0x0000006ee6100000)]
  0x000001e7554214c0 JavaThread "Finalizer" daemon [_thread_blocked, id=10380, stack(0x0000006ee6100000,0x0000006ee6200000)]
  0x000001e755424240 JavaThread "Signal Dispatcher" daemon [_thread_blocked, id=7868, stack(0x0000006ee6200000,0x0000006ee6300000)]
  0x000001e755426080 JavaThread "Attach Listener" daemon [_thread_blocked, id=10732, stack(0x0000006ee6300000,0x0000006ee6400000)]
  0x000001e7554269b0 JavaThread "Service Thread" daemon [_thread_blocked, id=2328, stack(0x0000006ee6400000,0x0000006ee6500000)]
  0x000001e755428220 JavaThread "Monitor Deflation Thread" daemon [_thread_blocked, id=8448, stack(0x0000006ee6500000,0x0000006ee6600000)]
  0x000001e75542b780 JavaThread "C2 CompilerThread0" daemon [_thread_blocked, id=10348, stack(0x0000006ee6600000,0x0000006ee6700000)]
  0x000001e75543f620 JavaThread "C1 CompilerThread0" daemon [_thread_blocked, id=10080, stack(0x0000006ee6700000,0x0000006ee6800000)]
  0x000001e755443fa0 JavaThread "Sweeper thread" daemon [_thread_blocked, id=6636, stack(0x0000006ee6800000,0x0000006ee6900000)]
  0x000001e7553f1db0 JavaThread "Common-Cleaner" daemon [_thread_blocked, id=7928, stack(0x0000006ee6900000,0x0000006ee6a00000)]
  0x000001e7599ccdd0 JavaThread "Monitor Ctrl-Break" daemon [_thread_in_native, id=9804, stack(0x0000006ee6b00000,0x0000006ee6c00000)]
  0x000001e7599cd310 JavaThread "Notification Thread" daemon [_thread_blocked, id=7784, stack(0x0000006ee6c00000,0x0000006ee6d00000)]
  0x000001e75a607630 JavaThread "Thread-0" [_thread_blocked, id=4276, stack(0x0000006ee6e00000,0x0000006ee6f00000)]
  0x000001e75a607b70 JavaThread "restartedMain" [_thread_blocked, id=1364, stack(0x0000006ee6f00000,0x0000006ee7000000)]
  0x000001e75d37dfa0 JavaThread "Catalina-utility-1" [_thread_blocked, id=3172, stack(0x0000006ee7900000,0x0000006ee7a00000)]
  0x000001e75c3e3060 JavaThread "Catalina-utility-2" [_thread_blocked, id=4648, stack(0x0000006ee7a00000,0x0000006ee7b00000)]
  0x000001e75baa38e0 JavaThread "container-0" [_thread_blocked, id=7160, stack(0x0000006ee7b00000,0x0000006ee7c00000)]
  0x000001e75baa3e30 JavaThread "PostgreSQL-JDBC-Cleaner" daemon [_thread_blocked, id=3064, stack(0x0000006ee7d00000,0x0000006ee7e00000)]
  0x000001e75baa5e10 JavaThread "HikariPool-1 housekeeper" daemon [_thread_blocked, id=9940, stack(0x0000006ee7e00000,0x0000006ee7f00000)]
  0x000001e75baa6360 JavaThread "HikariPool-1 connection adder" daemon [_thread_blocked, id=8584, stack(0x0000006ee7f00000,0x0000006ee8000000)]
  0x000001e759a7efc0 JavaThread "C2 CompilerThread1" daemon [_thread_in_native, id=3084, stack(0x0000006ee6a00000,0x0000006ee6b00000)]
  0x000001e75adf0c80 JavaThread "C2 CompilerThread2" daemon [_thread_blocked, id=9800, stack(0x0000006ee7800000,0x0000006ee7900000)]

Other Threads:
=>0x000001e7554033e0 VMThread "VM Thread" [stack: 0x0000006ee5f00000,0x0000006ee6000000] [id=6756]
  0x000001e759b25c20 WatcherThread "VM Periodic Task Thread" [stack: 0x0000006ee6d00000,0x0000006ee6e00000] [id=796]
  0x000001e734d0e580 WorkerThread "GC Thread#0" [stack: 0x0000006ee5a00000,0x0000006ee5b00000] [id=5316]
  0x000001e75a1fdf10 WorkerThread "GC Thread#1" [stack: 0x0000006ee7000000,0x0000006ee7100000] [id=8700]
  0x000001e75a1fe1e0 WorkerThread "GC Thread#2" [stack: 0x0000006ee7100000,0x0000006ee7200000] [id=3616]
  0x000001e75a1fe4b0 WorkerThread "GC Thread#3" [stack: 0x0000006ee7200000,0x0000006ee7300000] [id=10908]
  0x000001e75a1fe780 WorkerThread "GC Thread#4" [stack: 0x0000006ee7300000,0x0000006ee7400000] [id=4992]
  0x000001e75a674bd0 WorkerThread "GC Thread#5" [stack: 0x0000006ee7400000,0x0000006ee7500000] [id=348]
  0x000001e75a673550 WorkerThread "GC Thread#6" [stack: 0x0000006ee7600000,0x0000006ee7700000] [id=3476]
  0x000001e75a674900 WorkerThread "GC Thread#7" [stack: 0x0000006ee7700000,0x0000006ee7800000] [id=7432]
  0x000001e734d0ebf0 ConcurrentGCThread "G1 Main Marker" [stack: 0x0000006ee5b00000,0x0000006ee5c00000] [id=5620]
  0x000001e736e89290 WorkerThread "G1 Conc#0" [stack: 0x0000006ee5c00000,0x0000006ee5d00000] [id=9476]
  0x000001e75a673820 WorkerThread "G1 Conc#1" [stack: 0x0000006ee7500000,0x0000006ee7600000] [id=11032]
  0x000001e736ede570 ConcurrentGCThread "G1 Refine#0" [stack: 0x0000006ee5d00000,0x0000006ee5e00000] [id=10988]
  0x000001e7552c0140 ConcurrentGCThread "G1 Service" [stack: 0x0000006ee5e00000,0x0000006ee5f00000] [id=2876]

Threads with active compile tasks:
C2 CompilerThread0     4921 6557       4       org.springframework.transaction.annotation.AnnotationTransactionAttributeSource::determineTransactionAttribute (51 bytes)
C2 CompilerThread1     4921 6424       4       org.springframework.beans.factory.support.AbstractBeanFactory::isTypeMatch (619 bytes)
C2 CompilerThread2     4921 6437   !   4       org.springframework.util.ReflectionUtils::doWithMethods (186 bytes)

VM state: at safepoint (normal execution)

VM Mutex/Monitor currently owned by a thread:  ([mutex/lock_event])
[0x000001e736e183e0] Threads_lock - owner thread: 0x000001e7554033e0
[0x000001e736e186b0] Heap_lock - owner thread: 0x000001e75a607b70

Heap address: 0x0000000084c00000, size: 1972 MB, Compressed Oops mode: 32-bit

CDS archive(s) mapped at: [0x0000000800000000-0x0000000800c40000-0x0000000800c40000), size 12845056, SharedBaseAddress: 0x0000000800000000, ArchiveRelocationMode: 0.
Compressed class space mapped at: 0x0000000801000000-0x0000000841000000, reserved size: 1073741824
Narrow klass base: 0x0000000800000000, Narrow klass shift: 0, Narrow klass range: 0x100000000

GC Precious Log:
 CardTable entry size: 512
 Card Set container configuration: InlinePtr #cards 5 size 8 Array Of Cards #cards 12 size 40 Howl #buckets 4 coarsen threshold 1843 Howl Bitmap #cards 512 size 80 coarsen threshold 460 Card regions per heap region 1 cards per card region 2048
 CPUs: 8 total, 8 available
 Memory: 7883M
 Large Page Support: Disabled
 NUMA Support: Disabled
 Compressed Oops: Enabled (32-bit)
 Heap Region Size: 1M
 Heap Min Capacity: 8M
 Heap Initial Capacity: 124M
 Heap Max Capacity: 1972M
 Pre-touch: Disabled
 Parallel Workers: 8
 Concurrent Workers: 2
 Concurrent Refinement Workers: 8
 Periodic GC: Disabled

Heap:
 garbage-first heap   total 75776K, used 29865K [0x0000000084c00000, 0x0000000100000000)
  region size 1024K, 4 young (4096K), 4 survivors (4096K)
 Metaspace       used 64248K, committed 64960K, reserved 1114112K
  class space    used 8582K, committed 8896K, reserved 1048576K

Heap Regions: E=young(eden), S=young(survivor), O=old, HS=humongous(starts), HC=humongous(continues), CS=collection set, F=free, OA=open archive, CA=closed archive, TAMS=top-at-mark-start (previous, next)
|   0|0x0000000084c00000, 0x0000000084d00000, 0x0000000084d00000|100%|HS|  |TAMS 0x0000000084d00000, 0x0000000084c00000| Complete 
|   1|0x0000000084d00000, 0x0000000084e00000, 0x0000000084e00000|100%| O|  |TAMS 0x0000000084e00000, 0x0000000084d00000| Untracked 
|   2|0x0000000084e00000, 0x0000000084f00000, 0x0000000084f00000|100%| O|  |TAMS 0x0000000084f00000, 0x0000000084e00000| Untracked 
|   3|0x0000000084f00000, 0x0000000085000000, 0x0000000085000000|100%| O|  |TAMS 0x0000000085000000, 0x0000000084f00000| Untracked 
|   4|0x0000000085000000, 0x0000000085100000, 0x0000000085100000|100%| O|  |TAMS 0x0000000085100000, 0x0000000085000000| Untracked 
|   5|0x0000000085100000, 0x0000000085200000, 0x0000000085200000|100%| O|  |TAMS 0x0000000085200000, 0x0000000085100000| Untracked 
|   6|0x0000000085200000, 0x0000000085300000, 0x0000000085300000|100%| O|  |TAMS 0x0000000085300000, 0x0000000085200000| Untracked 
|   7|0x0000000085300000, 0x0000000085400000, 0x0000000085400000|100%| O|  |TAMS 0x0000000085400000, 0x0000000085300000| Untracked 
|   8|0x0000000085400000, 0x0000000085500000, 0x0000000085500000|100%| O|  |TAMS 0x0000000085500000, 0x0000000085400000| Untracked 
|   9|0x0000000085500000, 0x0000000085600000, 0x0000000085600000|100%| O|  |TAMS 0x0000000085600000, 0x0000000085500000| Untracked 
|  10|0x0000000085600000, 0x0000000085700000, 0x0000000085700000|100%| O|  |TAMS 0x0000000085700000, 0x0000000085600000| Untracked 
|  11|0x0000000085700000, 0x0000000085800000, 0x0000000085800000|100%| O|  |TAMS 0x0000000085800000, 0x0000000085700000| Untracked 
|  12|0x0000000085800000, 0x0000000085900000, 0x0000000085900000|100%| O|  |TAMS 0x0000000085900000, 0x0000000085800000| Untracked 
|  13|0x0000000085900000, 0x0000000085a00000, 0x0000000085a00000|100%| O|  |TAMS 0x0000000085a00000, 0x0000000085900000| Untracked 
|  14|0x0000000085a00000, 0x0000000085a00000, 0x0000000085b00000|  0%| F|  |TAMS 0x0000000085a00000, 0x0000000085a00000| Untracked 
|  15|0x0000000085b00000, 0x0000000085c00000, 0x0000000085c00000|100%| O|  |TAMS 0x0000000085c00000, 0x0000000085b00000| Untracked 
|  16|0x0000000085c00000, 0x0000000085d00000, 0x0000000085d00000|100%| O|  |TAMS 0x0000000085d00000, 0x0000000085c00000| Untracked 
|  17|0x0000000085d00000, 0x0000000085e00000, 0x0000000085e00000|100%| O|  |TAMS 0x0000000085e00000, 0x0000000085d00000| Untracked 
|  18|0x0000000085e00000, 0x0000000085f00000, 0x0000000085f00000|100%| O|  |TAMS 0x0000000085f00000, 0x0000000085e00000| Untracked 
|  19|0x0000000085f00000, 0x0000000086000000, 0x0000000086000000|100%| O|  |TAMS 0x0000000086000000, 0x0000000085f00000| Untracked 
|  20|0x0000000086000000, 0x0000000086100000, 0x0000000086100000|100%| O|  |TAMS 0x0000000086100000, 0x0000000086000000| Untracked 
|  21|0x0000000086100000, 0x0000000086200000, 0x0000000086200000|100%| O|  |TAMS 0x0000000086200000, 0x0000000086100000| Untracked 
|  22|0x0000000086200000, 0x0000000086300000, 0x0000000086300000|100%| O|  |TAMS 0x0000000086244c00, 0x0000000086200000| Untracked 
|  23|0x0000000086300000, 0x0000000086400000, 0x0000000086400000|100%| O|  |TAMS 0x0000000086300000, 0x0000000086300000| Untracked 
|  24|0x0000000086400000, 0x0000000086500000, 0x0000000086500000|100%| O|  |TAMS 0x0000000086400000, 0x0000000086400000| Untracked 
|  25|0x0000000086500000, 0x0000000086600000, 0x0000000086600000|100%| O|  |TAMS 0x0000000086500000, 0x0000000086500000| Untracked 
|  26|0x0000000086600000, 0x00000000866cd200, 0x0000000086700000| 80%| O|  |TAMS 0x0000000086600000, 0x0000000086600000| Untracked 
|  27|0x0000000086700000, 0x0000000086700000, 0x0000000086800000|  0%| F|  |TAMS 0x0000000086700000, 0x0000000086700000| Untracked 
|  28|0x0000000086800000, 0x0000000086800000, 0x0000000086900000|  0%| F|  |TAMS 0x0000000086800000, 0x0000000086800000| Untracked 
|  29|0x0000000086900000, 0x0000000086900000, 0x0000000086a00000|  0%| F|  |TAMS 0x0000000086900000, 0x0000000086900000| Untracked 
|  30|0x0000000086a00000, 0x0000000086a00000, 0x0000000086b00000|  0%| F|  |TAMS 0x0000000086a00000, 0x0000000086a00000| Untracked 
|  31|0x0000000086b00000, 0x0000000086b00000, 0x0000000086c00000|  0%| F|  |TAMS 0x0000000086b00000, 0x0000000086b00000| Untracked 
|  32|0x0000000086c00000, 0x0000000086c00000, 0x0000000086d00000|  0%| F|  |TAMS 0x0000000086c00000, 0x0000000086c00000| Untracked 
|  33|0x0000000086d00000, 0x0000000086d00000, 0x0000000086e00000|  0%| F|  |TAMS 0x0000000086d00000, 0x0000000086d00000| Untracked 
|  34|0x0000000086e00000, 0x0000000086e5d438, 0x0000000086f00000| 36%| S|CS|TAMS 0x0000000086e00000, 0x0000000086e00000| Complete 
|  35|0x0000000086f00000, 0x0000000086f00000, 0x0000000087000000|  0%| F|  |TAMS 0x0000000086f00000, 0x0000000086f00000| Untracked 
|  36|0x0000000087000000, 0x0000000087000000, 0x0000000087100000|  0%| F|  |TAMS 0x0000000087000000, 0x0000000087000000| Untracked 
|  37|0x0000000087100000, 0x0000000087200000, 0x0000000087200000|100%| S|CS|TAMS 0x0000000087100000, 0x0000000087100000| Complete 
|  38|0x0000000087200000, 0x0000000087300000, 0x0000000087300000|100%| S|CS|TAMS 0x0000000087200000, 0x0000000087200000| Complete 
|  39|0x0000000087300000, 0x0000000087400000, 0x0000000087400000|100%| S|CS|TAMS 0x0000000087300000, 0x0000000087300000| Complete 
|  40|0x0000000087400000, 0x0000000087400000, 0x0000000087500000|  0%| F|  |TAMS 0x0000000087400000, 0x0000000087400000| Untracked 
|  41|0x0000000087500000, 0x0000000087500000, 0x0000000087600000|  0%| F|  |TAMS 0x0000000087500000, 0x0000000087500000| Untracked 
|  42|0x0000000087600000, 0x0000000087600000, 0x0000000087700000|  0%| F|  |TAMS 0x0000000087600000, 0x0000000087600000| Untracked 
|  43|0x0000000087700000, 0x0000000087700000, 0x0000000087800000|  0%| F|  |TAMS 0x0000000087700000, 0x0000000087700000| Untracked 
|  44|0x0000000087800000, 0x0000000087800000, 0x0000000087900000|  0%| F|  |TAMS 0x0000000087800000, 0x0000000087800000| Untracked 
|  45|0x0000000087900000, 0x0000000087900000, 0x0000000087a00000|  0%| F|  |TAMS 0x0000000087900000, 0x0000000087900000| Untracked 
|  46|0x0000000087a00000, 0x0000000087a00000, 0x0000000087b00000|  0%| F|  |TAMS 0x0000000087a00000, 0x0000000087a00000| Untracked 
|  47|0x0000000087b00000, 0x0000000087b00000, 0x0000000087c00000|  0%| F|  |TAMS 0x0000000087b00000, 0x0000000087b00000| Untracked 
|  48|0x0000000087c00000, 0x0000000087c00000, 0x0000000087d00000|  0%| F|  |TAMS 0x0000000087c00000, 0x0000000087c00000| Untracked 
|  49|0x0000000087d00000, 0x0000000087d00000, 0x0000000087e00000|  0%| F|  |TAMS 0x0000000087d00000, 0x0000000087d00000| Untracked 
|  50|0x0000000087e00000, 0x0000000087e00000, 0x0000000087f00000|  0%| F|  |TAMS 0x0000000087e00000, 0x0000000087e00000| Untracked 
|  51|0x0000000087f00000, 0x0000000087f00000, 0x0000000088000000|  0%| F|  |TAMS 0x0000000087f00000, 0x0000000087f00000| Untracked 
|  52|0x0000000088000000, 0x0000000088000000, 0x0000000088100000|  0%| F|  |TAMS 0x0000000088000000, 0x0000000088000000| Untracked 
|  53|0x0000000088100000, 0x0000000088100000, 0x0000000088200000|  0%| F|  |TAMS 0x0000000088100000, 0x0000000088100000| Untracked 
|  54|0x0000000088200000, 0x0000000088200000, 0x0000000088300000|  0%| F|  |TAMS 0x0000000088200000, 0x0000000088200000| Untracked 
|  55|0x0000000088300000, 0x0000000088300000, 0x0000000088400000|  0%| F|  |TAMS 0x0000000088300000, 0x0000000088300000| Untracked 
|  56|0x0000000088400000, 0x0000000088400000, 0x0000000088500000|  0%| F|  |TAMS 0x0000000088400000, 0x0000000088400000| Untracked 
|  57|0x0000000088500000, 0x0000000088500000, 0x0000000088600000|  0%| F|  |TAMS 0x0000000088500000, 0x0000000088500000| Untracked 
|  58|0x0000000088600000, 0x0000000088600000, 0x0000000088700000|  0%| F|  |TAMS 0x0000000088600000, 0x0000000088600000| Untracked 
|  59|0x0000000088700000, 0x0000000088700000, 0x0000000088800000|  0%| F|  |TAMS 0x0000000088700000, 0x0000000088700000| Untracked 
|  60|0x0000000088800000, 0x0000000088800000, 0x0000000088900000|  0%| F|  |TAMS 0x0000000088800000, 0x0000000088800000| Untracked 
|  61|0x0000000088900000, 0x0000000088900000, 0x0000000088a00000|  0%| F|  |TAMS 0x0000000088900000, 0x0000000088900000| Untracked 
|  62|0x0000000088a00000, 0x0000000088a00000, 0x0000000088b00000|  0%| F|  |TAMS 0x0000000088a00000, 0x0000000088a00000| Untracked 
|  63|0x0000000088b00000, 0x0000000088b00000, 0x0000000088c00000|  0%| F|  |TAMS 0x0000000088b00000, 0x0000000088b00000| Untracked 
|  64|0x0000000088c00000, 0x0000000088c00000, 0x0000000088d00000|  0%| F|  |TAMS 0x0000000088c00000, 0x0000000088c00000| Untracked 
|  65|0x0000000088d00000, 0x0000000088d00000, 0x0000000088e00000|  0%| F|  |TAMS 0x0000000088d00000, 0x0000000088d00000| Untracked 
|  66|0x0000000088e00000, 0x0000000088e00000, 0x0000000088f00000|  0%| F|  |TAMS 0x0000000088e00000, 0x0000000088e00000| Untracked 
|  67|0x0000000088f00000, 0x0000000088f00000, 0x0000000089000000|  0%| F|  |TAMS 0x0000000088f00000, 0x0000000088f00000| Untracked 
|  68|0x0000000089000000, 0x0000000089000000, 0x0000000089100000|  0%| F|  |TAMS 0x0000000089000000, 0x0000000089000000| Untracked 
|  69|0x0000000089100000, 0x0000000089100000, 0x0000000089200000|  0%| F|  |TAMS 0x0000000089100000, 0x0000000089100000| Untracked 
|  70|0x0000000089200000, 0x0000000089200000, 0x0000000089300000|  0%| F|  |TAMS 0x0000000089200000, 0x0000000089200000| Untracked 
|  71|0x0000000089300000, 0x0000000089300000, 0x0000000089400000|  0%| F|  |TAMS 0x0000000089300000, 0x0000000089300000| Untracked 
|  72|0x0000000089400000, 0x0000000089400000, 0x0000000089500000|  0%| F|  |TAMS 0x0000000089400000, 0x0000000089400000| Untracked 
| 123|0x000000008c700000, 0x000000008c700000, 0x000000008c800000|  0%| F|  |TAMS 0x000000008c700000, 0x000000008c700000| Untracked 

Card table byte_map: [0x000001e74e490000,0x000001e74e870000] _byte_map_base: 0x000001e74e06a000

Marking Bits (Prev, Next): (CMBitMap*) 0x000001e736e77f00, (CMBitMap*) 0x000001e736e77ec0
 Prev Bits: [0x000001e750b20000, 0x000001e7529f0000)
 Next Bits: [0x000001e74ec50000, 0x000001e750b20000)

Polling page: 0x000001e734db0000

Metaspace:

Usage:
  Non-class:     54.36 MB used.
      Class:      8.38 MB used.
       Both:     62.74 MB used.

Virtual space:
  Non-class space:       64.00 MB reserved,      54.75 MB ( 86%) committed,  1 nodes.
      Class space:        1.00 GB reserved,       8.69 MB ( <1%) committed,  1 nodes.
             Both:        1.06 GB reserved,      63.44 MB (  6%) committed. 

Chunk freelists:
   Non-Class:  752.00 KB
       Class:  3.17 MB
        Both:  3.91 MB

MaxMetaspaceSize: unlimited
CompressedClassSpaceSize: 1.00 GB
Initial GC threshold: 21.00 MB
Current GC threshold: 98.06 MB
CDS: on
MetaspaceReclaimPolicy: balanced
 - commit_granule_bytes: 65536.
 - commit_granule_words: 8192.
 - virtual_space_node_default_size: 8388608.
 - enlarge_chunks_in_place: 1.
 - new_chunks_are_fully_committed: 0.
 - uncommit_free_chunks: 1.
 - use_allocation_guard: 0.


Internal statistics:

num_allocs_failed_limit: 9.
num_arena_births: 904.
num_arena_deaths: 0.
num_vsnodes_births: 2.
num_vsnodes_deaths: 0.
num_space_committed: 1015.
num_space_uncommitted: 0.
num_chunks_returned_to_freelist: 9.
num_chunks_taken_from_freelist: 3182.
num_chunk_merges: 9.
num_chunk_splits: 2338.
num_chunks_enlarged: 1917.
num_inconsistent_stats: 0.

CodeHeap 'non-profiled nmethods': size=120000Kb used=3735Kb max_used=3735Kb free=116264Kb
 bounds [0x000001e746850000, 0x000001e746c00000, 0x000001e74dd80000]
CodeHeap 'profiled nmethods': size=120000Kb used=11351Kb max_used=11351Kb free=108648Kb
 bounds [0x000001e73ed80000, 0x000001e73f8a0000, 0x000001e7462b0000]
CodeHeap 'non-nmethods': size=5760Kb used=1430Kb max_used=1508Kb free=4329Kb
 bounds [0x000001e7462b0000, 0x000001e746520000, 0x000001e746850000]
 total_blobs=6419 nmethods=5752 adapters=577
 compilation: enabled
              stopped_count=0, restarted_count=0
 full_count=0

Compilation events (20 events):
Event: 4.894 Thread 0x000001e75543f620 6575       3       org.springframework.beans.factory.annotation.InitDestroyAnnotationBeanPostProcessor::postProcessAfterInitialization (2 bytes)
Event: 4.894 Thread 0x000001e75543f620 nmethod 6575 0x000001e73f891910 code [0x000001e73f891aa0, 0x000001e73f891bb8]
Event: 4.894 Thread 0x000001e75543f620 6577   !   3       org.springframework.beans.factory.support.DefaultSingletonBeanRegistry::getSingleton (147 bytes)
Event: 4.894 Thread 0x000001e75543f620 nmethod 6577 0x000001e73f891c90 code [0x000001e73f891f00, 0x000001e73f892c68]
Event: 4.894 Thread 0x000001e75543f620 6576       3       java.util.HashSet::<init> (17 bytes)
Event: 4.895 Thread 0x000001e75543f620 nmethod 6576 0x000001e73f893190 code [0x000001e73f893380, 0x000001e73f893708]
Event: 4.895 Thread 0x000001e75543f620 6578       3       org.springframework.boot.context.properties.bind.Bindable::box (60 bytes)
Event: 4.895 Thread 0x000001e75543f620 nmethod 6578 0x000001e73f893890 code [0x000001e73f893ac0, 0x000001e73f894108]
Event: 4.895 Thread 0x000001e75543f620 6579       3       java.util.concurrent.ConcurrentHashMap$CollectionView::size (8 bytes)
Event: 4.895 Thread 0x000001e75543f620 nmethod 6579 0x000001e73f894390 code [0x000001e73f894540, 0x000001e73f894688]
Event: 4.896 Thread 0x000001e75543f620 6580       3       org.apache.catalina.core.ApplicationContextFacade::getInitParameterNames (25 bytes)
Event: 4.896 Thread 0x000001e75543f620 nmethod 6580 0x000001e73f894790 code [0x000001e73f894940, 0x000001e73f894b08]
Event: 4.896 Thread 0x000001e75543f620 6581       3       org.apache.catalina.core.ApplicationContext::getInitParameterNames (60 bytes)
Event: 4.896 Thread 0x000001e75543f620 nmethod 6581 0x000001e73f894c10 code [0x000001e73f894f20, 0x000001e73f896308]
Event: 4.896 Thread 0x000001e75543f620 6584       3       org.springframework.boot.context.properties.source.SystemEnvironmentPropertyMapper::convertName (62 bytes)
Event: 4.897 Thread 0x000001e75543f620 nmethod 6584 0x000001e73f896890 code [0x000001e73f896b00, 0x000001e73f897368]
Event: 4.897 Thread 0x000001e75543f620 6582       3       org.springframework.web.context.support.ServletContextPropertySource::getPropertyNames (16 bytes)
Event: 4.897 Thread 0x000001e75543f620 nmethod 6582 0x000001e73f897710 code [0x000001e73f897940, 0x000001e73f8981e8]
Event: 4.897 Thread 0x000001e75543f620 6583       3       org.springframework.boot.context.properties.bind.Bindable::of (28 bytes)
Event: 4.897 Thread 0x000001e75543f620 nmethod 6583 0x000001e73f898410 code [0x000001e73f898600, 0x000001e73f898b38]

GC Heap History (20 events):
Event: 2.535 GC heap after
{Heap after GC invocations=9 (full 0):
 garbage-first heap   total 64512K, used 19815K [0x0000000084c00000, 0x0000000100000000)
  region size 1024K, 1 young (1024K), 1 survivors (1024K)
 Metaspace       used 35481K, committed 35968K, reserved 1114112K
  class space    used 4495K, committed 4736K, reserved 1048576K
}
Event: 3.028 GC heap before
{Heap before GC invocations=10 (full 0):
 garbage-first heap   total 64512K, used 47463K [0x0000000084c00000, 0x0000000100000000)
  region size 1024K, 28 young (28672K), 1 survivors (1024K)
 Metaspace       used 43517K, committed 44032K, reserved 1114112K
  class space    used 5579K, committed 5824K, reserved 1048576K
}
Event: 3.030 GC heap after
{Heap after GC invocations=11 (full 0):
 garbage-first heap   total 64512K, used 21539K [0x0000000084c00000, 0x0000000100000000)
  region size 1024K, 3 young (3072K), 3 survivors (3072K)
 Metaspace       used 43517K, committed 44032K, reserved 1114112K
  class space    used 5579K, committed 5824K, reserved 1048576K
}
Event: 3.062 GC heap before
{Heap before GC invocations=11 (full 0):
 garbage-first heap   total 64512K, used 22563K [0x0000000084c00000, 0x0000000100000000)
  region size 1024K, 4 young (4096K), 3 survivors (3072K)
 Metaspace       used 43819K, committed 44416K, reserved 1114112K
  class space    used 5616K, committed 5888K, reserved 1048576K
}
Event: 3.065 GC heap after
{Heap after GC invocations=12 (full 0):
 garbage-first heap   total 64512K, used 21576K [0x0000000084c00000, 0x0000000100000000)
  region size 1024K, 1 young (1024K), 1 survivors (1024K)
 Metaspace       used 43819K, committed 44416K, reserved 1114112K
  class space    used 5616K, committed 5888K, reserved 1048576K
}
Event: 3.538 GC heap before
{Heap before GC invocations=12 (full 0):
 garbage-first heap   total 64512K, used 47176K [0x0000000084c00000, 0x0000000100000000)
  region size 1024K, 27 young (27648K), 1 survivors (1024K)
 Metaspace       used 50902K, committed 51456K, reserved 1114112K
  class space    used 6648K, committed 6912K, reserved 1048576K
}
Event: 3.540 GC heap after
{Heap after GC invocations=13 (full 0):
 garbage-first heap   total 64512K, used 22860K [0x0000000084c00000, 0x0000000100000000)
  region size 1024K, 2 young (2048K), 2 survivors (2048K)
 Metaspace       used 50902K, committed 51456K, reserved 1114112K
  class space    used 6648K, committed 6912K, reserved 1048576K
}
Event: 3.935 GC heap before
{Heap before GC invocations=13 (full 0):
 garbage-first heap   total 64512K, used 49484K [0x0000000084c00000, 0x0000000100000000)
  region size 1024K, 28 young (28672K), 2 survivors (2048K)
 Metaspace       used 55488K, committed 56064K, reserved 1114112K
  class space    used 7348K, committed 7616K, reserved 1048576K
}
Event: 3.937 GC heap after
{Heap after GC invocations=14 (full 0):
 garbage-first heap   total 64512K, used 23886K [0x0000000084c00000, 0x0000000100000000)
  region size 1024K, 3 young (3072K), 3 survivors (3072K)
 Metaspace       used 55488K, committed 56064K, reserved 1114112K
  class space    used 7348K, committed 7616K, reserved 1048576K
}
Event: 4.322 GC heap before
{Heap before GC invocations=14 (full 0):
 garbage-first heap   total 64512K, used 50510K [0x0000000084c00000, 0x0000000100000000)
  region size 1024K, 29 young (29696K), 3 survivors (3072K)
 Metaspace       used 59498K, committed 60096K, reserved 1114112K
  class space    used 7871K, committed 8128K, reserved 1048576K
}
Event: 4.326 GC heap after
{Heap after GC invocations=15 (full 0):
 garbage-first heap   total 64512K, used 25871K [0x0000000084c00000, 0x0000000100000000)
  region size 1024K, 3 young (3072K), 3 survivors (3072K)
 Metaspace       used 59498K, committed 60096K, reserved 1114112K
  class space    used 7871K, committed 8128K, reserved 1048576K
}
Event: 4.340 GC heap before
{Heap before GC invocations=15 (full 0):
 garbage-first heap   total 64512K, used 29967K [0x0000000084c00000, 0x0000000100000000)
  region size 1024K, 8 young (8192K), 3 survivors (3072K)
 Metaspace       used 59541K, committed 60160K, reserved 1114112K
  class space    used 7875K, committed 8192K, reserved 1048576K
}
Event: 4.343 GC heap after
{Heap after GC invocations=16 (full 0):
 garbage-first heap   total 64512K, used 25960K [0x0000000084c00000, 0x0000000100000000)
  region size 1024K, 2 young (2048K), 2 survivors (2048K)
 Metaspace       used 59541K, committed 60160K, reserved 1114112K
  class space    used 7875K, committed 8192K, reserved 1048576K
}
Event: 4.477 GC heap before
{Heap before GC invocations=17 (full 0):
 garbage-first heap   total 64512K, used 51560K [0x0000000084c00000, 0x0000000100000000)
  region size 1024K, 27 young (27648K), 2 survivors (2048K)
 Metaspace       used 60381K, committed 60992K, reserved 1114112K
  class space    used 8040K, committed 8320K, reserved 1048576K
}
Event: 4.478 GC heap after
{Heap after GC invocations=18 (full 0):
 garbage-first heap   total 64512K, used 26869K [0x0000000084c00000, 0x0000000100000000)
  region size 1024K, 3 young (3072K), 3 survivors (3072K)
 Metaspace       used 60381K, committed 60992K, reserved 1114112K
  class space    used 8040K, committed 8320K, reserved 1048576K
}
Event: 4.485 GC heap before
{Heap before GC invocations=18 (full 0):
 garbage-first heap   total 64512K, used 27893K [0x0000000084c00000, 0x0000000100000000)
  region size 1024K, 4 young (4096K), 3 survivors (3072K)
 Metaspace       used 60412K, committed 60992K, reserved 1114112K
  class space    used 8041K, committed 8320K, reserved 1048576K
}
Event: 4.488 GC heap after
{Heap after GC invocations=19 (full 0):
 garbage-first heap   total 64512K, used 26938K [0x0000000084c00000, 0x0000000100000000)
  region size 1024K, 1 young (1024K), 1 survivors (1024K)
 Metaspace       used 60412K, committed 60992K, reserved 1114112K
  class space    used 8041K, committed 8320K, reserved 1048576K
}
Event: 4.640 GC heap before
{Heap before GC invocations=19 (full 0):
 garbage-first heap   total 64512K, used 51514K [0x0000000084c00000, 0x0000000100000000)
  region size 1024K, 26 young (26624K), 1 survivors (1024K)
 Metaspace       used 62035K, committed 62656K, reserved 1114112K
  class space    used 8283K, committed 8576K, reserved 1048576K
}
Event: 4.642 GC heap after
{Heap after GC invocations=20 (full 0):
 garbage-first heap   total 64512K, used 28096K [0x0000000084c00000, 0x0000000100000000)
  region size 1024K, 2 young (2048K), 2 survivors (2048K)
 Metaspace       used 62035K, committed 62656K, reserved 1114112K
  class space    used 8283K, committed 8576K, reserved 1048576K
}
Event: 4.899 GC heap before
{Heap before GC invocations=20 (full 0):
 garbage-first heap   total 64512K, used 51648K [0x0000000084c00000, 0x0000000100000000)
  region size 1024K, 25 young (25600K), 2 survivors (2048K)
 Metaspace       used 64248K, committed 64960K, reserved 1114112K
  class space    used 8582K, committed 8896K, reserved 1048576K
}

Dll operation events (13 events):
Event: 0.004 Loaded shared library C:\Program Files\Java\jdk-19\bin\java.dll
Event: 0.012 Loaded shared library C:\Program Files\Java\jdk-19\bin\jsvml.dll
Event: 0.101 Loaded shared library C:\Program Files\Java\jdk-19\bin\zip.dll
Event: 0.103 Loaded shared library C:\Program Files\Java\jdk-19\bin\instrument.dll
Event: 0.107 Loaded shared library C:\Program Files\Java\jdk-19\bin\net.dll
Event: 0.108 Loaded shared library C:\Program Files\Java\jdk-19\bin\nio.dll
Event: 0.110 Loaded shared library C:\Program Files\Java\jdk-19\bin\zip.dll
Event: 0.173 Loaded shared library C:\Program Files\Java\jdk-19\bin\extnet.dll
Event: 0.194 Loaded shared library C:\Program Files\Java\jdk-19\bin\jimage.dll
Event: 0.384 Loaded shared library C:\Program Files\Java\jdk-19\bin\management.dll
Event: 0.385 Loaded shared library C:\Program Files\Java\jdk-19\bin\management_ext.dll
Event: 2.094 Loaded shared library C:\Program Files\Java\jdk-19\bin\sunmscapi.dll
Event: 2.567 Loaded shared library C:\Program Files\Java\jdk-19\bin\verify.dll

Deoptimization events (20 events):
Event: 4.727 Thread 0x000001e75a607b70 DEOPT PACKING pc=0x000001e746a5198c sp=0x0000006ee6ff87c0
Event: 4.727 Thread 0x000001e75a607b70 DEOPT UNPACKING pc=0x000001e74631a5a3 sp=0x0000006ee6ff8728 mode 2
Event: 4.731 Thread 0x000001e75a607b70 Uncommon trap: trap_request=0xffffff45 fr.pc=0x000001e7468f8f90 relative=0x0000000000001430
Event: 4.731 Thread 0x000001e75a607b70 Uncommon trap: reason=unstable_if action=reinterpret pc=0x000001e7468f8f90 method=java.util.concurrent.ConcurrentHashMap.transfer([Ljava/util/concurrent/ConcurrentHashMap$Node;[Ljava/util/concurrent/ConcurrentHashMap$Node;)V @ 352 c2
Event: 4.731 Thread 0x000001e75a607b70 DEOPT PACKING pc=0x000001e7468f8f90 sp=0x0000006ee6ff85d0
Event: 4.731 Thread 0x000001e75a607b70 DEOPT UNPACKING pc=0x000001e74631a5a3 sp=0x0000006ee6ff8538 mode 2
Event: 4.731 Thread 0x000001e75a607b70 Uncommon trap: trap_request=0xffffff45 fr.pc=0x000001e7468f3c1c relative=0x0000000000000fdc
Event: 4.731 Thread 0x000001e75a607b70 Uncommon trap: reason=unstable_if action=reinterpret pc=0x000001e7468f3c1c method=java.util.concurrent.ConcurrentHashMap.transfer([Ljava/util/concurrent/ConcurrentHashMap$Node;[Ljava/util/concurrent/ConcurrentHashMap$Node;)V @ 352 c2
Event: 4.731 Thread 0x000001e75a607b70 DEOPT PACKING pc=0x000001e7468f3c1c sp=0x0000006ee6ff85d0
Event: 4.731 Thread 0x000001e75a607b70 DEOPT UNPACKING pc=0x000001e74631a5a3 sp=0x0000006ee6ff8538 mode 2
Event: 4.749 Thread 0x000001e75a607b70 DEOPT PACKING pc=0x000001e73f41a5b0 sp=0x0000006ee6ffb440
Event: 4.749 Thread 0x000001e75a607b70 DEOPT UNPACKING pc=0x000001e74631b0e3 sp=0x0000006ee6ffa9e0 mode 0
Event: 4.800 Thread 0x000001e75a607b70 Uncommon trap: trap_request=0xffffffc6 fr.pc=0x000001e746b6c908 relative=0x00000000000002c8
Event: 4.800 Thread 0x000001e75a607b70 Uncommon trap: reason=bimorphic_or_optimized_type_check action=maybe_recompile pc=0x000001e746b6c908 method=java.util.stream.AbstractPipeline.spliterator()Ljava/util/Spliterator; @ 112 c2
Event: 4.800 Thread 0x000001e75a607b70 DEOPT PACKING pc=0x000001e746b6c908 sp=0x0000006ee6ffdbb0
Event: 4.800 Thread 0x000001e75a607b70 DEOPT UNPACKING pc=0x000001e74631a5a3 sp=0x0000006ee6ffdb58 mode 2
Event: 4.893 Thread 0x000001e75a607b70 Uncommon trap: trap_request=0xffffff45 fr.pc=0x000001e746a094d0 relative=0x0000000000000690
Event: 4.893 Thread 0x000001e75a607b70 Uncommon trap: reason=unstable_if action=reinterpret pc=0x000001e746a094d0 method=org.springframework.beans.factory.support.DefaultSingletonBeanRegistry.getSingleton(Ljava/lang/String;Z)Ljava/lang/Object; @ 39 c2
Event: 4.893 Thread 0x000001e75a607b70 DEOPT PACKING pc=0x000001e746a094d0 sp=0x0000006ee6ffde10
Event: 4.893 Thread 0x000001e75a607b70 DEOPT UNPACKING pc=0x000001e74631a5a3 sp=0x0000006ee6ffdd98 mode 2

Classes loaded (20 events):
Event: 4.578 Loading class java/nio/StringCharBuffer
Event: 4.578 Loading class java/nio/StringCharBuffer done
Event: 4.629 Loading class java/nio/charset/UnsupportedCharsetException
Event: 4.629 Loading class java/nio/charset/UnsupportedCharsetException done
Event: 4.665 Loading class java/util/Comparators$NullComparator
Event: 4.665 Loading class java/util/Comparators$NullComparator done
Event: 4.676 Loading class java/util/HashMap$EntrySpliterator
Event: 4.676 Loading class java/util/HashMap$EntrySpliterator done
Event: 4.715 Loading class java/util/EnumMap$EntrySet
Event: 4.715 Loading class java/util/EnumMap$EntrySet done
Event: 4.715 Loading class java/util/EnumMap$EntryIterator
Event: 4.715 Loading class java/util/EnumMap$EnumMapIterator
Event: 4.715 Loading class java/util/EnumMap$EnumMapIterator done
Event: 4.715 Loading class java/util/EnumMap$EntryIterator done
Event: 4.717 Loading class java/lang/reflect/MalformedParametersException
Event: 4.717 Loading class java/lang/reflect/MalformedParametersException done
Event: 4.726 Loading class java/util/concurrent/ConcurrentHashMap$TreeNode
Event: 4.726 Loading class java/util/concurrent/ConcurrentHashMap$TreeNode done
Event: 4.726 Loading class java/util/concurrent/ConcurrentHashMap$TreeBin
Event: 4.726 Loading class java/util/concurrent/ConcurrentHashMap$TreeBin done

Classes unloaded (0 events):
No events

Classes redefined (0 events):
No events

Internal exceptions (20 events):
Event: 3.910 Thread 0x000001e75a607b70 Exception <a 'java/lang/NoSuchMethodError'{0x000000008725cf00}: 'java.lang.Object java.lang.invoke.DirectMethodHandle$Holder.newInvokeSpecial(java.lang.Object, java.lang.Object, java.lang.Object, java.lang.Object, java.lang.Object, java.lang.Object, java.lang.Object, int)'> (0x000000008725cf00) 
thrown [s\open\src\hotspot\share\interpreter\linkResolver.cpp, line 774]
Event: 3.910 Thread 0x000001e75a607b70 Exception <a 'java/lang/NoSuchMethodError'{0x0000000087261f10}: 'java.lang.Object java.lang.invoke.DirectMethodHandle$Holder.invokeSpecial(java.lang.Object, java.lang.Object, java.lang.Object, java.lang.Object, java.lang.Object, java.lang.Object, java.lang.Object, java.lang.Object, int)'> (0x0000000087261f10) 
thrown [s\open\src\hotspot\share\interpreter\linkResolver.cpp, line 774]
Event: 3.925 Thread 0x000001e75a607b70 Exception <a 'java/lang/NoSuchMethodError'{0x0000000087159968}: 'java.lang.Object java.lang.invoke.DirectMethodHandle$Holder.newInvokeSpecial(java.lang.Object, java.lang.Object, int, java.lang.Object, int, java.lang.Object, java.lang.Object)'> (0x0000000087159968) 
thrown [s\open\src\hotspot\share\interpreter\linkResolver.cpp, line 774]
Event: 3.934 Thread 0x000001e75a607b70 Exception <a 'java/lang/NoSuchMethodError'{0x00000000871e9100}: 'void java.lang.invoke.DirectMethodHandle$Holder.invokeInterface(java.lang.Object, java.lang.Object)'> (0x00000000871e9100) 
thrown [s\open\src\hotspot\share\interpreter\linkResolver.cpp, line 774]
Event: 4.043 Thread 0x000001e75a607b70 Exception <a 'java/lang/NoSuchMethodError'{0x0000000089183648}: 'java.lang.Object java.lang.invoke.DirectMethodHandle$Holder.invokeSpecial(java.lang.Object, java.lang.Object, int, java.lang.Object, int)'> (0x0000000089183648) 
thrown [s\open\src\hotspot\share\interpreter\linkResolver.cpp, line 774]
Event: 4.126 Thread 0x000001e75a607b70 Exception <a 'java/lang/NoSuchMethodError'{0x0000000088f11c08}: 'void java.lang.invoke.Invokers$Holder.invokeExact_MT(java.lang.Object, java.lang.Object, java.lang.Object, java.lang.Object)'> (0x0000000088f11c08) 
thrown [s\open\src\hotspot\share\interpreter\linkResolver.cpp, line 774]
Event: 4.150 Thread 0x000001e75a607b70 Implicit null exception at 0x000001e746ad5ecb to 0x000001e746ad60c4
Event: 4.173 Thread 0x000001e75a607b70 Implicit null exception at 0x000001e746a8aae8 to 0x000001e746a8d158
Event: 4.177 Thread 0x000001e75a607b70 Exception <a 'java/lang/IncompatibleClassChangeError'{0x000000008801a358}: Found class java.lang.Object, but interface was expected> (0x000000008801a358) 
thrown [s\open\src\hotspot\share\interpreter\linkResolver.cpp, line 841]
Event: 4.195 Thread 0x000001e75a607b70 Exception <a 'java/lang/IncompatibleClassChangeError'{0x0000000087fbc308}: Found class java.lang.Object, but interface was expected> (0x0000000087fbc308) 
thrown [s\open\src\hotspot\share\interpreter\linkResolver.cpp, line 841]
Event: 4.283 Thread 0x000001e75a607b70 Exception <a 'java/lang/IncompatibleClassChangeError'{0x00000000878c35a8}: Found class java.lang.Object, but interface was expected> (0x00000000878c35a8) 
thrown [s\open\src\hotspot\share\interpreter\linkResolver.cpp, line 841]
Event: 4.390 Thread 0x000001e75a607b70 Exception <a 'java/lang/NoSuchMethodError'{0x0000000088191df0}: 'java.lang.Object java.lang.invoke.DirectMethodHandle$Holder.newInvokeSpecial(java.lang.Object, java.lang.Object, int)'> (0x0000000088191df0) 
thrown [s\open\src\hotspot\share\interpreter\linkResolver.cpp, line 774]
Event: 4.392 Thread 0x000001e75a607b70 Exception <a 'java/lang/NoSuchMethodError'{0x00000000881aef10}: 'java.lang.Object java.lang.invoke.Invokers$Holder.invoke_MT(java.lang.Object, java.lang.Object, java.lang.Object, java.lang.Object, java.lang.Object, java.lang.Object, java.lang.Object, java.lang.Object, java.lang.Object)'> (0x00000000881aef10) 
thrown [s\open\src\hotspot\share\interpreter\linkResolver.cpp, line 774]
Event: 4.394 Thread 0x000001e75a607b70 Exception <a 'java/lang/IncompatibleClassChangeError'{0x00000000881d88a8}: Found class java.lang.Object, but interface was expected> (0x00000000881d88a8) 
thrown [s\open\src\hotspot\share\interpreter\linkResolver.cpp, line 841]
Event: 4.395 Thread 0x000001e75a607b70 Exception <a 'java/lang/IncompatibleClassChangeError'{0x00000000881df1a0}: Found class java.lang.Object, but interface was expected> (0x00000000881df1a0) 
thrown [s\open\src\hotspot\share\interpreter\linkResolver.cpp, line 841]
Event: 4.525 Thread 0x000001e75a607b70 Exception <a 'java/lang/NoSuchMethodError'{0x0000000087b4c420}: 'java.lang.Object java.lang.invoke.DirectMethodHandle$Holder.invokeInterface(java.lang.Object, java.lang.Object, java.lang.Object, java.lang.Object)'> (0x0000000087b4c420) 
thrown [s\open\src\hotspot\share\interpreter\linkResolver.cpp, line 774]
Event: 4.557 Thread 0x000001e75a607b70 Exception <a 'java/lang/NoSuchMethodError'{0x00000000878275b0}: 'java.lang.Object java.lang.invoke.DirectMethodHandle$Holder.newInvokeSpecial(java.lang.Object, java.lang.Object, java.lang.Object, java.lang.Object, java.lang.Object, java.lang.Object, java.lang.Object, java.lang.Object)'> (0x00000000878275b0) 
thrown [s\open\src\hotspot\share\interpreter\linkResolver.cpp, line 774]
Event: 4.582 Thread 0x000001e75a607b70 Implicit null exception at 0x000001e7469574bd to 0x000001e746957586
Event: 4.742 Thread 0x000001e75a607b70 Exception <a 'java/lang/IncompatibleClassChangeError'{0x00000000880f8020}: Found class java.lang.Object, but interface was expected> (0x00000000880f8020) 
thrown [s\open\src\hotspot\share\interpreter\linkResolver.cpp, line 841]
Event: 4.841 Thread 0x000001e75a607b70 Exception <a 'java/lang/NoSuchMethodError'{0x00000000879d68e8}: 'void java.lang.invoke.DirectMethodHandle$Holder.invokeVirtual(java.lang.Object, java.lang.Object, long)'> (0x00000000879d68e8) 
thrown [s\open\src\hotspot\share\interpreter\linkResolver.cpp, line 774]

VM Operations (20 events):
Event: 4.343 Executing VM operation: CollectForMetadataAllocation done
Event: 4.363 Executing VM operation: G1PauseRemark
Event: 4.367 Executing VM operation: G1PauseRemark done
Event: 4.373 Executing VM operation: G1PauseCleanup
Event: 4.373 Executing VM operation: G1PauseCleanup done
Event: 4.476 Executing VM operation: G1CollectForAllocation
Event: 4.479 Executing VM operation: G1CollectForAllocation done
Event: 4.485 Executing VM operation: G1CollectForAllocation
Event: 4.488 Executing VM operation: G1CollectForAllocation done
Event: 4.640 Executing VM operation: G1CollectForAllocation
Event: 4.642 Executing VM operation: G1CollectForAllocation done
Event: 4.655 Executing VM operation: HandshakeAllThreads
Event: 4.655 Executing VM operation: HandshakeAllThreads done
Event: 4.670 Executing VM operation: HandshakeAllThreads
Event: 4.670 Executing VM operation: HandshakeAllThreads done
Event: 4.671 Executing VM operation: HandshakeAllThreads
Event: 4.671 Executing VM operation: HandshakeAllThreads done
Event: 4.856 Executing VM operation: HandshakeAllThreads
Event: 4.856 Executing VM operation: HandshakeAllThreads done
Event: 4.899 Executing VM operation: G1CollectForAllocation

Events (20 events):
Event: 3.104 Thread 0x000001e755443fa0 flushing nmethod 0x000001e73f6a3410
Event: 3.104 Thread 0x000001e755443fa0 flushing nmethod 0x000001e73f6a4590
Event: 3.104 Thread 0x000001e755443fa0 flushing nmethod 0x000001e73f6a4e10
Event: 3.104 Thread 0x000001e755443fa0 flushing nmethod 0x000001e73f6a6590
Event: 3.104 Thread 0x000001e755443fa0 flushing nmethod 0x000001e73f6a7210
Event: 3.104 Thread 0x000001e755443fa0 flushing nmethod 0x000001e73f6a8490
Event: 3.104 Thread 0x000001e755443fa0 flushing nmethod 0x000001e73f6a8d10
Event: 3.104 Thread 0x000001e755443fa0 flushing nmethod 0x000001e73f6aa010
Event: 3.104 Thread 0x000001e755443fa0 flushing nmethod 0x000001e73f6aa410
Event: 3.104 Thread 0x000001e755443fa0 flushing nmethod 0x000001e73f6abe90
Event: 3.104 Thread 0x000001e755443fa0 flushing nmethod 0x000001e73f6b5a90
Event: 3.104 Thread 0x000001e755443fa0 flushing nmethod 0x000001e73f6b6d10
Event: 3.104 Thread 0x000001e755443fa0 flushing nmethod 0x000001e73f6b9410
Event: 3.104 Thread 0x000001e755443fa0 flushing nmethod 0x000001e73f6bcf10
Event: 3.104 Thread 0x000001e755443fa0 flushing nmethod 0x000001e73f6dbb10
Event: 3.104 Thread 0x000001e755443fa0 flushing nmethod 0x000001e73f6dcd90
Event: 3.643 Thread 0x000001e75aece370 Thread exited: 0x000001e75aece370
Event: 3.675 Thread 0x000001e759a7efc0 Thread exited: 0x000001e759a7efc0
Event: 3.753 Thread 0x000001e759a7efc0 Thread added: 0x000001e759a7efc0
Event: 3.765 Thread 0x000001e75adf0c80 Thread added: 0x000001e75adf0c80


Dynamic libraries:
0x00007ff6cd510000 - 0x00007ff6cd520000 	C:\Program Files\Java\jdk-19\bin\java.exe
0x00007ff9872b0000 - 0x00007ff9874a5000 	C:\Windows\SYSTEM32\ntdll.dll
0x00007ff987120000 - 0x00007ff9871de000 	C:\Windows\System32\KERNEL32.DLL
0x00007ff984bd0000 - 0x00007ff984e99000 	C:\Windows\System32\KERNELBASE.dll
0x00007ff984a20000 - 0x00007ff984b20000 	C:\Windows\System32\ucrtbase.dll
0x00007ff96f580000 - 0x00007ff96f598000 	C:\Program Files\Java\jdk-19\bin\jli.dll
0x00007ff96f050000 - 0x00007ff96f06b000 	C:\Program Files\Java\jdk-19\bin\VCRUNTIME140.dll
0x00007ff985950000 - 0x00007ff9859fc000 	C:\Windows\System32\ADVAPI32.dll
0x00007ff986ef0000 - 0x00007ff986f8e000 	C:\Windows\System32\msvcrt.dll
0x00007ff985700000 - 0x00007ff98579b000 	C:\Windows\System32\sechost.dll
0x00007ff985520000 - 0x00007ff98564a000 	C:\Windows\System32\RPCRT4.dll
0x00007ff986230000 - 0x00007ff9863d1000 	C:\Windows\System32\USER32.dll
0x00007ff9852d0000 - 0x00007ff9852f2000 	C:\Windows\System32\win32u.dll
0x00007ff96eaf0000 - 0x00007ff96ed8a000 	C:\Windows\WinSxS\amd64_microsoft.windows.common-controls_6595b64144ccf1df_6.0.19041.1110_none_60b5254171f9507e\COMCTL32.dll
0x00007ff9861f0000 - 0x00007ff98621b000 	C:\Windows\System32\GDI32.dll
0x00007ff984f40000 - 0x00007ff98504b000 	C:\Windows\System32\gdi32full.dll
0x00007ff984ea0000 - 0x00007ff984f3d000 	C:\Windows\System32\msvcp_win.dll
0x00007ff97dd90000 - 0x00007ff97dd9a000 	C:\Windows\SYSTEM32\VERSION.dll
0x00007ff986140000 - 0x00007ff986170000 	C:\Windows\System32\IMM32.DLL
0x00007ff96f030000 - 0x00007ff96f03c000 	C:\Program Files\Java\jdk-19\bin\vcruntime140_1.dll
0x00007ff95d5d0000 - 0x00007ff95d65e000 	C:\Program Files\Java\jdk-19\bin\msvcp140.dll
0x00007ff92dd40000 - 0x00007ff92ea00000 	C:\Program Files\Java\jdk-19\bin\server\jvm.dll
0x00007ff968700000 - 0x00007ff968709000 	C:\Windows\SYSTEM32\WSOCK32.dll
0x00007ff986870000 - 0x00007ff9868db000 	C:\Windows\System32\WS2_32.dll
0x00007ff969060000 - 0x00007ff969087000 	C:\Windows\SYSTEM32\WINMM.dll
0x00007ff983280000 - 0x00007ff983292000 	C:\Windows\SYSTEM32\kernel.appcore.dll
0x00007ff96edb0000 - 0x00007ff96edba000 	C:\Program Files\Java\jdk-19\bin\jimage.dll
0x00007ff9827c0000 - 0x00007ff9829a4000 	C:\Windows\SYSTEM32\DBGHELP.DLL
0x00007ff96a070000 - 0x00007ff96a09c000 	C:\Windows\SYSTEM32\dbgcore.DLL
0x00007ff9850b0000 - 0x00007ff985133000 	C:\Windows\System32\bcryptPrimitives.dll
0x00007ff97edf0000 - 0x00007ff97edfe000 	C:\Program Files\Java\jdk-19\bin\instrument.dll
0x00007ff9642d0000 - 0x00007ff9642f6000 	C:\Program Files\Java\jdk-19\bin\java.dll
0x00007ff936ab0000 - 0x00007ff936b87000 	C:\Program Files\Java\jdk-19\bin\jsvml.dll
0x00007ff985a00000 - 0x00007ff98613f000 	C:\Windows\System32\SHELL32.dll
0x00007ff982ab0000 - 0x00007ff983240000 	C:\Windows\SYSTEM32\windows.storage.dll
0x00007ff9864b0000 - 0x00007ff986805000 	C:\Windows\System32\combase.dll
0x00007ff984420000 - 0x00007ff98444c000 	C:\Windows\SYSTEM32\Wldp.dll
0x00007ff985650000 - 0x00007ff9856fe000 	C:\Windows\System32\SHCORE.dll
0x00007ff987210000 - 0x00007ff987265000 	C:\Windows\System32\shlwapi.dll
0x00007ff984910000 - 0x00007ff98492f000 	C:\Windows\SYSTEM32\profapi.dll
0x00007ff96d2b0000 - 0x00007ff96d2c8000 	C:\Program Files\Java\jdk-19\bin\zip.dll
0x00007ff96e950000 - 0x00007ff96e963000 	C:\Program Files\Java\jdk-19\bin\net.dll
0x00007ff97dc60000 - 0x00007ff97dd68000 	C:\Windows\SYSTEM32\WINHTTP.dll
0x00007ff984110000 - 0x00007ff98417a000 	C:\Windows\system32\mswsock.dll
0x00007ff96e330000 - 0x00007ff96e346000 	C:\Program Files\Java\jdk-19\bin\nio.dll
0x00007ff96eda0000 - 0x00007ff96eda8000 	C:\Program Files\Java\jdk-19\bin\extnet.dll
0x00007ff97eae0000 - 0x00007ff97eaea000 	C:\Program Files\Java\jdk-19\bin\management.dll
0x00007ff97eac0000 - 0x00007ff97eacb000 	C:\Program Files\Java\jdk-19\bin\management_ext.dll
0x00007ff986220000 - 0x00007ff986228000 	C:\Windows\System32\PSAPI.DLL
0x00007ff984370000 - 0x00007ff984388000 	C:\Windows\SYSTEM32\CRYPTSP.dll
0x00007ff983a90000 - 0x00007ff983ac4000 	C:\Windows\system32\rsaenh.dll
0x00007ff985140000 - 0x00007ff985167000 	C:\Windows\System32\bcrypt.dll
0x00007ff9848d0000 - 0x00007ff9848fe000 	C:\Windows\SYSTEM32\USERENV.dll
0x00007ff984390000 - 0x00007ff98439c000 	C:\Windows\SYSTEM32\CRYPTBASE.dll
0x00007ff983e00000 - 0x00007ff983e3b000 	C:\Windows\SYSTEM32\IPHLPAPI.DLL
0x00007ff9871e0000 - 0x00007ff9871e8000 	C:\Windows\System32\NSI.dll
0x00007ff97a6c0000 - 0x00007ff97a6d7000 	C:\Windows\SYSTEM32\dhcpcsvc6.DLL
0x00007ff97a9c0000 - 0x00007ff97a9dd000 	C:\Windows\SYSTEM32\dhcpcsvc.DLL
0x00007ff983e40000 - 0x00007ff983f0c000 	C:\Windows\SYSTEM32\DNSAPI.dll
0x00007ff97e810000 - 0x00007ff97e81e000 	C:\Program Files\Java\jdk-19\bin\sunmscapi.dll
0x00007ff985170000 - 0x00007ff9852c6000 	C:\Windows\System32\CRYPT32.dll
0x00007ff984490000 - 0x00007ff9844b7000 	C:\Windows\SYSTEM32\ncrypt.dll
0x00007ff984450000 - 0x00007ff98448b000 	C:\Windows\SYSTEM32\NTASN1.dll
0x00007ff96e750000 - 0x00007ff96e760000 	C:\Program Files\Java\jdk-19\bin\verify.dll
0x00007ff97db40000 - 0x00007ff97db4a000 	C:\Windows\System32\rasadhlp.dll
0x00007ff96f650000 - 0x00007ff96f6cf000 	C:\Windows\System32\fwpuclnt.dll

dbghelp: loaded successfully - version: 4.0.5 - missing functions: none
symbol engine: initialized successfully - sym options: 0x614 - pdb path: .;C:\Program Files\Java\jdk-19\bin;C:\Windows\SYSTEM32;C:\Windows\WinSxS\amd64_microsoft.windows.common-controls_6595b64144ccf1df_6.0.19041.1110_none_60b5254171f9507e;C:\Program Files\Java\jdk-19\bin\server

VM Arguments:
jvm_args: -javaagent:C:\Users\Жанарбай\AppData\Local\JetBrains\IntelliJ IDEA Community Edition 2022.3.2\lib\idea_rt.jar=60948:C:\Users\Жанарбай\AppData\Local\JetBrains\IntelliJ IDEA Community Edition 2022.3.2\bin -Dfile.encoding=UTF-8 -Dsun.stdout.encoding=UTF-8 -Dsun.stderr.encoding=UTF-8 
java_command: com.example.denSooluk.DenSoolukApplication
java_class_path (initial): C:\Users\Жанарбай\Desktop\frameworks\SPRING\denSooluk\denSooluk\target\classes;C:\Users\Жанарбай\.m2\repository\org\springframework\boot\spring-boot-starter-security\3.1.0\spring-boot-starter-security-3.1.0.jar;C:\Users\Жанарбай\.m2\repository\org\springframework\boot\spring-boot-starter\3.1.0\spring-boot-starter-3.1.0.jar;C:\Users\Жанарбай\.m2\repository\org\springframework\boot\spring-boot-starter-logging\3.1.0\spring-boot-starter-logging-3.1.0.jar;C:\Users\Жанарбай\.m2\repository\ch\qos\logback\logback-classic\1.4.7\logback-classic-1.4.7.jar;C:\Users\Жанарбай\.m2\repository\ch\qos\logback\logback-core\1.4.7\logback-core-1.4.7.jar;C:\Users\Жанарбай\.m2\repository\org\apache\logging\log4j\log4j-to-slf4j\2.20.0\log4j-to-slf4j-2.20.0.jar;C:\Users\Жанарбай\.m2\repository\org\apache\logging\log4j\log4j-api\2.20.0\log4j-api-2.20.0.jar;C:\Users\Жанарбай\.m2\repository\org\slf4j\jul-to-slf4j\2.0.7\jul-to-slf4j-2.0.7.jar;C:\Users\Жанарбай\.m2\repository\jakarta\annotation\jakarta.annotation-api\2.1.1\jakarta.annotation-api-2.1.1.jar;C:\Users\Жанарбай\.m2\repository\org\yaml\snakeyaml\1.33\snakeyaml-1.33.jar;C:\Users\Жанарбай\.m2\repository\org\springframework\spring-aop\6.0.9\spring-aop-6.0.9.jar;C:\Users\Жанарбай\.m2\repository\org\springframework\spring-beans\6.0.9\spring-beans-6.0.9.jar;C:\Users\Жанарбай\.m2\repository\org\springframework\security\spring-security-config\6.1.0\spring-security-config-6.1.0.jar;C:\Users\Жанарбай\.m2\repository\org\springframework\spring-context\6.0.9\spring-context-6.0.9.jar;C:\Users\Жанарбай\.m2\repository\org\springframework\security\spring-security-web\6.1.0\spring-security-web-6.1.0.jar;C:\Users\Жанарбай\.m2\repository\org\springframework\spring-expression\6.0.9\spring-expression-6.0.9.jar;C:\Users\Жанарбай\.m2\repository\org\springframework\boot\spring-boot-devtools\3.1.0\spring-boot-devtools-3.1.0.jar;C:\Users\Жанарбай\.m2\repository\org\springframework\boot\spring-boot\3.1.0\spring-boot-3.1.0.jar;C:\Users\Жанарбай\.m2\repository\org\springframework\boot\spring-boot-autoconfigure\3.1.0\spring-boot-autoconfigure-3.1.0.jar;C:\Users\Жанарбай\.m2\repository\org\springframework\security\spring-security-core\6.1.0\spring-security-core-6.1.0.jar;C:\Users\Жанарбай\.m2\repository\org\springframework\security\spring-security-crypto\6.1.0\spring-security-crypto-6.1.0.jar;C:\Users\Жанарбай\.m2\repository\io\micrometer\micrometer-observation\1.11.0\micrometer-observation-1.11.0.jar;C:\Users\Жанарбай\.m2\repository\io\micrometer\micrometer-commons\1.11.0\micrometer-commons-1.11.0.jar;C:\Users\Жанарбай\.m2\repository\org\springframework\spring-core\6.0.9\spring-core-6.0.9.jar;C:\Users\Жанарбай\.m2\repository\org\springframework\spring-jcl\6.0.9\spring-jcl-6.0.9.jar;C:\Users\Жанарбай\.m2\repository\org\thymeleaf\extras\thymeleaf-extras-springsecurity6\3.1.1.RELEASE\thymeleaf-extras-springsecurity6-3.1.1.RELEASE.jar;C:\Users\Жанарбай\.m2\repository\org\thymeleaf\thymeleaf-spring6\3.1.1.RELEASE\thymeleaf-spring6-3.1.1.RELEASE.jar;C:\Users\Жанарбай\.m2\repository\org\thymeleaf\thymeleaf\3.1.1.RELEASE\thymeleaf-3.1.1.RELEASE.jar;C:\Users\Жанарбай\.m2\repository\org\attoparser\attoparser\2.0.6.RELEASE\attoparser-2.0.6.RELEASE.jar;C:\Users\Жанарбай\.m2\repository\org\unbescape\unbescape\1.1.6.RELEASE\unbescape-1.1.6.RELEASE.jar;C:\Users\Жанарбай\.m2\repository\org\slf4j\slf4j-api\2.0.7\slf4j-api-2.0.7.jar;C:\Users\Жанарбай\.m2\repository\org\springframework\boot\spring-boot-starter-data-jpa\3.1.0\spring-boot-starter-data-jpa-3.1.0.jar;C:\Users\Жанарбай\.m2\repository\org\springframework\boot\spring-boot-starter-aop\3.1.0\spring-boot-starter-aop-3.1.0.jar;C:\Users\Жанарбай\.m2\repository\org\aspectj\aspectjweaver\1.9.19\aspectjweaver-1.9.19.jar;C:\Users\Жанарбай\.m2\repository\org\springframework\boot\spring-boot-starter-jdbc\3.1.0\spring-boot-starter-jdbc-3.1.0.jar;C:\Users\Жанарбай\.m2\repository\com\zaxxer\HikariCP\5.0.1\HikariCP-5.0.1.jar;C:\Users\Жанарбай\.m2\repository\org\springframework\spring-jdbc\6.0.9\spring-jdbc-6.0.9.jar;C:\Users\Жанарбай\.m2\repository\org\hibernate\orm\hibernate-core\6.2.2.Final\hibernate-core-6.2.2.Final.jar;C:\Users\Жанарбай\.m2\repository\jakarta\persistence\jakarta.persistence-api\3.1.0\jakarta.persistence-api-3.1.0.jar;C:\Users\Жанарбай\.m2\repository\jakarta\transaction\jakarta.transaction-api\2.0.1\jakarta.transaction-api-2.0.1.jar;C:\Users\Жанарбай\.m2\repository\org\jboss\logging\jboss-logging\3.5.0.Final\jboss-logging-3.5.0.Final.jar;C:\Users\Жанарбай\.m2\repository\org\hibernate\common\hibernate-commons-annotations\6.0.6.Final\hibernate-commons-annotations-6.0.6.Final.jar;C:\Users\Жанарбай\.m2\repository\io\smallrye\jandex\3.0.5\jandex-3.0.5.jar;C:\Users\Жанарбай\.m2\repository\com\fasterxml\classmate\1.5.1\classmate-1.5.1.jar;C:\Users\Жанарбай\.m2\repository\net\bytebuddy\byte-buddy\1.14.4\byte-buddy-1.14.4.jar;C:\Users\Жанарбай\.m2\repository\org\glassfish\jaxb\jaxb-runtime\4.0.2\jaxb-runtime-4.0.2.jar;C:\Users\Жанарбай\.m2\repository\org\glassfish\jaxb\jaxb-core\4.0.2\jaxb-core-4.0.2.jar;C:\Users\Жанарбай\.m2\repository\org\glassfish\jaxb\txw2\4.0.2\txw2-4.0.2.jar;C:\Users\Жанарбай\.m2\repository\com\sun\istack\istack-commons-runtime\4.1.1\istack-commons-runtime-4.1.1.jar;C:\Users\Жанарбай\.m2\repository\jakarta\inject\jakarta.inject-api\2.0.1\jakarta.inject-api-2.0.1.jar;C:\Users\Жанарбай\.m2\repository\org\antlr\antlr4-runtime\4.10.1\antlr4-runtime-4.10.1.jar;C:\Users\Жанарбай\.m2\repository\org\springframework\data\spring-data-jpa\3.1.0\spring-data-jpa-3.1.0.jar;C:\Users\Жанарбай\.m2\repository\org\springframework\data\spring-data-commons\3.1.0\spring-data-commons-3.1.0.jar;C:\Users\Жанарбай\.m2\repository\org\springframework\spring-orm\6.0.9\spring-orm-6.0.9.jar;C:\Users\Жанарбай\.m2\repository\org\springframework\spring-tx\6.0.9\spring-tx-6.0.9.jar;C:\Users\Жанарбай\.m2\repository\org\springframework\spring-aspects\6.0.9\spring-aspects-6.0.9.jar;C:\Users\Жанарбай\.m2\repository\org\springframework\boot\spring-boot-starter-thymeleaf\3.1.0\spring-boot-starter-thymeleaf-3.1.0.jar;C:\Users\Жанарбай\.m2\repository\org\springframework\boot\spring-boot-starter-mail\3.1.0\spring-boot-starter-mail-3.1.0.jar;C:\Users\Жанарбай\.m2\repository\org\springframework\spring-context-support\6.0.9\spring-context-support-6.0.9.jar;C:\Users\Жанарбай\.m2\repository\org\eclipse\angus\jakarta.mail\1.1.0\jakarta.mail-1.1.0.jar;C:\Users\Жанарбай\.m2\repository\jakarta\activation\jakarta.activation-api\2.1.2\jakarta.activation-api-2.1.2.jar;C:\Users\Жанарбай\.m2\repository\org\eclipse\angus\angus-activation\2.0.0\angus-activation-2.0.0.jar;C:\Users\Жанарбай\.m2\repository\org\springframework\boot\spring-boot-starter-web\3.1.0\spring-boot-starter-web-3.1.0.jar;C:\Users\Жанарбай\.m2\repository\org\springframework\boot\spring-boot-starter-json\3.1.0\spring-boot-starter-json-3.1.0.jar;C:\Users\Жанарбай\.m2\repository\com\fasterxml\jackson\core\jackson-databind\2.15.0\jackson-databind-2.15.0.jar;C:\Users\Жанарбай\.m2\repository\com\fasterxml\jackson\core\jackson-annotations\2.15.0\jackson-annotations-2.15.0.jar;C:\Users\Жанарбай\.m2\repository\com\fasterxml\jackson\core\jackson-core\2.15.0\jackson-core-2.15.0.jar;C:\Users\Жанарбай\.m2\repository\com\fasterxml\jackson\datatype\jackson-datatype-jdk8\2.15.0\jackson-datatype-jdk8-2.15.0.jar;C:\Users\Жанарбай\.m2\repository\com\fasterxml\jackson\datatype\jackson-datatype-jsr310\2.15.0\jackson-datatype-jsr310-2.15.0.jar;C:\Users\Жанарбай\.m2\repository\com\fasterxml\jackson\module\jackson-module-parameter-names\2.15.0\jackson-module-parameter-names-2.15.0.jar;C:\Users\Жанарбай\.m2\repository\org\springframework\boot\spring-boot-starter-tomcat\3.1.0\spring-boot-starter-tomcat-3.1.0.jar;C:\Users\Жанарбай\.m2\repository\org\apache\tomcat\embed\tomcat-embed-core\10.1.8\tomcat-embed-core-10.1.8.jar;C:\Users\Жанарбай\.m2\repository\org\apache\tomcat\embed\tomcat-embed-websocket\10.1.8\tomcat-embed-websocket-10.1.8.jar;C:\Users\Жанарбай\.m2\repository\org\springframework\spring-web\6.0.9\spring-web-6.0.9.jar;C:\Users\Жанарбай\.m2\repository\org\springframework\spring-webmvc\6.0.9\spring-webmvc-6.0.9.jar;C:\Users\Жанарбай\.m2\repository\org\postgresql\postgresql\42.6.0\postgresql-42.6.0.jar;C:\Users\Жанарбай\.m2\repository\org\checkerframework\checker-qual\3.31.0\checker-qual-3.31.0.jar;C:\Users\Жанарбай\.m2\repository\org\projectlombok\lombok\1.18.26\lombok-1.18.26.jar;C:\Users\Жанарбай\.m2\repository\jakarta\xml\bind\jakarta.xml.bind-api\4.0.0\jakarta.xml.bind-api-4.0.0.jar;C:\Users\Жанарбай\.m2\repository\org\springframework\boot\spring-boot-starter-validation\3.1.0\spring-boot-starter-validation-3.1.0.jar;C:\Users\Жанарбай\.m2\repository\org\apache\tomcat\embed\tomcat-embed-el\10.1.8\tomcat-embed-el-10.1.8.jar;C:\Users\Жанарбай\.m2\repository\org\hibernate\validator\hibernate-validator\8.0.0.Final\hibernate-validator-8.0.0.Final.jar;C:\Users\Жанарбай\.m2\repository\jakarta\validation\jakarta.validation-api\3.0.2\jakarta.validation-api-3.0.2.jar
Launcher Type: SUN_STANDARD

[Global flags]
     intx CICompilerCount                          = 4                                         {product} {ergonomic}
     uint ConcGCThreads                            = 2                                         {product} {ergonomic}
     uint G1ConcRefinementThreads                  = 8                                         {product} {ergonomic}
   size_t G1HeapRegionSize                         = 1048576                                   {product} {ergonomic}
    uintx GCDrainStackTargetSize                   = 64                                        {product} {ergonomic}
   size_t InitialHeapSize                          = 130023424                                 {product} {ergonomic}
   size_t MarkStackSize                            = 4194304                                   {product} {ergonomic}
   size_t MaxHeapSize                              = 2067791872                                {product} {ergonomic}
   size_t MaxNewSize                               = 1240465408                                {product} {ergonomic}
   size_t MinHeapDeltaBytes                        = 1048576                                   {product} {ergonomic}
   size_t MinHeapSize                              = 8388608                                   {product} {ergonomic}
    uintx NonNMethodCodeHeapSize                   = 5839372                                {pd product} {ergonomic}
    uintx NonProfiledCodeHeapSize                  = 122909434                              {pd product} {ergonomic}
    uintx ProfiledCodeHeapSize                     = 122909434                              {pd product} {ergonomic}
    uintx ReservedCodeCacheSize                    = 251658240                              {pd product} {ergonomic}
     bool SegmentedCodeCache                       = true                                      {product} {ergonomic}
   size_t SoftMaxHeapSize                          = 2067791872                             {manageable} {ergonomic}
     bool UseCompressedClassPointers               = true                           {product lp64_product} {ergonomic}
     bool UseCompressedOops                        = true                           {product lp64_product} {ergonomic}
     bool UseG1GC                                  = true                                      {product} {ergonomic}
     bool UseLargePagesIndividualAllocation        = false                                  {pd product} {ergonomic}

Logging:
Log output configuration:
 #0: stdout all=warning uptime,level,tags foldmultilines=false
 #1: stderr all=off uptime,level,tags foldmultilines=false

Environment Variables:
JAVA_HOME=C:\Program Files\Java\jdk-19
PATH=C:\Program Files\Common Files\Oracle\Java\javapath;C:\Windows\system32;C:\Windows;C:\Windows\System32\Wbem;C:\Windows\System32\WindowsPowerShell\v1.0\;C:\Program Files\Git\cmd;C:\Program Files\Java\jdk-19\bin;C:\Program Files\nodejs\;C:\Program Files\MySQL\MySQL Shell 8.0\bin\;C:\Users\Жанарбай\AppData\Local\Microsoft\WindowsApps;C:\Users\Жанарбай\AppData\Local\Programs\Microsoft VS Code\bin;C:\Program Files\JetBrains\PyCharm Community Edition 2022.2.3\bin;;C:\Users\Жанарбай\AppData\Local\GitHubDesktop\bin;C:\Users\Жанарбай\AppData\Roaming\npm;C:\Program Files\JetBrains\IntelliJ IDEA 2023.1.1\bin;
USERNAME=Жанарбай
OS=Windows_NT
PROCESSOR_IDENTIFIER=Intel64 Family 6 Model 140 Stepping 1, GenuineIntel
TMP=C:\Users\46FB~1\AppData\Local\Temp
TEMP=C:\Users\46FB~1\AppData\Local\Temp



---------------  S Y S T E M  ---------------

OS:
 Windows 10 , 64 bit Build 19041 (10.0.19041.1202)
OS uptime: 0 days 2:50 hours

CPU: total 8 (initial active 8) (4 cores per cpu, 2 threads per core) family 6 model 140 stepping 1 microcode 0xa4, cx8, cmov, fxsr, ht, mmx, 3dnowpref, sse, sse2, sse3, ssse3, sse4.1, sse4.2, popcnt, lzcnt, tsc, tscinvbit, avx, avx2, aes, erms, clmul, bmi1, bmi2, adx, avx512f, avx512dq, avx512cd, avx512bw, avx512vl, sha, fma, vzeroupper, avx512_vpopcntdq, avx512_vpclmulqdq, avx512_vaes, avx512_vnni, clflush, clflushopt, clwb, avx512_vbmi2, avx512_vbmi, rdtscp, rdpid, fsrm, gfni, avx512_bitalg

Memory: 4k page, system-wide physical 7883M (701M free)
TotalPageFile size 7883M (AvailPageFile size 45M)
current process WorkingSet (physical memory assigned to process): 276M, peak: 279M
current process commit charge ("private bytes"): 327M, peak: 379M

vm_info: Java HotSpot(TM) 64-Bit Server VM (19.0.2+7-44) for windows-amd64 JRE (19.0.2+7-44), built on 2022-11-30T18:02:09Z by "mach5one" with MS VC++ 17.1 (VS2022)

END.
